DEBUG 2018-09-20 16:09:15,910  5370ms Login                  Page_Load          - IPADRESS 3 : ::1
DEBUG 2018-09-20 16:09:51,405 40865ms Login                  Page_Load          - IPADRESS 3 : ::1
ERROR 2018-09-20 16:09:52,866 42326ms Login                  CheckAfterAccept   - Error occurred in CheckAfterAccept Exception is :Thread was being aborted.
ERROR 2018-09-20 16:09:53,112 42572ms Login                  LogIn              - Error occurred in LogIn Exception is :Thread was being aborted.
ERROR 2018-09-20 16:12:07,141 176601ms Vehicle                CreateAfterData    - Error Occurred while CreateAfterData. Error is Object reference not set to an instance of an object..
DEBUG 2018-09-20 16:16:03,804  4579ms Login                  Page_Load          - IPADRESS 3 : ::1
DEBUG 2018-09-20 16:16:06,729  7504ms Login                  Page_Load          - IPADRESS 3 : ::1
ERROR 2018-09-20 16:16:07,947  8722ms Login                  CheckAfterAccept   - Error occurred in CheckAfterAccept Exception is :Thread was being aborted.
ERROR 2018-09-20 16:16:08,179  8954ms Login                  LogIn              - Error occurred in LogIn Exception is :Thread was being aborted.
ERROR 2018-09-20 16:16:33,979 34753ms Vehicle                CreateAfterData    - Error Occurred while CreateAfterData. Error is Object reference not set to an instance of an object..
DEBUG 2018-09-20 16:18:16,048 136822ms Login                  Page_Load          - IPADRESS 3 : ::1
DEBUG 2018-09-20 16:18:20,644 141419ms Login                  Page_Load          - IPADRESS 3 : ::1
ERROR 2018-09-20 16:18:21,674 142449ms Login                  CheckAfterAccept   - Error occurred in CheckAfterAccept Exception is :Thread was being aborted.
ERROR 2018-09-20 16:18:21,910 142685ms Login                  LogIn              - Error occurred in LogIn Exception is :Thread was being aborted.
ERROR 2018-09-20 16:18:38,255 159030ms Vehicle                CreateAfterData    - Error Occurred while CreateAfterData. Error is Object reference not set to an instance of an object..
ERROR 2018-09-20 16:18:51,137 171911ms Vehicle                CreateAfterData    - Error Occurred while CreateAfterData. Error is Object reference not set to an instance of an object..
DEBUG 2018-09-20 19:59:19,435  5325ms Login                  Page_Load          - IPADRESS 3 : ::1
DEBUG 2018-09-20 20:03:18,128 244017ms Login                  Page_Load          - IPADRESS 3 : ::1
ERROR 2018-09-20 20:03:19,587 245477ms Login                  CheckAfterAccept   - Error occurred in CheckAfterAccept Exception is :Thread was being aborted.
ERROR 2018-09-20 20:03:19,865 245755ms Login                  LogIn              - Error occurred in LogIn Exception is :Thread was being aborted.
DEBUG 2018-09-21 18:00:33,041  4491ms Login                  Page_Load          - IPADRESS 3 : ::1
DEBUG 2018-09-25 15:33:59,223  6100ms Login                  Page_Load          - IPADRESS 3 : ::1
DEBUG 2018-09-25 15:36:17,037 143914ms Login                  Page_Load          - IPADRESS 3 : ::1
DEBUG 2018-09-25 15:36:39,318 166195ms Login                  Page_Load          - IPADRESS 3 : ::1
ERROR 2018-09-25 15:36:41,110 167987ms Login                  CheckAfterAccept   - Error occurred in CheckAfterAccept Exception is :Thread was being aborted.
ERROR 2018-09-25 15:36:41,125 168002ms Login                  LogIn              - Error occurred in LogIn Exception is :Thread was being aborted.
ERROR 2018-09-25 15:37:18,243 205120ms Vehicle                CreateAfterData    - Error Occurred while CreateAfterData. Error is Object reference not set to an instance of an object..
ERROR 2018-09-25 15:38:01,283 248160ms Vehicle                CreateAfterData    - Error Occurred while CreateAfterData. Error is Object reference not set to an instance of an object..
ERROR 2018-09-25 15:38:27,303 274181ms Vehicle                CreateAfterData    - Error Occurred while CreateAfterData. Error is Object reference not set to an instance of an object..
ERROR 2018-09-25 15:38:51,004 297881ms Vehicle                CreateAfterData    - Error Occurred while CreateAfterData. Error is Object reference not set to an instance of an object..
ERROR 2018-09-25 15:39:46,474 353351ms Vehicle                CreateAfterData    - Error Occurred while CreateAfterData. Error is Object reference not set to an instance of an object..
ERROR 2018-09-25 15:40:52,253 419130ms Vehicle                CreateAfterData    - Error Occurred while CreateAfterData. Error is Object reference not set to an instance of an object..
ERROR 2018-09-25 15:41:45,131 472009ms Vehicle                CreateAfterData    - Error Occurred while CreateAfterData. Error is Object reference not set to an instance of an object..
ERROR 2018-09-25 15:42:34,459 521337ms Vehicle                CreateAfterData    - Error Occurred while CreateAfterData. Error is Object reference not set to an instance of an object..
ERROR 2018-09-25 15:42:53,618 540495ms FSVMFirmwareUpgrades   OnRowDataBound     - Error occurred in OnRowDataBound Exception is :A column named 'VehicleName' already belongs to this DataTable.
ERROR 2018-09-25 15:43:26,259 573136ms FSVMFirmwareUpgrades   OnRowDataBound     - Error occurred in OnRowDataBound Exception is :A column named 'VehicleName' already belongs to this DataTable.
ERROR 2018-09-25 15:44:19,406 626284ms FSVMFirmwareUpgrades   OnRowDataBound     - Error occurred in OnRowDataBound Exception is :A column named 'VehicleName' already belongs to this DataTable.
ERROR 2018-09-25 15:44:49,692 656569ms FSVMFirmwareUpgrades   btnSave_Click      - Error occurred in btnSave_Click Exception is :Thread was being aborted.
DEBUG 2018-09-26 17:13:35,818 91802ms Login                  Page_Load          - IPADRESS 3 : ::1
DEBUG 2018-09-26 17:13:36,833 92818ms Login                  Page_Load          - IPADRESS 3 : ::1
DEBUG 2018-09-26 17:13:41,559 97543ms Login                  Page_Load          - IPADRESS 3 : ::1
DEBUG 2018-09-26 17:15:01,887 177871ms Login                  Page_Load          - IPADRESS 3 : ::1
ERROR 2018-09-26 17:15:24,839 200823ms Login                  CheckAfterAccept   - Error occurred in CheckAfterAccept Exception is :Thread was being aborted.
ERROR 2018-09-26 17:15:26,067 202051ms Login                  LogIn              - Error occurred in LogIn Exception is :Thread was being aborted.
DEBUG 2018-09-26 17:15:28,000 203984ms Login                  Page_Load          - IPADRESS 3 : ::1
ERROR 2018-09-26 17:15:33,455 209439ms Login                  CheckAfterAccept   - Error occurred in CheckAfterAccept Exception is :Thread was being aborted.
ERROR 2018-09-26 17:15:33,884 209868ms Login                  LogIn              - Error occurred in LogIn Exception is :Thread was being aborted.
DEBUG 2018-09-26 17:15:35,342 211327ms Login                  Page_Load          - IPADRESS 3 : ::1
ERROR 2018-09-26 17:15:40,724 216708ms Login                  CheckAfterAccept   - Error occurred in CheckAfterAccept Exception is :Thread was being aborted.
ERROR 2018-09-26 17:15:41,232 217216ms Login                  LogIn              - Error occurred in LogIn Exception is :Thread was being aborted.
ERROR 2018-09-26 17:20:54,007 529992ms FSVMFirmwareUpgrades   Page_Load          - Error occurred in Page_Load Exception is :Column 'FSVMFileType' does not belong to table Table.
ERROR 2018-09-26 17:28:30,514 986498ms FSVMFirmwareUpgrades   Page_Load          - Error occurred in Page_Load Exception is :Column 'FSVMFileType' does not belong to table Table.
ERROR 2018-09-26 17:28:52,261 1008245ms FSVMFirmwareUpgrades   CreateData         - Error Occurred while CreateData. Error is Column 'FSVMFileType' does not belong to table Table..
ERROR 2018-09-26 17:30:50,890 1126874ms FSVMFirmwareUpgrades   CreateData         - Error Occurred while CreateData. Error is Column 'FSVMFileType' does not belong to table Table..
ERROR 2018-09-26 17:39:49,139 1665123ms FSVMFirmwareUpgrades   CreateData         - Error Occurred while CreateData. Error is Column 'FSVMFileType' does not belong to table Table..
ERROR 2018-09-26 17:39:49,623 1665607ms FSVMFirmwareUpgrades   btnSave_Click      - Error occurred in btnSave_Click Exception is :Thread was being aborted.
ERROR 2018-09-26 17:40:09,565 1685549ms FSVMFirmwareUpgrades   CreateData         - Error Occurred while CreateData. Error is Column 'FSVMFileType' does not belong to table Table..
DEBUG 2018-09-27 15:15:49,168  4767ms Login                  Page_Load          - IPADRESS 3 : ::1
DEBUG 2018-09-27 15:16:05,747 21346ms Login                  Page_Load          - IPADRESS 3 : ::1
ERROR 2018-09-27 15:16:07,111 22710ms Login                  CheckAfterAccept   - Error occurred in CheckAfterAccept Exception is :Thread was being aborted.
ERROR 2018-09-27 15:16:07,127 22726ms Login                  LogIn              - Error occurred in LogIn Exception is :Thread was being aborted.
DEBUG 2018-09-27 15:21:56,820  4912ms Login                  Page_Load          - IPADRESS 3 : ::1
DEBUG 2018-09-27 15:22:41,348 49440ms Login                  Page_Load          - IPADRESS 3 : ::1
ERROR 2018-09-27 15:22:43,552 51643ms Login                  CheckAfterAccept   - Error occurred in CheckAfterAccept Exception is :Thread was being aborted.
ERROR 2018-09-27 15:22:43,567 51659ms Login                  LogIn              - Error occurred in LogIn Exception is :Thread was being aborted.
DEBUG 2018-09-27 16:16:18,439  6962ms Login                  Page_Load          - IPADRESS 3 : ::1
DEBUG 2018-09-27 16:16:23,087 11611ms Login                  Page_Load          - IPADRESS 3 : ::1
ERROR 2018-09-27 16:16:24,207 12731ms Login                  CheckAfterAccept   - Error occurred in CheckAfterAccept Exception is :Thread was being aborted.
ERROR 2018-09-27 16:16:24,223 12746ms Login                  LogIn              - Error occurred in LogIn Exception is :Thread was being aborted.
ERROR 2018-09-27 16:18:33,964 142488ms MasterBAL              heckAlreadyDeleted - Error occurred in SaveUpdateCustomizedExportTemplates Exception is :A transport-level error has occurred when receiving results from the server. (provider: Session Provider, error: 19 - Physical connection is not usable)
ERROR 2018-09-27 16:28:49,548 758071ms AllPersonnel           endAuthorizedEmail - Error Occurred while sending Authorized email to user. Error is Server does not support secure connections.. Details are email:u89@FluidSecureHub.com
ERROR 2018-09-27 16:29:06,468 774991ms ResetPassword1         btnCancel_Click    - Error occurred in btnCancel_Click Exception is :Thread was being aborted.
DEBUG 2018-09-27 16:29:17,130 785653ms Login                  Page_Load          - IPADRESS 3 : ::1
DEBUG 2018-09-27 16:29:27,008 795531ms Login                  Page_Load          - IPADRESS 3 : ::1
ERROR 2018-09-27 16:29:29,942 798466ms Login                  CheckAfterAccept   - Error occurred in CheckAfterAccept Exception is :Thread was being aborted.
ERROR 2018-09-27 16:29:29,958 798481ms Login                  LogIn              - Error occurred in LogIn Exception is :Thread was being aborted.
DEBUG 2018-09-27 16:30:02,177 830700ms Login                  Page_Load          - IPADRESS 3 : ::1
DEBUG 2018-09-27 16:30:05,523 834046ms Login                  Page_Load          - IPADRESS 3 : ::1
ERROR 2018-09-27 16:30:07,746 836269ms Login                  CheckAfterAccept   - Error occurred in CheckAfterAccept Exception is :Thread was being aborted.
ERROR 2018-09-27 16:30:07,746 836269ms Login                  LogIn              - Error occurred in LogIn Exception is :Thread was being aborted.
DEBUG 2018-09-27 19:27:14,670  4553ms Login                  Page_Load          - IPADRESS 3 : ::1
DEBUG 2018-09-27 19:27:42,111 31993ms Login                  Page_Load          - IPADRESS 3 : ::1
ERROR 2018-09-27 19:27:43,102 32984ms Login                  CheckAfterAccept   - Error occurred in CheckAfterAccept Exception is :Thread was being aborted.
ERROR 2018-09-27 19:27:43,106 32988ms Login                  LogIn              - Error occurred in LogIn Exception is :Thread was being aborted.
DEBUG 2018-09-27 19:54:46,616  4096ms Login                  Page_Load          - IPADRESS 3 : ::1
DEBUG 2018-09-27 19:54:50,341  7821ms Login                  Page_Load          - IPADRESS 3 : ::1
ERROR 2018-09-27 19:54:51,947  9426ms Login                  CheckAfterAccept   - Error occurred in CheckAfterAccept Exception is :Thread was being aborted.
ERROR 2018-09-27 19:54:51,959  9438ms Login                  LogIn              - Error occurred in LogIn Exception is :Thread was being aborted.
ERROR 2018-09-27 19:55:04,617 22097ms Global_asax            Application_Error  - Unhandled exception occured. Exception is : D:\Rahul\FluidSECURE_Test\FluidSECURE\Master\SpecializedExport.aspx(95): error BC30456: 'DDL_Customer_SelectedIndexChanged' is not a member of 'ASP.master_specializedexport_aspx'.
DEBUG 2018-09-27 19:55:07,179 24658ms Login                  Page_Load          - IPADRESS 3 : ::1
DEBUG 2018-09-27 19:55:22,198 39677ms Login                  Page_Load          - IPADRESS 3 : ::1
ERROR 2018-09-27 19:55:22,756 40236ms Login                  CheckAfterAccept   - Error occurred in CheckAfterAccept Exception is :Thread was being aborted.
ERROR 2018-09-27 19:55:22,779 40259ms Login                  LogIn              - Error occurred in LogIn Exception is :Thread was being aborted.
ERROR 2018-09-27 19:55:28,393 45872ms Global_asax            Application_Error  - Unhandled exception occured. Exception is : D:\Rahul\FluidSECURE_Test\FluidSECURE\Master\SpecializedExport.aspx(95): error BC30456: 'DDL_Customer_SelectedIndexChanged' is not a member of 'ASP.master_specializedexport_aspx'.
DEBUG 2018-09-27 19:55:30,160 47640ms Login                  Page_Load          - IPADRESS 3 : ::1
DEBUG 2018-09-27 19:55:51,728 69207ms Login                  Page_Load          - IPADRESS 3 : ::1
ERROR 2018-09-27 19:55:52,365 69845ms Login                  CheckAfterAccept   - Error occurred in CheckAfterAccept Exception is :Thread was being aborted.
ERROR 2018-09-27 19:55:52,374 69854ms Login                  LogIn              - Error occurred in LogIn Exception is :Thread was being aborted.
ERROR 2018-09-27 19:56:00,680 78159ms Global_asax            Application_Error  - Unhandled exception occured. Exception is : D:\Rahul\FluidSECURE_Test\FluidSECURE\Master\SpecializedExport.aspx(95): error BC30456: 'DDL_Customer_SelectedIndexChanged' is not a member of 'ASP.master_specializedexport_aspx'.
DEBUG 2018-09-27 19:56:02,369 79848ms Login                  Page_Load          - IPADRESS 3 : ::1
DEBUG 2018-09-27 19:56:06,926 84406ms Login                  Page_Load          - IPADRESS 3 : ::1
ERROR 2018-09-27 19:56:07,614 85094ms Login                  CheckAfterAccept   - Error occurred in CheckAfterAccept Exception is :Thread was being aborted.
ERROR 2018-09-27 19:56:07,624 85103ms Login                  LogIn              - Error occurred in LogIn Exception is :Thread was being aborted.
ERROR 2018-09-27 19:56:13,857 91336ms Global_asax            Application_Error  - Unhandled exception occured. Exception is : D:\Rahul\FluidSECURE_Test\FluidSECURE\Master\SpecializedExport.aspx(95): error BC30456: 'DDL_Customer_SelectedIndexChanged' is not a member of 'ASP.master_specializedexport_aspx'.
DEBUG 2018-09-27 19:56:56,227 133707ms Login                  Page_Load          - IPADRESS 3 : ::1
DEBUG 2018-09-27 19:56:57,699 135179ms Login                  Page_Load          - IPADRESS 3 : ::1
ERROR 2018-09-27 19:56:59,318 136797ms Login                  CheckAfterAccept   - Error occurred in CheckAfterAccept Exception is :Thread was being aborted.
ERROR 2018-09-27 19:56:59,328 136807ms Login                  LogIn              - Error occurred in LogIn Exception is :Thread was being aborted.
DEBUG 2018-09-27 19:57:00,032 137512ms Login                  Page_Load          - IPADRESS 3 : ::1
ERROR 2018-09-27 19:57:00,631 138110ms Login                  CheckAfterAccept   - Error occurred in CheckAfterAccept Exception is :Thread was being aborted.
ERROR 2018-09-27 19:57:00,640 138119ms Login                  LogIn              - Error occurred in LogIn Exception is :Thread was being aborted.
ERROR 2018-09-27 19:58:50,954 248434ms Global_asax            Application_Error  - Unhandled exception occured. Exception is : D:\Rahul\FluidSECURE_Test\FluidSECURE\Master\SpecializedExport.aspx(95): error BC30456: 'DDL_Customer_SelectedIndexChanged' is not a member of 'ASP.master_specializedexport_aspx'.
DEBUG 2018-09-27 19:59:43,531  4405ms Login                  Page_Load          - IPADRESS 3 : ::1
DEBUG 2018-09-27 19:59:49,802 10677ms Login                  Page_Load          - IPADRESS 3 : ::1
ERROR 2018-09-27 19:59:51,652 12526ms Login                  CheckAfterAccept   - Error occurred in CheckAfterAccept Exception is :Thread was being aborted.
ERROR 2018-09-27 19:59:51,664 12538ms Login                  LogIn              - Error occurred in LogIn Exception is :Thread was being aborted.
ERROR 2018-09-27 20:00:11,761 32635ms Global_asax            Application_Error  - Exception occured in  Application_Error. Exception is : Operator '&' is not defined for string "Unhandled exception occured. Exc" and type 'InvalidOperationException'.
DEBUG 2018-09-27 20:00:20,981 41856ms Login                  Page_Load          - IPADRESS 3 : ::1
DEBUG 2018-09-27 20:00:22,177 43051ms Login                  Page_Load          - IPADRESS 3 : ::1
ERROR 2018-09-27 20:00:22,828 43702ms Login                  CheckAfterAccept   - Error occurred in CheckAfterAccept Exception is :Thread was being aborted.
ERROR 2018-09-27 20:00:22,847 43721ms Login                  LogIn              - Error occurred in LogIn Exception is :Thread was being aborted.
DEBUG 2018-09-27 20:01:54,874  3803ms Login                  Page_Load          - IPADRESS 3 : ::1
DEBUG 2018-09-27 20:02:00,283  9211ms Login                  Page_Load          - IPADRESS 3 : ::1
ERROR 2018-09-27 20:02:01,760 10688ms Login                  CheckAfterAccept   - Error occurred in CheckAfterAccept Exception is :Thread was being aborted.
ERROR 2018-09-27 20:02:01,770 10698ms Login                  LogIn              - Error occurred in LogIn Exception is :Thread was being aborted.
DEBUG 2018-09-27 20:02:02,062 10990ms Login                  Page_Load          - IPADRESS 3 : ::1
ERROR 2018-09-27 20:02:02,585 11513ms Login                  CheckAfterAccept   - Error occurred in CheckAfterAccept Exception is :Thread was being aborted.
ERROR 2018-09-27 20:02:02,596 11524ms Login                  LogIn              - Error occurred in LogIn Exception is :Thread was being aborted.
ERROR 2018-09-27 20:03:24,496 93425ms SpecializedExport      Transactions_Click - Error occurred in btnExportTransactions_Click Exception is :Thread was being aborted.
ERROR 2018-09-27 20:03:29,953 98881ms SpecializedExport      Transactions_Click - Error occurred in btnExportTransactions_Click Exception is :Thread was being aborted.
ERROR 2018-09-27 20:05:39,344 228272ms SpecializedExport      Transactions_Click - Error occurred in btnExportTransactions_Click Exception is :Thread was being aborted.
ERROR 2018-09-27 20:08:31,273 400201ms SpecializedExport      Transactions_Click - Error occurred in btnExportTransactions_Click Exception is :Thread was being aborted.
ERROR 2018-09-27 20:09:23,322 452250ms SpecializedExport      Transactions_Click - Error occurred in btnExportTransactions_Click Exception is :Thread was being aborted.
DEBUG 2018-09-27 20:13:11,931 680859ms Login                  Page_Load          - IPADRESS 3 : ::1
DEBUG 2018-09-27 20:13:17,203 686131ms Login                  Page_Load          - IPADRESS 3 : ::1
DEBUG 2018-09-27 20:13:26,422 695350ms Login                  Page_Load          - IPADRESS 3 : ::1
ERROR 2018-09-27 20:13:26,941 695869ms Login                  CheckAfterAccept   - Error occurred in CheckAfterAccept Exception is :Thread was being aborted.
ERROR 2018-09-27 20:13:26,956 695884ms Login                  LogIn              - Error occurred in LogIn Exception is :Thread was being aborted.
ERROR 2018-09-27 20:13:50,406 719334ms Global_asax            Application_Error  - Exception occured in  Application_Error. Exception is : Operator '&' is not defined for string "Unhandled exception occured. Exc" and type 'FormatException'.
DEBUG 2018-09-27 20:13:51,925 720853ms Login                  Page_Load          - IPADRESS 3 : ::1
DEBUG 2018-09-27 20:13:53,136 722064ms Login                  Page_Load          - IPADRESS 3 : ::1
ERROR 2018-09-27 20:13:53,709 722637ms Login                  CheckAfterAccept   - Error occurred in CheckAfterAccept Exception is :Thread was being aborted.
ERROR 2018-09-27 20:13:53,718 722646ms Login                  LogIn              - Error occurred in LogIn Exception is :Thread was being aborted.
DEBUG 2018-09-27 20:13:59,472 728401ms Login                  Page_Load          - IPADRESS 3 : ::1
DEBUG 2018-09-27 20:14:47,212 776140ms Login                  Page_Load          - IPADRESS 3 : ::1
DEBUG 2018-09-27 20:14:52,883 781811ms Login                  Page_Load          - IPADRESS 3 : ::1
ERROR 2018-09-27 20:14:53,445 782373ms Login                  CheckAfterAccept   - Error occurred in CheckAfterAccept Exception is :Thread was being aborted.
ERROR 2018-09-27 20:14:53,455 782383ms Login                  LogIn              - Error occurred in LogIn Exception is :Thread was being aborted.
DEBUG 2018-09-27 20:15:58,777 847705ms Login                  Page_Load          - IPADRESS 3 : ::1
DEBUG 2018-09-27 20:16:00,029 848957ms Login                  Page_Load          - IPADRESS 3 : ::1
ERROR 2018-09-27 20:16:00,585 849513ms Login                  CheckAfterAccept   - Error occurred in CheckAfterAccept Exception is :Thread was being aborted.
ERROR 2018-09-27 20:16:00,604 849532ms Login                  LogIn              - Error occurred in LogIn Exception is :Thread was being aborted.
ERROR 2018-09-27 20:17:45,346 954274ms SpecializedExport      Transactions_Click - Error occurred in btnExportTransactions_Click Exception is :Thread was being aborted.
DEBUG 2018-09-28 15:37:20,701  3959ms Login                  Page_Load          - IPADRESS 3 : ::1
DEBUG 2018-09-28 15:49:25,185 728443ms Login                  Page_Load          - IPADRESS 3 : ::1
ERROR 2018-09-28 15:49:29,206 732464ms Login                  CheckAfterAccept   - Error occurred in CheckAfterAccept Exception is :Thread was being aborted.
ERROR 2018-09-28 15:49:29,206 732464ms Login                  LogIn              - Error occurred in LogIn Exception is :Thread was being aborted.
ERROR 2018-09-28 16:12:42,553 2125810ms MasterBAL              nsactionRptDetails - Error occurred in GetTransactionRptDetails Exception is :The multi-part identifier "d.DeptId" could not be bound.
ERROR 2018-09-28 16:12:47,147 2130405ms MasterBAL              nsactionRptDetails - Error occurred in GetTransactionRptDetails Exception is :The multi-part identifier "d.DeptId" could not be bound.
Ambiguous column name 'VehicleId'.
Ambiguous column name 'IsDeleted'.
ERROR 2018-09-28 16:13:16,723 2159980ms MasterBAL              nsactionRptDetails - Error occurred in GetTransactionRptDetails Exception is :The multi-part identifier "d.DeptId" could not be bound.
Ambiguous column name 'VehicleId'.
Ambiguous column name 'IsDeleted'.
ERROR 2018-09-28 16:13:23,358 2166616ms MasterBAL              nsactionRptDetails - Error occurred in GetTransactionRptDetails Exception is :The multi-part identifier "d.DeptId" could not be bound.
Ambiguous column name 'VehicleId'.
Ambiguous column name 'IsDeleted'.
ERROR 2018-09-28 16:13:25,370 2168628ms MasterBAL              nsactionRptDetails - Error occurred in GetTransactionRptDetails Exception is :The multi-part identifier "d.DeptId" could not be bound.
Ambiguous column name 'VehicleId'.
Ambiguous column name 'IsDeleted'.
ERROR 2018-09-28 16:13:25,661 2168919ms MasterBAL              nsactionRptDetails - Error occurred in GetTransactionRptDetails Exception is :The multi-part identifier "d.DeptId" could not be bound.
Ambiguous column name 'VehicleId'.
Ambiguous column name 'IsDeleted'.
ERROR 2018-09-28 16:13:25,989 2169247ms MasterBAL              nsactionRptDetails - Error occurred in GetTransactionRptDetails Exception is :The multi-part identifier "d.DeptId" could not be bound.
Ambiguous column name 'VehicleId'.
Ambiguous column name 'IsDeleted'.
ERROR 2018-09-28 16:14:29,122 2232380ms MasterBAL              nsactionRptDetails - Error occurred in GetTransactionRptDetails Exception is :The multi-part identifier "d.DeptId" could not be bound.
Ambiguous column name 'VehicleId'.
Ambiguous column name 'IsDeleted'.
ERROR 2018-09-28 16:15:04,307 2267564ms MasterBAL              nsactionRptDetails - Error occurred in GetTransactionRptDetails Exception is :The multi-part identifier "d.DeptId" could not be bound.
The multi-part identifier "v.DepartmentId" could not be bound.
Ambiguous column name 'IsDeleted'.
ERROR 2018-09-28 16:16:29,828 2353085ms MasterBAL              nsactionRptDetails - Error occurred in GetTransactionRptDetails Exception is :The multi-part identifier "d.DeptId" could not be bound.
Ambiguous column name 'VehicleId'.
ERROR 2018-09-28 16:23:49,070 2792327ms MasterBAL              nsactionRptDetails - Error occurred in GetTransactionRptDetails Exception is :The multi-part identifier "d.DeptId" could not be bound.
Invalid column name 'DepartmentId'.
Ambiguous column name 'VehicleId'.
ERROR 2018-09-28 16:27:52,805 3036063ms MasterBAL              nsactionRptDetails - Error occurred in GetTransactionRptDetails Exception is :Ambiguous column name 'VehicleId'.
ERROR 2018-09-28 16:28:05,020 3048278ms MasterBAL              nsactionRptDetails - Error occurred in GetTransactionRptDetails Exception is :Conversion failed when converting the nvarchar value 'Dept_2707' to data type int.
ERROR 2018-09-28 16:29:38,061 3141319ms eportsByMilesPerGallon btndeptOK_Click    - Error occurred in btndeptOK_Click Exception is :'DDL_Dept' has a SelectedValue which is invalid because it does not exist in the list of items.
Parameter name: value
ERROR 2018-09-28 16:33:19,282  3161ms eportsByMilesPerGallon Page_Load          - Error occurred in Page_Load Exception is :Thread was being aborted.
DEBUG 2018-09-28 16:33:19,446  3325ms Login                  Page_Load          - IPADRESS 3 : ::1
DEBUG 2018-09-28 16:33:22,177  6056ms Login                  Page_Load          - IPADRESS 3 : ::1
ERROR 2018-09-28 16:33:23,531  7410ms Login                  CheckAfterAccept   - Error occurred in CheckAfterAccept Exception is :Thread was being aborted.
ERROR 2018-09-28 16:33:23,547  7426ms Login                  LogIn              - Error occurred in LogIn Exception is :Thread was being aborted.
ERROR 2018-09-28 16:34:12,085 55964ms MasterBAL              nsactionRptDetails - Error occurred in GetTransactionRptDetails Exception is :The multi-part identifier "d.DeptId" could not be bound.
DEBUG 2018-09-28 16:35:45,887  3980ms Login                  Page_Load          - IPADRESS 3 : ::1
DEBUG 2018-09-28 16:35:49,167  7261ms Login                  Page_Load          - IPADRESS 3 : ::1
ERROR 2018-09-28 16:35:50,613  8706ms Login                  CheckAfterAccept   - Error occurred in CheckAfterAccept Exception is :Thread was being aborted.
ERROR 2018-09-28 16:35:50,626  8719ms Login                  LogIn              - Error occurred in LogIn Exception is :Thread was being aborted.
DEBUG 2018-09-28 16:52:01,705  3794ms Login                  Page_Load          - IPADRESS 3 : ::1
DEBUG 2018-09-28 16:52:20,564 22653ms Login                  Page_Load          - IPADRESS 3 : ::1
ERROR 2018-09-28 16:52:22,240 24329ms Login                  CheckAfterAccept   - Error occurred in CheckAfterAccept Exception is :Thread was being aborted.
ERROR 2018-09-28 16:52:22,249 24338ms Login                  LogIn              - Error occurred in LogIn Exception is :Thread was being aborted.
ERROR 2018-09-28 16:53:32,393 94482ms MasterBAL              nsactionRptDetails - Error occurred in GetTransactionRptDetails Exception is :Incorrect syntax near 'eft'.
ERROR 2018-09-28 16:53:34,567 96656ms MasterBAL              nsactionRptDetails - Error occurred in GetTransactionRptDetails Exception is :Ambiguous column name 'VehicleName'.
ERROR 2018-09-28 16:55:24,170 206259ms MasterBAL              nsactionRptDetails - Error occurred in GetTransactionRptDetails Exception is :Ambiguous column name 'VehicleName'.
DEBUG 2018-09-28 17:09:09,114  3713ms Login                  Page_Load          - IPADRESS 3 : ::1
DEBUG 2018-09-28 17:09:15,221  9820ms Login                  Page_Load          - IPADRESS 3 : ::1
DEBUG 2018-09-28 17:09:24,266 18864ms Login                  Page_Load          - IPADRESS 3 : ::1
ERROR 2018-09-28 17:09:24,884 19482ms Login                  CheckAfterAccept   - Error occurred in CheckAfterAccept Exception is :Thread was being aborted.
ERROR 2018-09-28 17:09:24,893 19492ms Login                  LogIn              - Error occurred in LogIn Exception is :Thread was being aborted.
DEBUG 2018-10-03 16:14:54,485  5186ms Login                  Page_Load          - IPADRESS 3 : ::1
DEBUG 2018-10-03 16:15:01,807 12508ms Login                  Page_Load          - IPADRESS 3 : ::1
ERROR 2018-10-03 16:15:03,310 14011ms Login                  CheckAfterAccept   - Error occurred in CheckAfterAccept Exception is :Thread was being aborted.
ERROR 2018-10-03 16:15:03,310 14011ms Login                  LogIn              - Error occurred in LogIn Exception is :Thread was being aborted.
DEBUG 2018-10-03 19:18:35,133  6207ms Login                  Page_Load          - IPADRESS 3 : ::1
DEBUG 2018-10-03 19:18:52,351 23425ms Login                  Page_Load          - IPADRESS 3 : ::1
ERROR 2018-10-03 19:18:53,560 24634ms Login                  CheckAfterAccept   - Error occurred in CheckAfterAccept Exception is :Thread was being aborted.
ERROR 2018-10-03 19:18:53,571 24645ms Login                  LogIn              - Error occurred in LogIn Exception is :Thread was being aborted.
ERROR 2018-10-03 19:19:40,029 71103ms SpecializedExport      Transactions_Click - Error occurred in btnExportTransactions_Click Exception is :Cannot find column 1.
ERROR 2018-10-03 19:20:39,206 130280ms SpecializedExport      Transactions_Click - Error occurred in btnExportTransactions_Click Exception is :Cannot find column 1.
ERROR 2018-10-03 19:23:20,011 291085ms SpecializedExport      Transactions_Click - Error occurred in btnExportTransactions_Click Exception is :Thread was being aborted.
ERROR 2018-10-03 19:24:31,863 362937ms SpecializedExport      Transactions_Click - Error occurred in btnExportTransactions_Click Exception is :Thread was being aborted.
ERROR 2018-10-03 19:25:51,130 442204ms SpecializedExport      Transactions_Click - Error occurred in btnExportTransactions_Click Exception is :Thread was being aborted.
ERROR 2018-10-03 19:27:00,039 511113ms SpecializedExport      Transactions_Click - Error occurred in btnExportTransactions_Click Exception is :Thread was being aborted.
DEBUG 2018-10-04 16:28:43,079 11156ms Login                  Page_Load          - IPADRESS 3 : ::1
DEBUG 2018-10-04 16:28:43,091 11168ms Login                  Page_Load          - IPADRESS 3 : ::1
DEBUG 2018-10-04 16:30:58,596 146673ms Login                  Page_Load          - IPADRESS 3 : ::1
ERROR 2018-10-04 16:31:00,584 148660ms Login                  CheckAfterAccept   - Error occurred in CheckAfterAccept Exception is :Thread was being aborted.
ERROR 2018-10-04 16:31:00,597 148673ms Login                  LogIn              - Error occurred in LogIn Exception is :Thread was being aborted.
ERROR 2018-10-04 16:32:10,951 219027ms FuelSecureUnit         idateAndSaveFSLink - Error occurred in btnSave_Click Exception is :Conversion from string "2 - 2" to type 'Integer' is not valid.
ERROR 2018-10-04 16:34:52,226 380302ms FuelSecureUnit         idateAndSaveFSLink - Error occurred in btnSave_Click Exception is :Conversion from string "2 - 2" to type 'Integer' is not valid.
ERROR 2018-10-04 16:36:20,199 468275ms FuelSecureUnit         idateAndSaveFSLink - Error occurred in btnSave_Click Exception is :Conversion from string "2 - 2" to type 'Integer' is not valid.
DEBUG 2018-10-04 16:38:47,517 615593ms AllTanks               Page_Load          - Filer=>
ERROR 2018-10-04 16:47:25,013 1133089ms FuelSecureUnit         idateAndSaveFSLink - Error occurred in btnSave_Click Exception is :Conversion from string "2 -2" to type 'Integer' is not valid.
ERROR 2018-10-04 16:48:36,861 1204938ms FuelSecureUnit         idateAndSaveFSLink - Error occurred in btnSave_Click Exception is :Conversion from string "2 -2" to type 'Integer' is not valid.
ERROR 2018-10-04 16:48:40,181 1208257ms FuelSecureUnit         idateAndSaveFSLink - Error occurred in btnSave_Click Exception is :Conversion from string "2 -2" to type 'Integer' is not valid.
ERROR 2018-10-04 16:49:14,613 1242689ms FuelSecureUnit         idateAndSaveFSLink - Error occurred in btnSave_Click Exception is :Conversion from string "2 -2" to type 'Integer' is not valid.
ERROR 2018-10-04 16:50:14,889 1302965ms FuelSecureUnit         idateAndSaveFSLink - Error occurred in btnSave_Click Exception is :Conversion from string "2 -2" to type 'Integer' is not valid.
ERROR 2018-10-04 16:52:30,150 1438226ms FuelSecureUnit         idateAndSaveFSLink - Error occurred in btnSave_Click Exception is :Conversion from string "2 -2" to type 'Integer' is not valid.
ERROR 2018-10-04 16:52:39,671 1447747ms FuelSecureUnit         idateAndSaveFSLink - Error occurred in btnSave_Click Exception is :Conversion from string "2 -2" to type 'Integer' is not valid.
ERROR 2018-10-04 16:54:23,058 1551135ms FuelSecureUnit         idateAndSaveFSLink - Error occurred in btnSave_Click Exception is :Conversion from string "2 -2" to type 'Integer' is not valid.
ERROR 2018-10-04 16:55:19,673 1607750ms FuelSecureUnit         idateAndSaveFSLink - Error occurred in btnSave_Click Exception is :Conversion from string "2 -2" to type 'Integer' is not valid.
DEBUG 2018-10-04 16:57:59,850  7175ms Login                  Page_Load          - IPADRESS 3 : ::1
DEBUG 2018-10-04 16:57:59,885  7210ms Login                  Page_Load          - IPADRESS 3 : ::1
DEBUG 2018-10-04 16:58:03,245 10571ms Login                  Page_Load          - IPADRESS 3 : ::1
ERROR 2018-10-04 16:58:07,843 15169ms Login                  CheckAfterAccept   - Error occurred in CheckAfterAccept Exception is :Thread was being aborted.
ERROR 2018-10-04 16:58:07,855 15181ms Login                  LogIn              - Error occurred in LogIn Exception is :Thread was being aborted.
ERROR 2018-10-04 16:58:32,635 39961ms FuelSecureUnit         idateAndSaveFSLink - Error occurred in btnSave_Click Exception is :Conversion from string "2 -2" to type 'Integer' is not valid.
DEBUG 2018-10-04 16:59:51,215  6531ms Login                  Page_Load          - IPADRESS 3 : ::1
DEBUG 2018-10-04 16:59:51,291  6607ms Login                  Page_Load          - IPADRESS 3 : ::1
DEBUG 2018-10-04 17:00:10,910 26226ms Login                  Page_Load          - IPADRESS 3 : ::1
ERROR 2018-10-04 17:00:12,567 27882ms Login                  CheckAfterAccept   - Error occurred in CheckAfterAccept Exception is :Thread was being aborted.
ERROR 2018-10-04 17:00:12,580 27895ms Login                  LogIn              - Error occurred in LogIn Exception is :Thread was being aborted.
DEBUG 2018-10-04 17:03:16,782  3953ms Login                  Page_Load          - IPADRESS 3 : ::1
DEBUG 2018-10-04 17:03:30,690 17862ms Login                  Page_Load          - IPADRESS 3 : ::1
ERROR 2018-10-04 17:03:31,940 19112ms Login                  CheckAfterAccept   - Error occurred in CheckAfterAccept Exception is :Thread was being aborted.
ERROR 2018-10-04 17:03:31,952 19124ms Login                  LogIn              - Error occurred in LogIn Exception is :Thread was being aborted.
DEBUG 2018-10-04 17:06:52,015  3166ms Login                  Page_Load          - IPADRESS 3 : ::1
DEBUG 2018-10-04 17:07:06,132 17282ms Login                  Page_Load          - IPADRESS 3 : ::1
ERROR 2018-10-04 17:07:07,338 18489ms Login                  CheckAfterAccept   - Error occurred in CheckAfterAccept Exception is :Thread was being aborted.
ERROR 2018-10-04 17:07:07,350 18501ms Login                  LogIn              - Error occurred in LogIn Exception is :Thread was being aborted.
ERROR 2018-10-04 17:09:38,315 169466ms FuelSecureUnit         idateAndSaveFSLink - Error occurred in btnSave_Click Exception is :Conversion from string "2 -2" to type 'Integer' is not valid.
ERROR 2018-10-04 17:10:08,904 200054ms FuelSecureUnit         idateAndSaveFSLink - Error occurred in btnSave_Click Exception is :Conversion from string "2 -2" to type 'Integer' is not valid.
ERROR 2018-10-04 17:11:24,895 276045ms FuelSecureUnit         idateAndSaveFSLink - Error occurred in btnSave_Click Exception is :Conversion from string "2 -2" to type 'Integer' is not valid.
DEBUG 2018-10-04 17:13:32,955  3486ms Login                  Page_Load          - IPADRESS 3 : ::1
DEBUG 2018-10-04 17:13:37,297  7828ms Login                  Page_Load          - IPADRESS 3 : ::1
ERROR 2018-10-04 17:13:38,259  8790ms Login                  CheckAfterAccept   - Error occurred in CheckAfterAccept Exception is :Thread was being aborted.
ERROR 2018-10-04 17:13:38,270  8801ms Login                  LogIn              - Error occurred in LogIn Exception is :Thread was being aborted.
DEBUG 2018-10-04 17:18:49,408  4211ms Login                  Page_Load          - IPADRESS 3 : ::1
DEBUG 2018-10-04 17:19:29,944 44747ms Login                  Page_Load          - IPADRESS 3 : ::1
ERROR 2018-10-04 17:19:31,026 45829ms Login                  CheckAfterAccept   - Error occurred in CheckAfterAccept Exception is :Thread was being aborted.
ERROR 2018-10-04 17:19:31,044 45847ms Login                  LogIn              - Error occurred in LogIn Exception is :Thread was being aborted.
DEBUG 2018-10-05 18:13:59,682 10758ms Login                  Page_Load          - IPADRESS 3 : ::1
DEBUG 2018-10-05 18:14:00,944 12020ms Login                  Page_Load          - IPADRESS 3 : ::1
DEBUG 2018-10-05 18:14:01,506 12582ms Login                  Page_Load          - IPADRESS 3 : ::1
DEBUG 2018-10-05 18:14:01,577 12653ms Login                  Page_Load          - IPADRESS 3 : ::1
DEBUG 2018-10-05 18:19:22,170 333246ms Login                  Page_Load          - IPADRESS 3 : ::1
ERROR 2018-10-05 18:19:23,997 335073ms Login                  CheckAfterAccept   - Error occurred in CheckAfterAccept Exception is :Thread was being aborted.
ERROR 2018-10-05 18:19:24,013 335089ms Login                  LogIn              - Error occurred in LogIn Exception is :Thread was being aborted.
ERROR 2018-10-05 18:20:05,418 376494ms Global_asax            Application_Error  - Unhandled exception occured. Exception is : D:\Soham\FluidSECURE_Test\FluidSECURE\Reports\TotalFuelUsageByHubPerVehicle.aspx(39): error BC30456: 'DDL_Vehicle_SelectedIndexChanged' is not a member of 'ASP.reports_totalfuelusagebyhubpervehicle_aspx'.
DEBUG 2018-10-05 18:20:10,295 381371ms Login                  Page_Load          - IPADRESS 3 : ::1
DEBUG 2018-10-05 18:21:01,301 432377ms Login                  Page_Load          - IPADRESS 3 : ::1
ERROR 2018-10-05 18:21:02,210 433286ms Login                  CheckAfterAccept   - Error occurred in CheckAfterAccept Exception is :Thread was being aborted.
ERROR 2018-10-05 18:21:02,220 433296ms Login                  LogIn              - Error occurred in LogIn Exception is :Thread was being aborted.
ERROR 2018-10-05 18:21:12,452 443528ms Global_asax            Application_Error  - Unhandled exception occured. Exception is : D:\Soham\FluidSECURE_Test\FluidSECURE\Reports\TotalFuelUsageByHubPerVehicle.aspx(39): error BC30456: 'DDL_Vehicle_SelectedIndexChanged' is not a member of 'ASP.reports_totalfuelusagebyhubpervehicle_aspx'.
DEBUG 2018-10-05 18:21:14,861 445937ms Login                  Page_Load          - IPADRESS 3 : ::1
DEBUG 2018-10-05 18:21:30,818 461894ms Login                  Page_Load          - IPADRESS 3 : ::1
ERROR 2018-10-05 18:21:31,678 462754ms Login                  CheckAfterAccept   - Error occurred in CheckAfterAccept Exception is :Thread was being aborted.
ERROR 2018-10-05 18:21:31,693 462769ms Login                  LogIn              - Error occurred in LogIn Exception is :Thread was being aborted.
ERROR 2018-10-05 18:22:27,284 518360ms Global_asax            Application_Error  - Unhandled exception occured. Exception is : D:\Soham\FluidSECURE_Test\FluidSECURE\Reports\TotalFuelUsageByHubPerVehicle.aspx(39): error BC30456: 'DDL_Vehicle_SelectedIndexChanged' is not a member of 'ASP.reports_totalfuelusagebyhubpervehicle_aspx'.
ERROR 2018-10-05 18:22:52,289 543365ms MasterBAL              rVehicleRptDetails - Error occurred in GetTotalFuelUsageByHubPerVehicleRptDetails Exception is :Could not find stored procedure 'usp_tt_Report_GetTotalFuelUsageByHubPerVehicleDetails'.
ERROR 2018-10-05 18:22:52,304 543380ms elUsageByHubPerVehicle CreateData         - Error Occurred while CreateData. Error is Object reference not set to an instance of an object..
ERROR 2018-10-05 18:24:03,819 614895ms MasterBAL              rVehicleRptDetails - Error occurred in GetTotalFuelUsageByHubPerVehicleRptDetails Exception is :Could not find stored procedure 'usp_tt_Report_GetTotalFuelUsageByHubPerVehicleDetails'.
ERROR 2018-10-05 18:24:03,834 614910ms elUsageByHubPerVehicle CreateData         - Error Occurred while CreateData. Error is Object reference not set to an instance of an object..
ERROR 2018-10-05 18:25:05,068 676144ms MasterBAL              rVehicleRptDetails - Error occurred in GetTotalFuelUsageByHubPerVehicleRptDetails Exception is :Could not find stored procedure 'usp_tt_Report_GetTotalFuelUsageByHubPerVehicleDetails'.
DEBUG 2018-10-05 18:28:17,763  4618ms Login                  Page_Load          - IPADRESS 3 : ::1
DEBUG 2018-10-05 18:29:33,009 79864ms Login                  Page_Load          - IPADRESS 3 : ::1
ERROR 2018-10-05 18:29:34,677 81532ms Login                  CheckAfterAccept   - Error occurred in CheckAfterAccept Exception is :Thread was being aborted.
ERROR 2018-10-05 18:29:34,677 81532ms Login                  LogIn              - Error occurred in LogIn Exception is :Thread was being aborted.
ERROR 2018-10-05 18:34:52,448 399302ms MasterBAL              rVehicleRptDetails - Error occurred in GetTotalFuelUsageByHubPerVehicleRptDetails Exception is :Could not find stored procedure 'usp_tt_Report_GetTotalFuelUsageByHubPerVehicleDetails'.
ERROR 2018-10-05 19:00:21,848 1928702ms eByHubPerVehicleReport Page_Load          - Error occurred in Page_Load Exception is :Unable to cast object of type 'System.Data.DataSet' to type 'System.Data.DataTable'.
ERROR 2018-10-05 19:00:22,074 1928928ms eByHubPerVehicleReport Page_Load          - Error occurred in Page_Load Exception is :Unable to cast object of type 'System.Data.DataSet' to type 'System.Data.DataTable'.
ERROR 2018-10-05 19:00:22,256 1929110ms eByHubPerVehicleReport Page_Load          - Error occurred in Page_Load Exception is :Unable to cast object of type 'System.Data.DataSet' to type 'System.Data.DataTable'.
ERROR 2018-10-05 19:00:22,451 1929305ms eByHubPerVehicleReport Page_Load          - Error occurred in Page_Load Exception is :Unable to cast object of type 'System.Data.DataSet' to type 'System.Data.DataTable'.
ERROR 2018-10-05 19:00:22,690 1929545ms eByHubPerVehicleReport Page_Load          - Error occurred in Page_Load Exception is :Unable to cast object of type 'System.Data.DataSet' to type 'System.Data.DataTable'.
ERROR 2018-10-05 19:00:22,971 1929826ms eByHubPerVehicleReport Page_Load          - Error occurred in Page_Load Exception is :Unable to cast object of type 'System.Data.DataSet' to type 'System.Data.DataTable'.
ERROR 2018-10-05 19:00:23,155 1930009ms eByHubPerVehicleReport Page_Load          - Error occurred in Page_Load Exception is :Unable to cast object of type 'System.Data.DataSet' to type 'System.Data.DataTable'.
ERROR 2018-10-05 19:00:23,331 1930186ms eByHubPerVehicleReport Page_Load          - Error occurred in Page_Load Exception is :Unable to cast object of type 'System.Data.DataSet' to type 'System.Data.DataTable'.
ERROR 2018-10-05 19:00:23,549 1930404ms eByHubPerVehicleReport Page_Load          - Error occurred in Page_Load Exception is :Unable to cast object of type 'System.Data.DataSet' to type 'System.Data.DataTable'.
ERROR 2018-10-05 19:00:23,787 1930642ms eByHubPerVehicleReport Page_Load          - Error occurred in Page_Load Exception is :Unable to cast object of type 'System.Data.DataSet' to type 'System.Data.DataTable'.
ERROR 2018-10-05 19:00:24,085 1930939ms eByHubPerVehicleReport Page_Load          - Error occurred in Page_Load Exception is :Unable to cast object of type 'System.Data.DataSet' to type 'System.Data.DataTable'.
ERROR 2018-10-05 19:00:24,366 1931220ms eByHubPerVehicleReport Page_Load          - Error occurred in Page_Load Exception is :Unable to cast object of type 'System.Data.DataSet' to type 'System.Data.DataTable'.
ERROR 2018-10-05 19:00:24,575 1931429ms eByHubPerVehicleReport Page_Load          - Error occurred in Page_Load Exception is :Unable to cast object of type 'System.Data.DataSet' to type 'System.Data.DataTable'.
ERROR 2018-10-05 19:00:24,780 1931634ms eByHubPerVehicleReport Page_Load          - Error occurred in Page_Load Exception is :Unable to cast object of type 'System.Data.DataSet' to type 'System.Data.DataTable'.
ERROR 2018-10-05 19:00:24,956 1931811ms eByHubPerVehicleReport Page_Load          - Error occurred in Page_Load Exception is :Unable to cast object of type 'System.Data.DataSet' to type 'System.Data.DataTable'.
ERROR 2018-10-05 19:00:25,144 1931999ms eByHubPerVehicleReport Page_Load          - Error occurred in Page_Load Exception is :Unable to cast object of type 'System.Data.DataSet' to type 'System.Data.DataTable'.
ERROR 2018-10-05 19:00:25,325 1932179ms eByHubPerVehicleReport Page_Load          - Error occurred in Page_Load Exception is :Unable to cast object of type 'System.Data.DataSet' to type 'System.Data.DataTable'.
ERROR 2018-10-05 19:00:25,558 1932412ms eByHubPerVehicleReport Page_Load          - Error occurred in Page_Load Exception is :Unable to cast object of type 'System.Data.DataSet' to type 'System.Data.DataTable'.
ERROR 2018-10-05 19:00:25,781 1932636ms eByHubPerVehicleReport Page_Load          - Error occurred in Page_Load Exception is :Unable to cast object of type 'System.Data.DataSet' to type 'System.Data.DataTable'.
ERROR 2018-10-05 19:00:25,980 1932835ms eByHubPerVehicleReport Page_Load          - Error occurred in Page_Load Exception is :Unable to cast object of type 'System.Data.DataSet' to type 'System.Data.DataTable'.
ERROR 2018-10-05 19:00:26,244 1933098ms eByHubPerVehicleReport Page_Load          - Error occurred in Page_Load Exception is :Unable to cast object of type 'System.Data.DataSet' to type 'System.Data.DataTable'.
ERROR 2018-10-05 19:00:26,413 1933268ms eByHubPerVehicleReport Page_Load          - Error occurred in Page_Load Exception is :Unable to cast object of type 'System.Data.DataSet' to type 'System.Data.DataTable'.
ERROR 2018-10-05 19:00:26,609 1933463ms eByHubPerVehicleReport Page_Load          - Error occurred in Page_Load Exception is :Unable to cast object of type 'System.Data.DataSet' to type 'System.Data.DataTable'.
ERROR 2018-10-05 19:00:26,807 1933662ms eByHubPerVehicleReport Page_Load          - Error occurred in Page_Load Exception is :Unable to cast object of type 'System.Data.DataSet' to type 'System.Data.DataTable'.
ERROR 2018-10-05 19:00:26,976 1933830ms eByHubPerVehicleReport Page_Load          - Error occurred in Page_Load Exception is :Unable to cast object of type 'System.Data.DataSet' to type 'System.Data.DataTable'.
ERROR 2018-10-05 19:00:27,185 1934040ms eByHubPerVehicleReport Page_Load          - Error occurred in Page_Load Exception is :Unable to cast object of type 'System.Data.DataSet' to type 'System.Data.DataTable'.
ERROR 2018-10-05 19:00:27,373 1934228ms eByHubPerVehicleReport Page_Load          - Error occurred in Page_Load Exception is :Unable to cast object of type 'System.Data.DataSet' to type 'System.Data.DataTable'.
ERROR 2018-10-05 19:00:27,563 1934417ms eByHubPerVehicleReport Page_Load          - Error occurred in Page_Load Exception is :Unable to cast object of type 'System.Data.DataSet' to type 'System.Data.DataTable'.
ERROR 2018-10-05 19:00:27,759 1934613ms eByHubPerVehicleReport Page_Load          - Error occurred in Page_Load Exception is :Unable to cast object of type 'System.Data.DataSet' to type 'System.Data.DataTable'.
ERROR 2018-10-05 19:00:27,939 1934794ms eByHubPerVehicleReport Page_Load          - Error occurred in Page_Load Exception is :Unable to cast object of type 'System.Data.DataSet' to type 'System.Data.DataTable'.
ERROR 2018-10-05 19:00:28,157 1935011ms eByHubPerVehicleReport Page_Load          - Error occurred in Page_Load Exception is :Unable to cast object of type 'System.Data.DataSet' to type 'System.Data.DataTable'.
ERROR 2018-10-05 19:00:28,378 1935232ms eByHubPerVehicleReport Page_Load          - Error occurred in Page_Load Exception is :Unable to cast object of type 'System.Data.DataSet' to type 'System.Data.DataTable'.
ERROR 2018-10-05 19:00:28,620 1935474ms eByHubPerVehicleReport Page_Load          - Error occurred in Page_Load Exception is :Unable to cast object of type 'System.Data.DataSet' to type 'System.Data.DataTable'.
ERROR 2018-10-05 19:00:28,880 1935735ms eByHubPerVehicleReport Page_Load          - Error occurred in Page_Load Exception is :Unable to cast object of type 'System.Data.DataSet' to type 'System.Data.DataTable'.
ERROR 2018-10-05 19:00:29,114 1935969ms eByHubPerVehicleReport Page_Load          - Error occurred in Page_Load Exception is :Unable to cast object of type 'System.Data.DataSet' to type 'System.Data.DataTable'.
ERROR 2018-10-05 19:00:29,361 1936216ms eByHubPerVehicleReport Page_Load          - Error occurred in Page_Load Exception is :Unable to cast object of type 'System.Data.DataSet' to type 'System.Data.DataTable'.
ERROR 2018-10-05 19:00:29,656 1936510ms eByHubPerVehicleReport Page_Load          - Error occurred in Page_Load Exception is :Unable to cast object of type 'System.Data.DataSet' to type 'System.Data.DataTable'.
ERROR 2018-10-05 19:00:29,958 1936812ms eByHubPerVehicleReport Page_Load          - Error occurred in Page_Load Exception is :Unable to cast object of type 'System.Data.DataSet' to type 'System.Data.DataTable'.
ERROR 2018-10-05 19:00:30,240 1937095ms eByHubPerVehicleReport Page_Load          - Error occurred in Page_Load Exception is :Unable to cast object of type 'System.Data.DataSet' to type 'System.Data.DataTable'.
ERROR 2018-10-05 19:00:30,542 1937396ms eByHubPerVehicleReport Page_Load          - Error occurred in Page_Load Exception is :Unable to cast object of type 'System.Data.DataSet' to type 'System.Data.DataTable'.
ERROR 2018-10-05 19:00:35,759 1942614ms eByHubPerVehicleReport Page_Load          - Error occurred in Page_Load Exception is :Unable to cast object of type 'System.Data.DataSet' to type 'System.Data.DataTable'.
ERROR 2018-10-05 19:00:35,922 1942776ms eByHubPerVehicleReport Page_Load          - Error occurred in Page_Load Exception is :Unable to cast object of type 'System.Data.DataSet' to type 'System.Data.DataTable'.
ERROR 2018-10-05 19:00:36,107 1942962ms eByHubPerVehicleReport Page_Load          - Error occurred in Page_Load Exception is :Unable to cast object of type 'System.Data.DataSet' to type 'System.Data.DataTable'.
ERROR 2018-10-05 19:00:36,275 1943130ms eByHubPerVehicleReport Page_Load          - Error occurred in Page_Load Exception is :Unable to cast object of type 'System.Data.DataSet' to type 'System.Data.DataTable'.
ERROR 2018-10-05 19:00:36,460 1943315ms eByHubPerVehicleReport Page_Load          - Error occurred in Page_Load Exception is :Unable to cast object of type 'System.Data.DataSet' to type 'System.Data.DataTable'.
ERROR 2018-10-05 19:00:36,635 1943490ms eByHubPerVehicleReport Page_Load          - Error occurred in Page_Load Exception is :Unable to cast object of type 'System.Data.DataSet' to type 'System.Data.DataTable'.
ERROR 2018-10-05 19:00:36,796 1943650ms eByHubPerVehicleReport Page_Load          - Error occurred in Page_Load Exception is :Unable to cast object of type 'System.Data.DataSet' to type 'System.Data.DataTable'.
ERROR 2018-10-05 19:00:36,959 1943813ms eByHubPerVehicleReport Page_Load          - Error occurred in Page_Load Exception is :Unable to cast object of type 'System.Data.DataSet' to type 'System.Data.DataTable'.
ERROR 2018-10-05 19:00:37,129 1943983ms eByHubPerVehicleReport Page_Load          - Error occurred in Page_Load Exception is :Unable to cast object of type 'System.Data.DataSet' to type 'System.Data.DataTable'.
ERROR 2018-10-05 19:00:37,318 1944173ms eByHubPerVehicleReport Page_Load          - Error occurred in Page_Load Exception is :Unable to cast object of type 'System.Data.DataSet' to type 'System.Data.DataTable'.
ERROR 2018-10-05 19:00:37,502 1944357ms eByHubPerVehicleReport Page_Load          - Error occurred in Page_Load Exception is :Unable to cast object of type 'System.Data.DataSet' to type 'System.Data.DataTable'.
ERROR 2018-10-05 19:00:37,658 1944513ms eByHubPerVehicleReport Page_Load          - Error occurred in Page_Load Exception is :Unable to cast object of type 'System.Data.DataSet' to type 'System.Data.DataTable'.
ERROR 2018-10-05 19:00:37,820 1944675ms eByHubPerVehicleReport Page_Load          - Error occurred in Page_Load Exception is :Unable to cast object of type 'System.Data.DataSet' to type 'System.Data.DataTable'.
ERROR 2018-10-05 19:00:37,982 1944837ms eByHubPerVehicleReport Page_Load          - Error occurred in Page_Load Exception is :Unable to cast object of type 'System.Data.DataSet' to type 'System.Data.DataTable'.
ERROR 2018-10-05 19:00:38,151 1945006ms eByHubPerVehicleReport Page_Load          - Error occurred in Page_Load Exception is :Unable to cast object of type 'System.Data.DataSet' to type 'System.Data.DataTable'.
ERROR 2018-10-05 19:00:38,376 1945231ms eByHubPerVehicleReport Page_Load          - Error occurred in Page_Load Exception is :Unable to cast object of type 'System.Data.DataSet' to type 'System.Data.DataTable'.
ERROR 2018-10-05 19:00:38,549 1945403ms eByHubPerVehicleReport Page_Load          - Error occurred in Page_Load Exception is :Unable to cast object of type 'System.Data.DataSet' to type 'System.Data.DataTable'.
ERROR 2018-10-05 19:00:38,703 1945557ms eByHubPerVehicleReport Page_Load          - Error occurred in Page_Load Exception is :Unable to cast object of type 'System.Data.DataSet' to type 'System.Data.DataTable'.
ERROR 2018-10-05 19:00:38,864 1945718ms eByHubPerVehicleReport Page_Load          - Error occurred in Page_Load Exception is :Unable to cast object of type 'System.Data.DataSet' to type 'System.Data.DataTable'.
ERROR 2018-10-05 19:00:39,034 1945888ms eByHubPerVehicleReport Page_Load          - Error occurred in Page_Load Exception is :Unable to cast object of type 'System.Data.DataSet' to type 'System.Data.DataTable'.
ERROR 2018-10-05 19:00:55,555 1962409ms eByHubPerVehicleReport Page_Load          - Error occurred in Page_Load Exception is :Unable to cast object of type 'System.Data.DataSet' to type 'System.Data.DataTable'.
ERROR 2018-10-05 19:00:55,727 1962581ms eByHubPerVehicleReport Page_Load          - Error occurred in Page_Load Exception is :Unable to cast object of type 'System.Data.DataSet' to type 'System.Data.DataTable'.
ERROR 2018-10-05 19:00:55,887 1962741ms eByHubPerVehicleReport Page_Load          - Error occurred in Page_Load Exception is :Unable to cast object of type 'System.Data.DataSet' to type 'System.Data.DataTable'.
ERROR 2018-10-05 19:00:56,042 1962897ms eByHubPerVehicleReport Page_Load          - Error occurred in Page_Load Exception is :Unable to cast object of type 'System.Data.DataSet' to type 'System.Data.DataTable'.
ERROR 2018-10-05 19:00:56,184 1963039ms eByHubPerVehicleReport Page_Load          - Error occurred in Page_Load Exception is :Unable to cast object of type 'System.Data.DataSet' to type 'System.Data.DataTable'.
ERROR 2018-10-05 19:00:56,339 1963193ms eByHubPerVehicleReport Page_Load          - Error occurred in Page_Load Exception is :Unable to cast object of type 'System.Data.DataSet' to type 'System.Data.DataTable'.
ERROR 2018-10-05 19:00:56,491 1963346ms eByHubPerVehicleReport Page_Load          - Error occurred in Page_Load Exception is :Unable to cast object of type 'System.Data.DataSet' to type 'System.Data.DataTable'.
ERROR 2018-10-05 19:00:56,671 1963525ms eByHubPerVehicleReport Page_Load          - Error occurred in Page_Load Exception is :Unable to cast object of type 'System.Data.DataSet' to type 'System.Data.DataTable'.
ERROR 2018-10-05 19:00:56,837 1963691ms eByHubPerVehicleReport Page_Load          - Error occurred in Page_Load Exception is :Unable to cast object of type 'System.Data.DataSet' to type 'System.Data.DataTable'.
ERROR 2018-10-05 19:00:56,980 1963834ms eByHubPerVehicleReport Page_Load          - Error occurred in Page_Load Exception is :Unable to cast object of type 'System.Data.DataSet' to type 'System.Data.DataTable'.
ERROR 2018-10-05 19:00:57,139 1963993ms eByHubPerVehicleReport Page_Load          - Error occurred in Page_Load Exception is :Unable to cast object of type 'System.Data.DataSet' to type 'System.Data.DataTable'.
ERROR 2018-10-05 19:00:57,291 1964146ms eByHubPerVehicleReport Page_Load          - Error occurred in Page_Load Exception is :Unable to cast object of type 'System.Data.DataSet' to type 'System.Data.DataTable'.
ERROR 2018-10-05 19:00:57,438 1964293ms eByHubPerVehicleReport Page_Load          - Error occurred in Page_Load Exception is :Unable to cast object of type 'System.Data.DataSet' to type 'System.Data.DataTable'.
ERROR 2018-10-05 19:00:57,587 1964442ms eByHubPerVehicleReport Page_Load          - Error occurred in Page_Load Exception is :Unable to cast object of type 'System.Data.DataSet' to type 'System.Data.DataTable'.
ERROR 2018-10-05 19:00:57,731 1964585ms eByHubPerVehicleReport Page_Load          - Error occurred in Page_Load Exception is :Unable to cast object of type 'System.Data.DataSet' to type 'System.Data.DataTable'.
ERROR 2018-10-05 19:00:57,883 1964738ms eByHubPerVehicleReport Page_Load          - Error occurred in Page_Load Exception is :Unable to cast object of type 'System.Data.DataSet' to type 'System.Data.DataTable'.
ERROR 2018-10-05 19:00:58,026 1964880ms eByHubPerVehicleReport Page_Load          - Error occurred in Page_Load Exception is :Unable to cast object of type 'System.Data.DataSet' to type 'System.Data.DataTable'.
ERROR 2018-10-05 19:00:58,187 1965042ms eByHubPerVehicleReport Page_Load          - Error occurred in Page_Load Exception is :Unable to cast object of type 'System.Data.DataSet' to type 'System.Data.DataTable'.
ERROR 2018-10-05 19:00:58,323 1965178ms eByHubPerVehicleReport Page_Load          - Error occurred in Page_Load Exception is :Unable to cast object of type 'System.Data.DataSet' to type 'System.Data.DataTable'.
ERROR 2018-10-05 19:00:58,482 1965337ms eByHubPerVehicleReport Page_Load          - Error occurred in Page_Load Exception is :Unable to cast object of type 'System.Data.DataSet' to type 'System.Data.DataTable'.
ERROR 2018-10-05 19:01:40,611 2007465ms eByHubPerVehicleReport Page_Load          - Error occurred in Page_Load Exception is :Unable to cast object of type 'System.Data.DataSet' to type 'System.Data.DataTable'.
ERROR 2018-10-05 19:01:40,931 2007785ms eByHubPerVehicleReport Page_Load          - Error occurred in Page_Load Exception is :Unable to cast object of type 'System.Data.DataSet' to type 'System.Data.DataTable'.
ERROR 2018-10-05 19:01:41,105 2007959ms eByHubPerVehicleReport Page_Load          - Error occurred in Page_Load Exception is :Unable to cast object of type 'System.Data.DataSet' to type 'System.Data.DataTable'.
ERROR 2018-10-05 19:01:41,306 2008160ms eByHubPerVehicleReport Page_Load          - Error occurred in Page_Load Exception is :Unable to cast object of type 'System.Data.DataSet' to type 'System.Data.DataTable'.
ERROR 2018-10-05 19:01:41,586 2008441ms eByHubPerVehicleReport Page_Load          - Error occurred in Page_Load Exception is :Unable to cast object of type 'System.Data.DataSet' to type 'System.Data.DataTable'.
ERROR 2018-10-05 19:01:41,797 2008652ms eByHubPerVehicleReport Page_Load          - Error occurred in Page_Load Exception is :Unable to cast object of type 'System.Data.DataSet' to type 'System.Data.DataTable'.
ERROR 2018-10-05 19:01:41,968 2008823ms eByHubPerVehicleReport Page_Load          - Error occurred in Page_Load Exception is :Unable to cast object of type 'System.Data.DataSet' to type 'System.Data.DataTable'.
ERROR 2018-10-05 19:01:42,136 2008991ms eByHubPerVehicleReport Page_Load          - Error occurred in Page_Load Exception is :Unable to cast object of type 'System.Data.DataSet' to type 'System.Data.DataTable'.
ERROR 2018-10-05 19:01:42,297 2009151ms eByHubPerVehicleReport Page_Load          - Error occurred in Page_Load Exception is :Unable to cast object of type 'System.Data.DataSet' to type 'System.Data.DataTable'.
ERROR 2018-10-05 19:01:42,507 2009362ms eByHubPerVehicleReport Page_Load          - Error occurred in Page_Load Exception is :Unable to cast object of type 'System.Data.DataSet' to type 'System.Data.DataTable'.
ERROR 2018-10-05 19:01:42,734 2009589ms eByHubPerVehicleReport Page_Load          - Error occurred in Page_Load Exception is :Unable to cast object of type 'System.Data.DataSet' to type 'System.Data.DataTable'.
ERROR 2018-10-05 19:01:42,962 2009817ms eByHubPerVehicleReport Page_Load          - Error occurred in Page_Load Exception is :Unable to cast object of type 'System.Data.DataSet' to type 'System.Data.DataTable'.
ERROR 2018-10-05 19:01:43,151 2010006ms eByHubPerVehicleReport Page_Load          - Error occurred in Page_Load Exception is :Unable to cast object of type 'System.Data.DataSet' to type 'System.Data.DataTable'.
ERROR 2018-10-05 19:01:43,349 2010203ms eByHubPerVehicleReport Page_Load          - Error occurred in Page_Load Exception is :Unable to cast object of type 'System.Data.DataSet' to type 'System.Data.DataTable'.
ERROR 2018-10-05 19:01:43,542 2010396ms eByHubPerVehicleReport Page_Load          - Error occurred in Page_Load Exception is :Unable to cast object of type 'System.Data.DataSet' to type 'System.Data.DataTable'.
ERROR 2018-10-05 19:01:43,706 2010560ms eByHubPerVehicleReport Page_Load          - Error occurred in Page_Load Exception is :Unable to cast object of type 'System.Data.DataSet' to type 'System.Data.DataTable'.
ERROR 2018-10-05 19:01:43,871 2010726ms eByHubPerVehicleReport Page_Load          - Error occurred in Page_Load Exception is :Unable to cast object of type 'System.Data.DataSet' to type 'System.Data.DataTable'.
ERROR 2018-10-05 19:01:44,026 2010880ms eByHubPerVehicleReport Page_Load          - Error occurred in Page_Load Exception is :Unable to cast object of type 'System.Data.DataSet' to type 'System.Data.DataTable'.
ERROR 2018-10-05 19:01:44,179 2011034ms eByHubPerVehicleReport Page_Load          - Error occurred in Page_Load Exception is :Unable to cast object of type 'System.Data.DataSet' to type 'System.Data.DataTable'.
ERROR 2018-10-05 19:01:44,343 2011198ms eByHubPerVehicleReport Page_Load          - Error occurred in Page_Load Exception is :Unable to cast object of type 'System.Data.DataSet' to type 'System.Data.DataTable'.
ERROR 2018-10-05 19:01:44,569 2011424ms eByHubPerVehicleReport Page_Load          - Error occurred in Page_Load Exception is :Unable to cast object of type 'System.Data.DataSet' to type 'System.Data.DataTable'.
ERROR 2018-10-05 19:01:44,731 2011586ms eByHubPerVehicleReport Page_Load          - Error occurred in Page_Load Exception is :Unable to cast object of type 'System.Data.DataSet' to type 'System.Data.DataTable'.
ERROR 2018-10-05 19:01:44,877 2011732ms eByHubPerVehicleReport Page_Load          - Error occurred in Page_Load Exception is :Unable to cast object of type 'System.Data.DataSet' to type 'System.Data.DataTable'.
ERROR 2018-10-05 19:01:45,022 2011876ms eByHubPerVehicleReport Page_Load          - Error occurred in Page_Load Exception is :Unable to cast object of type 'System.Data.DataSet' to type 'System.Data.DataTable'.
ERROR 2018-10-05 19:01:45,187 2012041ms eByHubPerVehicleReport Page_Load          - Error occurred in Page_Load Exception is :Unable to cast object of type 'System.Data.DataSet' to type 'System.Data.DataTable'.
ERROR 2018-10-05 19:01:45,326 2012180ms eByHubPerVehicleReport Page_Load          - Error occurred in Page_Load Exception is :Unable to cast object of type 'System.Data.DataSet' to type 'System.Data.DataTable'.
ERROR 2018-10-05 19:01:45,492 2012346ms eByHubPerVehicleReport Page_Load          - Error occurred in Page_Load Exception is :Unable to cast object of type 'System.Data.DataSet' to type 'System.Data.DataTable'.
ERROR 2018-10-05 19:01:45,651 2012506ms eByHubPerVehicleReport Page_Load          - Error occurred in Page_Load Exception is :Unable to cast object of type 'System.Data.DataSet' to type 'System.Data.DataTable'.
ERROR 2018-10-05 19:01:45,846 2012701ms eByHubPerVehicleReport Page_Load          - Error occurred in Page_Load Exception is :Unable to cast object of type 'System.Data.DataSet' to type 'System.Data.DataTable'.
ERROR 2018-10-05 19:01:46,001 2012856ms eByHubPerVehicleReport Page_Load          - Error occurred in Page_Load Exception is :Unable to cast object of type 'System.Data.DataSet' to type 'System.Data.DataTable'.
ERROR 2018-10-05 19:01:46,218 2013073ms eByHubPerVehicleReport Page_Load          - Error occurred in Page_Load Exception is :Unable to cast object of type 'System.Data.DataSet' to type 'System.Data.DataTable'.
ERROR 2018-10-05 19:01:46,436 2013290ms eByHubPerVehicleReport Page_Load          - Error occurred in Page_Load Exception is :Unable to cast object of type 'System.Data.DataSet' to type 'System.Data.DataTable'.
ERROR 2018-10-05 19:01:46,693 2013548ms eByHubPerVehicleReport Page_Load          - Error occurred in Page_Load Exception is :Unable to cast object of type 'System.Data.DataSet' to type 'System.Data.DataTable'.
ERROR 2018-10-05 19:01:46,912 2013766ms eByHubPerVehicleReport Page_Load          - Error occurred in Page_Load Exception is :Unable to cast object of type 'System.Data.DataSet' to type 'System.Data.DataTable'.
ERROR 2018-10-05 19:01:47,147 2014001ms eByHubPerVehicleReport Page_Load          - Error occurred in Page_Load Exception is :Unable to cast object of type 'System.Data.DataSet' to type 'System.Data.DataTable'.
ERROR 2018-10-05 19:01:47,398 2014252ms eByHubPerVehicleReport Page_Load          - Error occurred in Page_Load Exception is :Unable to cast object of type 'System.Data.DataSet' to type 'System.Data.DataTable'.
ERROR 2018-10-05 19:01:47,673 2014528ms eByHubPerVehicleReport Page_Load          - Error occurred in Page_Load Exception is :Unable to cast object of type 'System.Data.DataSet' to type 'System.Data.DataTable'.
ERROR 2018-10-05 19:01:47,950 2014805ms eByHubPerVehicleReport Page_Load          - Error occurred in Page_Load Exception is :Unable to cast object of type 'System.Data.DataSet' to type 'System.Data.DataTable'.
ERROR 2018-10-05 19:01:48,240 2015095ms eByHubPerVehicleReport Page_Load          - Error occurred in Page_Load Exception is :Unable to cast object of type 'System.Data.DataSet' to type 'System.Data.DataTable'.
ERROR 2018-10-05 19:01:48,535 2015390ms eByHubPerVehicleReport Page_Load          - Error occurred in Page_Load Exception is :Unable to cast object of type 'System.Data.DataSet' to type 'System.Data.DataTable'.
ERROR 2018-10-05 19:01:53,759 2020614ms eByHubPerVehicleReport Page_Load          - Error occurred in Page_Load Exception is :Unable to cast object of type 'System.Data.DataSet' to type 'System.Data.DataTable'.
ERROR 2018-10-05 19:01:53,938 2020792ms eByHubPerVehicleReport Page_Load          - Error occurred in Page_Load Exception is :Unable to cast object of type 'System.Data.DataSet' to type 'System.Data.DataTable'.
ERROR 2018-10-05 19:01:54,123 2020977ms eByHubPerVehicleReport Page_Load          - Error occurred in Page_Load Exception is :Unable to cast object of type 'System.Data.DataSet' to type 'System.Data.DataTable'.
ERROR 2018-10-05 19:01:54,315 2021169ms eByHubPerVehicleReport Page_Load          - Error occurred in Page_Load Exception is :Unable to cast object of type 'System.Data.DataSet' to type 'System.Data.DataTable'.
ERROR 2018-10-05 19:01:54,510 2021364ms eByHubPerVehicleReport Page_Load          - Error occurred in Page_Load Exception is :Unable to cast object of type 'System.Data.DataSet' to type 'System.Data.DataTable'.
ERROR 2018-10-05 19:01:54,787 2021642ms eByHubPerVehicleReport Page_Load          - Error occurred in Page_Load Exception is :Unable to cast object of type 'System.Data.DataSet' to type 'System.Data.DataTable'.
ERROR 2018-10-05 19:01:55,011 2021866ms eByHubPerVehicleReport Page_Load          - Error occurred in Page_Load Exception is :Unable to cast object of type 'System.Data.DataSet' to type 'System.Data.DataTable'.
ERROR 2018-10-05 19:01:55,293 2022148ms eByHubPerVehicleReport Page_Load          - Error occurred in Page_Load Exception is :Unable to cast object of type 'System.Data.DataSet' to type 'System.Data.DataTable'.
ERROR 2018-10-05 19:01:55,525 2022379ms eByHubPerVehicleReport Page_Load          - Error occurred in Page_Load Exception is :Unable to cast object of type 'System.Data.DataSet' to type 'System.Data.DataTable'.
ERROR 2018-10-05 19:01:55,855 2022709ms eByHubPerVehicleReport Page_Load          - Error occurred in Page_Load Exception is :Unable to cast object of type 'System.Data.DataSet' to type 'System.Data.DataTable'.
ERROR 2018-10-05 19:02:05,960 2032815ms eByHubPerVehicleReport Page_Load          - Error occurred in Page_Load Exception is :Unable to cast object of type 'System.Data.DataSet' to type 'System.Data.DataTable'.
ERROR 2018-10-05 19:02:06,598 2033452ms eByHubPerVehicleReport Page_Load          - Error occurred in Page_Load Exception is :Unable to cast object of type 'System.Data.DataSet' to type 'System.Data.DataTable'.
ERROR 2018-10-05 19:02:06,835 2033689ms eByHubPerVehicleReport Page_Load          - Error occurred in Page_Load Exception is :Unable to cast object of type 'System.Data.DataSet' to type 'System.Data.DataTable'.
ERROR 2018-10-05 19:02:07,032 2033886ms eByHubPerVehicleReport Page_Load          - Error occurred in Page_Load Exception is :Unable to cast object of type 'System.Data.DataSet' to type 'System.Data.DataTable'.
ERROR 2018-10-05 19:02:07,209 2034063ms eByHubPerVehicleReport Page_Load          - Error occurred in Page_Load Exception is :Unable to cast object of type 'System.Data.DataSet' to type 'System.Data.DataTable'.
ERROR 2018-10-05 19:02:07,409 2034264ms eByHubPerVehicleReport Page_Load          - Error occurred in Page_Load Exception is :Unable to cast object of type 'System.Data.DataSet' to type 'System.Data.DataTable'.
ERROR 2018-10-05 19:02:07,612 2034467ms eByHubPerVehicleReport Page_Load          - Error occurred in Page_Load Exception is :Unable to cast object of type 'System.Data.DataSet' to type 'System.Data.DataTable'.
ERROR 2018-10-05 19:02:07,821 2034676ms eByHubPerVehicleReport Page_Load          - Error occurred in Page_Load Exception is :Unable to cast object of type 'System.Data.DataSet' to type 'System.Data.DataTable'.
ERROR 2018-10-05 19:02:08,060 2034915ms eByHubPerVehicleReport Page_Load          - Error occurred in Page_Load Exception is :Unable to cast object of type 'System.Data.DataSet' to type 'System.Data.DataTable'.
ERROR 2018-10-05 19:02:08,273 2035127ms eByHubPerVehicleReport Page_Load          - Error occurred in Page_Load Exception is :Unable to cast object of type 'System.Data.DataSet' to type 'System.Data.DataTable'.
ERROR 2018-10-05 19:02:08,460 2035314ms eByHubPerVehicleReport Page_Load          - Error occurred in Page_Load Exception is :Unable to cast object of type 'System.Data.DataSet' to type 'System.Data.DataTable'.
ERROR 2018-10-05 19:02:08,656 2035510ms eByHubPerVehicleReport Page_Load          - Error occurred in Page_Load Exception is :Unable to cast object of type 'System.Data.DataSet' to type 'System.Data.DataTable'.
ERROR 2018-10-05 19:02:08,826 2035681ms eByHubPerVehicleReport Page_Load          - Error occurred in Page_Load Exception is :Unable to cast object of type 'System.Data.DataSet' to type 'System.Data.DataTable'.
ERROR 2018-10-05 19:02:09,045 2035900ms eByHubPerVehicleReport Page_Load          - Error occurred in Page_Load Exception is :Unable to cast object of type 'System.Data.DataSet' to type 'System.Data.DataTable'.
ERROR 2018-10-05 19:02:09,249 2036104ms eByHubPerVehicleReport Page_Load          - Error occurred in Page_Load Exception is :Unable to cast object of type 'System.Data.DataSet' to type 'System.Data.DataTable'.
ERROR 2018-10-05 19:02:09,438 2036293ms eByHubPerVehicleReport Page_Load          - Error occurred in Page_Load Exception is :Unable to cast object of type 'System.Data.DataSet' to type 'System.Data.DataTable'.
ERROR 2018-10-05 19:02:09,602 2036456ms eByHubPerVehicleReport Page_Load          - Error occurred in Page_Load Exception is :Unable to cast object of type 'System.Data.DataSet' to type 'System.Data.DataTable'.
ERROR 2018-10-05 19:02:09,784 2036638ms eByHubPerVehicleReport Page_Load          - Error occurred in Page_Load Exception is :Unable to cast object of type 'System.Data.DataSet' to type 'System.Data.DataTable'.
ERROR 2018-10-05 19:02:09,945 2036799ms eByHubPerVehicleReport Page_Load          - Error occurred in Page_Load Exception is :Unable to cast object of type 'System.Data.DataSet' to type 'System.Data.DataTable'.
ERROR 2018-10-05 19:02:10,085 2036940ms eByHubPerVehicleReport Page_Load          - Error occurred in Page_Load Exception is :Unable to cast object of type 'System.Data.DataSet' to type 'System.Data.DataTable'.
ERROR 2018-10-05 19:02:10,233 2037087ms eByHubPerVehicleReport Page_Load          - Error occurred in Page_Load Exception is :Unable to cast object of type 'System.Data.DataSet' to type 'System.Data.DataTable'.
ERROR 2018-10-05 19:02:15,398 2042252ms eByHubPerVehicleReport Page_Load          - Error occurred in Page_Load Exception is :Unable to cast object of type 'System.Data.DataSet' to type 'System.Data.DataTable'.
ERROR 2018-10-05 19:02:15,554 2042408ms eByHubPerVehicleReport Page_Load          - Error occurred in Page_Load Exception is :Unable to cast object of type 'System.Data.DataSet' to type 'System.Data.DataTable'.
ERROR 2018-10-05 19:02:15,715 2042570ms eByHubPerVehicleReport Page_Load          - Error occurred in Page_Load Exception is :Unable to cast object of type 'System.Data.DataSet' to type 'System.Data.DataTable'.
ERROR 2018-10-05 19:02:15,908 2042763ms eByHubPerVehicleReport Page_Load          - Error occurred in Page_Load Exception is :Unable to cast object of type 'System.Data.DataSet' to type 'System.Data.DataTable'.
ERROR 2018-10-05 19:02:16,050 2042905ms eByHubPerVehicleReport Page_Load          - Error occurred in Page_Load Exception is :Unable to cast object of type 'System.Data.DataSet' to type 'System.Data.DataTable'.
ERROR 2018-10-05 19:02:16,198 2043053ms eByHubPerVehicleReport Page_Load          - Error occurred in Page_Load Exception is :Unable to cast object of type 'System.Data.DataSet' to type 'System.Data.DataTable'.
ERROR 2018-10-05 19:02:16,362 2043216ms eByHubPerVehicleReport Page_Load          - Error occurred in Page_Load Exception is :Unable to cast object of type 'System.Data.DataSet' to type 'System.Data.DataTable'.
ERROR 2018-10-05 19:02:16,550 2043404ms eByHubPerVehicleReport Page_Load          - Error occurred in Page_Load Exception is :Unable to cast object of type 'System.Data.DataSet' to type 'System.Data.DataTable'.
ERROR 2018-10-05 19:02:16,731 2043586ms eByHubPerVehicleReport Page_Load          - Error occurred in Page_Load Exception is :Unable to cast object of type 'System.Data.DataSet' to type 'System.Data.DataTable'.
ERROR 2018-10-05 19:02:16,924 2043778ms eByHubPerVehicleReport Page_Load          - Error occurred in Page_Load Exception is :Unable to cast object of type 'System.Data.DataSet' to type 'System.Data.DataTable'.
ERROR 2018-10-05 19:02:17,103 2043957ms eByHubPerVehicleReport Page_Load          - Error occurred in Page_Load Exception is :Unable to cast object of type 'System.Data.DataSet' to type 'System.Data.DataTable'.
ERROR 2018-10-05 19:02:17,286 2044140ms eByHubPerVehicleReport Page_Load          - Error occurred in Page_Load Exception is :Unable to cast object of type 'System.Data.DataSet' to type 'System.Data.DataTable'.
ERROR 2018-10-05 19:02:17,478 2044333ms eByHubPerVehicleReport Page_Load          - Error occurred in Page_Load Exception is :Unable to cast object of type 'System.Data.DataSet' to type 'System.Data.DataTable'.
ERROR 2018-10-05 19:02:17,641 2044495ms eByHubPerVehicleReport Page_Load          - Error occurred in Page_Load Exception is :Unable to cast object of type 'System.Data.DataSet' to type 'System.Data.DataTable'.
ERROR 2018-10-05 19:02:17,840 2044694ms eByHubPerVehicleReport Page_Load          - Error occurred in Page_Load Exception is :Unable to cast object of type 'System.Data.DataSet' to type 'System.Data.DataTable'.
ERROR 2018-10-05 19:02:18,024 2044878ms eByHubPerVehicleReport Page_Load          - Error occurred in Page_Load Exception is :Unable to cast object of type 'System.Data.DataSet' to type 'System.Data.DataTable'.
ERROR 2018-10-05 19:02:18,196 2045050ms eByHubPerVehicleReport Page_Load          - Error occurred in Page_Load Exception is :Unable to cast object of type 'System.Data.DataSet' to type 'System.Data.DataTable'.
ERROR 2018-10-05 19:02:18,378 2045232ms eByHubPerVehicleReport Page_Load          - Error occurred in Page_Load Exception is :Unable to cast object of type 'System.Data.DataSet' to type 'System.Data.DataTable'.
ERROR 2018-10-05 19:02:18,555 2045410ms eByHubPerVehicleReport Page_Load          - Error occurred in Page_Load Exception is :Unable to cast object of type 'System.Data.DataSet' to type 'System.Data.DataTable'.
ERROR 2018-10-05 19:02:18,759 2045614ms eByHubPerVehicleReport Page_Load          - Error occurred in Page_Load Exception is :Unable to cast object of type 'System.Data.DataSet' to type 'System.Data.DataTable'.
DEBUG 2018-10-05 19:04:32,727  7609ms Login                  Page_Load          - IPADRESS 3 : ::1
DEBUG 2018-10-05 19:04:38,996 13877ms Login                  Page_Load          - IPADRESS 3 : ::1
ERROR 2018-10-05 19:04:40,460 15341ms Login                  CheckAfterAccept   - Error occurred in CheckAfterAccept Exception is :Thread was being aborted.
ERROR 2018-10-05 19:04:40,473 15354ms Login                  LogIn              - Error occurred in LogIn Exception is :Thread was being aborted.
ERROR 2018-10-05 19:05:12,175 47057ms eByHubPerVehicleReport Page_Load          - Error occurred in Page_Load Exception is :Unable to cast object of type 'System.Data.DataSet' to type 'System.Data.DataTable'.
ERROR 2018-10-05 19:05:12,390 47272ms eByHubPerVehicleReport Page_Load          - Error occurred in Page_Load Exception is :Unable to cast object of type 'System.Data.DataSet' to type 'System.Data.DataTable'.
ERROR 2018-10-05 19:05:12,637 47519ms eByHubPerVehicleReport Page_Load          - Error occurred in Page_Load Exception is :Unable to cast object of type 'System.Data.DataSet' to type 'System.Data.DataTable'.
ERROR 2018-10-05 19:05:12,929 47811ms eByHubPerVehicleReport Page_Load          - Error occurred in Page_Load Exception is :Unable to cast object of type 'System.Data.DataSet' to type 'System.Data.DataTable'.
ERROR 2018-10-05 19:05:13,187 48069ms eByHubPerVehicleReport Page_Load          - Error occurred in Page_Load Exception is :Unable to cast object of type 'System.Data.DataSet' to type 'System.Data.DataTable'.
ERROR 2018-10-05 19:05:13,481 48362ms eByHubPerVehicleReport Page_Load          - Error occurred in Page_Load Exception is :Unable to cast object of type 'System.Data.DataSet' to type 'System.Data.DataTable'.
ERROR 2018-10-05 19:05:13,695 48577ms eByHubPerVehicleReport Page_Load          - Error occurred in Page_Load Exception is :Unable to cast object of type 'System.Data.DataSet' to type 'System.Data.DataTable'.
ERROR 2018-10-05 19:05:13,963 48845ms eByHubPerVehicleReport Page_Load          - Error occurred in Page_Load Exception is :Unable to cast object of type 'System.Data.DataSet' to type 'System.Data.DataTable'.
ERROR 2018-10-05 19:05:14,204 49086ms eByHubPerVehicleReport Page_Load          - Error occurred in Page_Load Exception is :Unable to cast object of type 'System.Data.DataSet' to type 'System.Data.DataTable'.
ERROR 2018-10-05 19:05:14,436 49318ms eByHubPerVehicleReport Page_Load          - Error occurred in Page_Load Exception is :Unable to cast object of type 'System.Data.DataSet' to type 'System.Data.DataTable'.
ERROR 2018-10-05 19:05:14,644 49526ms eByHubPerVehicleReport Page_Load          - Error occurred in Page_Load Exception is :Unable to cast object of type 'System.Data.DataSet' to type 'System.Data.DataTable'.
ERROR 2018-10-05 19:05:14,856 49738ms eByHubPerVehicleReport Page_Load          - Error occurred in Page_Load Exception is :Unable to cast object of type 'System.Data.DataSet' to type 'System.Data.DataTable'.
ERROR 2018-10-05 19:05:15,133 50014ms eByHubPerVehicleReport Page_Load          - Error occurred in Page_Load Exception is :Unable to cast object of type 'System.Data.DataSet' to type 'System.Data.DataTable'.
ERROR 2018-10-05 19:05:15,368 50250ms eByHubPerVehicleReport Page_Load          - Error occurred in Page_Load Exception is :Unable to cast object of type 'System.Data.DataSet' to type 'System.Data.DataTable'.
ERROR 2018-10-05 19:05:15,643 50525ms eByHubPerVehicleReport Page_Load          - Error occurred in Page_Load Exception is :Unable to cast object of type 'System.Data.DataSet' to type 'System.Data.DataTable'.
ERROR 2018-10-05 19:05:15,929 50811ms eByHubPerVehicleReport Page_Load          - Error occurred in Page_Load Exception is :Unable to cast object of type 'System.Data.DataSet' to type 'System.Data.DataTable'.
ERROR 2018-10-05 19:05:16,158 51040ms eByHubPerVehicleReport Page_Load          - Error occurred in Page_Load Exception is :Unable to cast object of type 'System.Data.DataSet' to type 'System.Data.DataTable'.
ERROR 2018-10-05 19:05:16,387 51269ms eByHubPerVehicleReport Page_Load          - Error occurred in Page_Load Exception is :Unable to cast object of type 'System.Data.DataSet' to type 'System.Data.DataTable'.
ERROR 2018-10-05 19:05:16,614 51495ms eByHubPerVehicleReport Page_Load          - Error occurred in Page_Load Exception is :Unable to cast object of type 'System.Data.DataSet' to type 'System.Data.DataTable'.
ERROR 2018-10-05 19:05:16,826 51708ms eByHubPerVehicleReport Page_Load          - Error occurred in Page_Load Exception is :Unable to cast object of type 'System.Data.DataSet' to type 'System.Data.DataTable'.
ERROR 2018-10-05 19:05:17,260 52142ms eByHubPerVehicleReport Page_Load          - Error occurred in Page_Load Exception is :Unable to cast object of type 'System.Data.DataSet' to type 'System.Data.DataTable'.
ERROR 2018-10-05 19:05:17,487 52369ms eByHubPerVehicleReport Page_Load          - Error occurred in Page_Load Exception is :Unable to cast object of type 'System.Data.DataSet' to type 'System.Data.DataTable'.
ERROR 2018-10-05 19:05:17,753 52635ms eByHubPerVehicleReport Page_Load          - Error occurred in Page_Load Exception is :Unable to cast object of type 'System.Data.DataSet' to type 'System.Data.DataTable'.
ERROR 2018-10-05 19:05:18,013 52894ms eByHubPerVehicleReport Page_Load          - Error occurred in Page_Load Exception is :Unable to cast object of type 'System.Data.DataSet' to type 'System.Data.DataTable'.
ERROR 2018-10-05 19:05:18,272 53154ms eByHubPerVehicleReport Page_Load          - Error occurred in Page_Load Exception is :Unable to cast object of type 'System.Data.DataSet' to type 'System.Data.DataTable'.
ERROR 2018-10-05 19:05:18,485 53367ms eByHubPerVehicleReport Page_Load          - Error occurred in Page_Load Exception is :Unable to cast object of type 'System.Data.DataSet' to type 'System.Data.DataTable'.
ERROR 2018-10-05 19:05:18,762 53644ms eByHubPerVehicleReport Page_Load          - Error occurred in Page_Load Exception is :Unable to cast object of type 'System.Data.DataSet' to type 'System.Data.DataTable'.
ERROR 2018-10-05 19:05:19,027 53909ms eByHubPerVehicleReport Page_Load          - Error occurred in Page_Load Exception is :Unable to cast object of type 'System.Data.DataSet' to type 'System.Data.DataTable'.
ERROR 2018-10-05 19:05:19,265 54147ms eByHubPerVehicleReport Page_Load          - Error occurred in Page_Load Exception is :Unable to cast object of type 'System.Data.DataSet' to type 'System.Data.DataTable'.
ERROR 2018-10-05 19:05:19,532 54413ms eByHubPerVehicleReport Page_Load          - Error occurred in Page_Load Exception is :Unable to cast object of type 'System.Data.DataSet' to type 'System.Data.DataTable'.
ERROR 2018-10-05 19:05:19,760 54642ms eByHubPerVehicleReport Page_Load          - Error occurred in Page_Load Exception is :Unable to cast object of type 'System.Data.DataSet' to type 'System.Data.DataTable'.
ERROR 2018-10-05 19:05:20,009 54891ms eByHubPerVehicleReport Page_Load          - Error occurred in Page_Load Exception is :Unable to cast object of type 'System.Data.DataSet' to type 'System.Data.DataTable'.
ERROR 2018-10-05 19:05:20,308 55190ms eByHubPerVehicleReport Page_Load          - Error occurred in Page_Load Exception is :Unable to cast object of type 'System.Data.DataSet' to type 'System.Data.DataTable'.
ERROR 2018-10-05 19:05:20,520 55402ms eByHubPerVehicleReport Page_Load          - Error occurred in Page_Load Exception is :Unable to cast object of type 'System.Data.DataSet' to type 'System.Data.DataTable'.
ERROR 2018-10-05 19:05:20,719 55601ms eByHubPerVehicleReport Page_Load          - Error occurred in Page_Load Exception is :Unable to cast object of type 'System.Data.DataSet' to type 'System.Data.DataTable'.
ERROR 2018-10-05 19:05:20,948 55830ms eByHubPerVehicleReport Page_Load          - Error occurred in Page_Load Exception is :Unable to cast object of type 'System.Data.DataSet' to type 'System.Data.DataTable'.
ERROR 2018-10-05 19:05:21,268 56150ms eByHubPerVehicleReport Page_Load          - Error occurred in Page_Load Exception is :Unable to cast object of type 'System.Data.DataSet' to type 'System.Data.DataTable'.
ERROR 2018-10-05 19:05:21,731 56613ms eByHubPerVehicleReport Page_Load          - Error occurred in Page_Load Exception is :Unable to cast object of type 'System.Data.DataSet' to type 'System.Data.DataTable'.
ERROR 2018-10-05 19:05:22,122 57004ms eByHubPerVehicleReport Page_Load          - Error occurred in Page_Load Exception is :Unable to cast object of type 'System.Data.DataSet' to type 'System.Data.DataTable'.
ERROR 2018-10-05 19:05:22,370 57252ms eByHubPerVehicleReport Page_Load          - Error occurred in Page_Load Exception is :Unable to cast object of type 'System.Data.DataSet' to type 'System.Data.DataTable'.
ERROR 2018-10-05 19:05:27,573 62455ms eByHubPerVehicleReport Page_Load          - Error occurred in Page_Load Exception is :Unable to cast object of type 'System.Data.DataSet' to type 'System.Data.DataTable'.
ERROR 2018-10-05 19:05:27,810 62691ms eByHubPerVehicleReport Page_Load          - Error occurred in Page_Load Exception is :Unable to cast object of type 'System.Data.DataSet' to type 'System.Data.DataTable'.
ERROR 2018-10-05 19:05:28,027 62909ms eByHubPerVehicleReport Page_Load          - Error occurred in Page_Load Exception is :Unable to cast object of type 'System.Data.DataSet' to type 'System.Data.DataTable'.
ERROR 2018-10-05 19:05:28,216 63098ms eByHubPerVehicleReport Page_Load          - Error occurred in Page_Load Exception is :Unable to cast object of type 'System.Data.DataSet' to type 'System.Data.DataTable'.
ERROR 2018-10-05 19:05:28,403 63285ms eByHubPerVehicleReport Page_Load          - Error occurred in Page_Load Exception is :Unable to cast object of type 'System.Data.DataSet' to type 'System.Data.DataTable'.
ERROR 2018-10-05 19:05:28,596 63478ms eByHubPerVehicleReport Page_Load          - Error occurred in Page_Load Exception is :Unable to cast object of type 'System.Data.DataSet' to type 'System.Data.DataTable'.
ERROR 2018-10-05 19:05:28,846 63728ms eByHubPerVehicleReport Page_Load          - Error occurred in Page_Load Exception is :Unable to cast object of type 'System.Data.DataSet' to type 'System.Data.DataTable'.
ERROR 2018-10-05 19:05:29,426 64307ms eByHubPerVehicleReport Page_Load          - Error occurred in Page_Load Exception is :Unable to cast object of type 'System.Data.DataSet' to type 'System.Data.DataTable'.
ERROR 2018-10-05 19:05:29,607 64489ms eByHubPerVehicleReport Page_Load          - Error occurred in Page_Load Exception is :Unable to cast object of type 'System.Data.DataSet' to type 'System.Data.DataTable'.
ERROR 2018-10-05 19:05:29,862 64744ms eByHubPerVehicleReport Page_Load          - Error occurred in Page_Load Exception is :Unable to cast object of type 'System.Data.DataSet' to type 'System.Data.DataTable'.
ERROR 2018-10-05 19:05:30,139 65021ms eByHubPerVehicleReport Page_Load          - Error occurred in Page_Load Exception is :Unable to cast object of type 'System.Data.DataSet' to type 'System.Data.DataTable'.
ERROR 2018-10-05 19:05:30,365 65247ms eByHubPerVehicleReport Page_Load          - Error occurred in Page_Load Exception is :Unable to cast object of type 'System.Data.DataSet' to type 'System.Data.DataTable'.
ERROR 2018-10-05 19:05:30,620 65502ms eByHubPerVehicleReport Page_Load          - Error occurred in Page_Load Exception is :Unable to cast object of type 'System.Data.DataSet' to type 'System.Data.DataTable'.
ERROR 2018-10-05 19:05:31,183 66065ms eByHubPerVehicleReport Page_Load          - Error occurred in Page_Load Exception is :Unable to cast object of type 'System.Data.DataSet' to type 'System.Data.DataTable'.
ERROR 2018-10-05 19:05:31,613 66495ms eByHubPerVehicleReport Page_Load          - Error occurred in Page_Load Exception is :Unable to cast object of type 'System.Data.DataSet' to type 'System.Data.DataTable'.
ERROR 2018-10-05 19:05:31,976 66858ms eByHubPerVehicleReport Page_Load          - Error occurred in Page_Load Exception is :Unable to cast object of type 'System.Data.DataSet' to type 'System.Data.DataTable'.
ERROR 2018-10-05 19:05:32,270 67151ms eByHubPerVehicleReport Page_Load          - Error occurred in Page_Load Exception is :Unable to cast object of type 'System.Data.DataSet' to type 'System.Data.DataTable'.
ERROR 2018-10-05 19:05:32,492 67374ms eByHubPerVehicleReport Page_Load          - Error occurred in Page_Load Exception is :Unable to cast object of type 'System.Data.DataSet' to type 'System.Data.DataTable'.
ERROR 2018-10-05 19:05:32,779 67661ms eByHubPerVehicleReport Page_Load          - Error occurred in Page_Load Exception is :Unable to cast object of type 'System.Data.DataSet' to type 'System.Data.DataTable'.
ERROR 2018-10-05 19:05:33,046 67928ms eByHubPerVehicleReport Page_Load          - Error occurred in Page_Load Exception is :Unable to cast object of type 'System.Data.DataSet' to type 'System.Data.DataTable'.
ERROR 2018-10-05 19:06:03,281 98163ms eByHubPerVehicleReport Page_Load          - Error occurred in Page_Load Exception is :Unable to cast object of type 'System.Data.DataSet' to type 'System.Data.DataTable'.
ERROR 2018-10-05 19:06:03,553 98435ms eByHubPerVehicleReport Page_Load          - Error occurred in Page_Load Exception is :Unable to cast object of type 'System.Data.DataSet' to type 'System.Data.DataTable'.
ERROR 2018-10-05 19:06:03,921 98803ms eByHubPerVehicleReport Page_Load          - Error occurred in Page_Load Exception is :Unable to cast object of type 'System.Data.DataSet' to type 'System.Data.DataTable'.
ERROR 2018-10-05 19:06:04,542 99423ms eByHubPerVehicleReport Page_Load          - Error occurred in Page_Load Exception is :Unable to cast object of type 'System.Data.DataSet' to type 'System.Data.DataTable'.
ERROR 2018-10-05 19:06:04,904 99786ms eByHubPerVehicleReport Page_Load          - Error occurred in Page_Load Exception is :Unable to cast object of type 'System.Data.DataSet' to type 'System.Data.DataTable'.
ERROR 2018-10-05 19:06:05,093 99975ms eByHubPerVehicleReport Page_Load          - Error occurred in Page_Load Exception is :Unable to cast object of type 'System.Data.DataSet' to type 'System.Data.DataTable'.
ERROR 2018-10-05 19:06:05,283 100165ms eByHubPerVehicleReport Page_Load          - Error occurred in Page_Load Exception is :Unable to cast object of type 'System.Data.DataSet' to type 'System.Data.DataTable'.
ERROR 2018-10-05 19:06:05,514 100396ms eByHubPerVehicleReport Page_Load          - Error occurred in Page_Load Exception is :Unable to cast object of type 'System.Data.DataSet' to type 'System.Data.DataTable'.
ERROR 2018-10-05 19:06:05,742 100624ms eByHubPerVehicleReport Page_Load          - Error occurred in Page_Load Exception is :Unable to cast object of type 'System.Data.DataSet' to type 'System.Data.DataTable'.
ERROR 2018-10-05 19:06:05,971 100852ms eByHubPerVehicleReport Page_Load          - Error occurred in Page_Load Exception is :Unable to cast object of type 'System.Data.DataSet' to type 'System.Data.DataTable'.
ERROR 2018-10-05 19:06:06,277 101159ms eByHubPerVehicleReport Page_Load          - Error occurred in Page_Load Exception is :Unable to cast object of type 'System.Data.DataSet' to type 'System.Data.DataTable'.
ERROR 2018-10-05 19:06:06,583 101465ms eByHubPerVehicleReport Page_Load          - Error occurred in Page_Load Exception is :Unable to cast object of type 'System.Data.DataSet' to type 'System.Data.DataTable'.
ERROR 2018-10-05 19:06:06,811 101693ms eByHubPerVehicleReport Page_Load          - Error occurred in Page_Load Exception is :Unable to cast object of type 'System.Data.DataSet' to type 'System.Data.DataTable'.
ERROR 2018-10-05 19:06:06,987 101869ms eByHubPerVehicleReport Page_Load          - Error occurred in Page_Load Exception is :Unable to cast object of type 'System.Data.DataSet' to type 'System.Data.DataTable'.
ERROR 2018-10-05 19:06:07,186 102068ms eByHubPerVehicleReport Page_Load          - Error occurred in Page_Load Exception is :Unable to cast object of type 'System.Data.DataSet' to type 'System.Data.DataTable'.
ERROR 2018-10-05 19:06:07,415 102296ms eByHubPerVehicleReport Page_Load          - Error occurred in Page_Load Exception is :Unable to cast object of type 'System.Data.DataSet' to type 'System.Data.DataTable'.
ERROR 2018-10-05 19:06:07,613 102495ms eByHubPerVehicleReport Page_Load          - Error occurred in Page_Load Exception is :Unable to cast object of type 'System.Data.DataSet' to type 'System.Data.DataTable'.
ERROR 2018-10-05 19:06:07,819 102701ms eByHubPerVehicleReport Page_Load          - Error occurred in Page_Load Exception is :Unable to cast object of type 'System.Data.DataSet' to type 'System.Data.DataTable'.
ERROR 2018-10-05 19:06:08,009 102891ms eByHubPerVehicleReport Page_Load          - Error occurred in Page_Load Exception is :Unable to cast object of type 'System.Data.DataSet' to type 'System.Data.DataTable'.
ERROR 2018-10-05 19:06:08,219 103101ms eByHubPerVehicleReport Page_Load          - Error occurred in Page_Load Exception is :Unable to cast object of type 'System.Data.DataSet' to type 'System.Data.DataTable'.
ERROR 2018-10-05 19:06:27,614 122496ms eByHubPerVehicleReport Page_Load          - Error occurred in Page_Load Exception is :Unable to cast object of type 'System.Data.DataSet' to type 'System.Data.DataTable'.
ERROR 2018-10-05 19:06:27,781 122663ms eByHubPerVehicleReport Page_Load          - Error occurred in Page_Load Exception is :Unable to cast object of type 'System.Data.DataSet' to type 'System.Data.DataTable'.
ERROR 2018-10-05 19:06:27,940 122822ms eByHubPerVehicleReport Page_Load          - Error occurred in Page_Load Exception is :Unable to cast object of type 'System.Data.DataSet' to type 'System.Data.DataTable'.
ERROR 2018-10-05 19:06:28,098 122980ms eByHubPerVehicleReport Page_Load          - Error occurred in Page_Load Exception is :Unable to cast object of type 'System.Data.DataSet' to type 'System.Data.DataTable'.
ERROR 2018-10-05 19:06:28,249 123131ms eByHubPerVehicleReport Page_Load          - Error occurred in Page_Load Exception is :Unable to cast object of type 'System.Data.DataSet' to type 'System.Data.DataTable'.
ERROR 2018-10-05 19:06:28,404 123286ms eByHubPerVehicleReport Page_Load          - Error occurred in Page_Load Exception is :Unable to cast object of type 'System.Data.DataSet' to type 'System.Data.DataTable'.
ERROR 2018-10-05 19:06:28,649 123531ms eByHubPerVehicleReport Page_Load          - Error occurred in Page_Load Exception is :Unable to cast object of type 'System.Data.DataSet' to type 'System.Data.DataTable'.
ERROR 2018-10-05 19:06:28,884 123766ms eByHubPerVehicleReport Page_Load          - Error occurred in Page_Load Exception is :Unable to cast object of type 'System.Data.DataSet' to type 'System.Data.DataTable'.
ERROR 2018-10-05 19:06:29,059 123941ms eByHubPerVehicleReport Page_Load          - Error occurred in Page_Load Exception is :Unable to cast object of type 'System.Data.DataSet' to type 'System.Data.DataTable'.
ERROR 2018-10-05 19:06:29,212 124094ms eByHubPerVehicleReport Page_Load          - Error occurred in Page_Load Exception is :Unable to cast object of type 'System.Data.DataSet' to type 'System.Data.DataTable'.
ERROR 2018-10-05 19:06:29,368 124250ms eByHubPerVehicleReport Page_Load          - Error occurred in Page_Load Exception is :Unable to cast object of type 'System.Data.DataSet' to type 'System.Data.DataTable'.
ERROR 2018-10-05 19:06:29,547 124429ms eByHubPerVehicleReport Page_Load          - Error occurred in Page_Load Exception is :Unable to cast object of type 'System.Data.DataSet' to type 'System.Data.DataTable'.
ERROR 2018-10-05 19:06:29,693 124575ms eByHubPerVehicleReport Page_Load          - Error occurred in Page_Load Exception is :Unable to cast object of type 'System.Data.DataSet' to type 'System.Data.DataTable'.
ERROR 2018-10-05 19:06:29,849 124731ms eByHubPerVehicleReport Page_Load          - Error occurred in Page_Load Exception is :Unable to cast object of type 'System.Data.DataSet' to type 'System.Data.DataTable'.
ERROR 2018-10-05 19:06:30,008 124890ms eByHubPerVehicleReport Page_Load          - Error occurred in Page_Load Exception is :Unable to cast object of type 'System.Data.DataSet' to type 'System.Data.DataTable'.
ERROR 2018-10-05 19:06:30,160 125042ms eByHubPerVehicleReport Page_Load          - Error occurred in Page_Load Exception is :Unable to cast object of type 'System.Data.DataSet' to type 'System.Data.DataTable'.
ERROR 2018-10-05 19:06:30,335 125217ms eByHubPerVehicleReport Page_Load          - Error occurred in Page_Load Exception is :Unable to cast object of type 'System.Data.DataSet' to type 'System.Data.DataTable'.
ERROR 2018-10-05 19:06:30,485 125367ms eByHubPerVehicleReport Page_Load          - Error occurred in Page_Load Exception is :Unable to cast object of type 'System.Data.DataSet' to type 'System.Data.DataTable'.
ERROR 2018-10-05 19:06:30,637 125519ms eByHubPerVehicleReport Page_Load          - Error occurred in Page_Load Exception is :Unable to cast object of type 'System.Data.DataSet' to type 'System.Data.DataTable'.
ERROR 2018-10-05 19:06:30,800 125682ms eByHubPerVehicleReport Page_Load          - Error occurred in Page_Load Exception is :Unable to cast object of type 'System.Data.DataSet' to type 'System.Data.DataTable'.
ERROR 2018-10-05 19:06:31,007 125889ms eByHubPerVehicleReport Page_Load          - Error occurred in Page_Load Exception is :Unable to cast object of type 'System.Data.DataSet' to type 'System.Data.DataTable'.
ERROR 2018-10-05 19:06:31,152 126034ms eByHubPerVehicleReport Page_Load          - Error occurred in Page_Load Exception is :Unable to cast object of type 'System.Data.DataSet' to type 'System.Data.DataTable'.
ERROR 2018-10-05 19:06:31,323 126205ms eByHubPerVehicleReport Page_Load          - Error occurred in Page_Load Exception is :Unable to cast object of type 'System.Data.DataSet' to type 'System.Data.DataTable'.
ERROR 2018-10-05 19:06:31,482 126364ms eByHubPerVehicleReport Page_Load          - Error occurred in Page_Load Exception is :Unable to cast object of type 'System.Data.DataSet' to type 'System.Data.DataTable'.
ERROR 2018-10-05 19:06:31,632 126514ms eByHubPerVehicleReport Page_Load          - Error occurred in Page_Load Exception is :Unable to cast object of type 'System.Data.DataSet' to type 'System.Data.DataTable'.
ERROR 2018-10-05 19:06:31,803 126685ms eByHubPerVehicleReport Page_Load          - Error occurred in Page_Load Exception is :Unable to cast object of type 'System.Data.DataSet' to type 'System.Data.DataTable'.
ERROR 2018-10-05 19:06:31,947 126829ms eByHubPerVehicleReport Page_Load          - Error occurred in Page_Load Exception is :Unable to cast object of type 'System.Data.DataSet' to type 'System.Data.DataTable'.
ERROR 2018-10-05 19:06:32,108 126990ms eByHubPerVehicleReport Page_Load          - Error occurred in Page_Load Exception is :Unable to cast object of type 'System.Data.DataSet' to type 'System.Data.DataTable'.
ERROR 2018-10-05 19:06:32,271 127153ms eByHubPerVehicleReport Page_Load          - Error occurred in Page_Load Exception is :Unable to cast object of type 'System.Data.DataSet' to type 'System.Data.DataTable'.
ERROR 2018-10-05 19:06:32,428 127310ms eByHubPerVehicleReport Page_Load          - Error occurred in Page_Load Exception is :Unable to cast object of type 'System.Data.DataSet' to type 'System.Data.DataTable'.
ERROR 2018-10-05 19:06:32,591 127473ms eByHubPerVehicleReport Page_Load          - Error occurred in Page_Load Exception is :Unable to cast object of type 'System.Data.DataSet' to type 'System.Data.DataTable'.
ERROR 2018-10-05 19:06:32,738 127620ms eByHubPerVehicleReport Page_Load          - Error occurred in Page_Load Exception is :Unable to cast object of type 'System.Data.DataSet' to type 'System.Data.DataTable'.
ERROR 2018-10-05 19:06:32,899 127780ms eByHubPerVehicleReport Page_Load          - Error occurred in Page_Load Exception is :Unable to cast object of type 'System.Data.DataSet' to type 'System.Data.DataTable'.
ERROR 2018-10-05 19:06:33,053 127935ms eByHubPerVehicleReport Page_Load          - Error occurred in Page_Load Exception is :Unable to cast object of type 'System.Data.DataSet' to type 'System.Data.DataTable'.
ERROR 2018-10-05 19:06:33,206 128088ms eByHubPerVehicleReport Page_Load          - Error occurred in Page_Load Exception is :Unable to cast object of type 'System.Data.DataSet' to type 'System.Data.DataTable'.
ERROR 2018-10-05 19:06:33,386 128268ms eByHubPerVehicleReport Page_Load          - Error occurred in Page_Load Exception is :Unable to cast object of type 'System.Data.DataSet' to type 'System.Data.DataTable'.
ERROR 2018-10-05 19:06:33,544 128426ms eByHubPerVehicleReport Page_Load          - Error occurred in Page_Load Exception is :Unable to cast object of type 'System.Data.DataSet' to type 'System.Data.DataTable'.
ERROR 2018-10-05 19:06:33,699 128581ms eByHubPerVehicleReport Page_Load          - Error occurred in Page_Load Exception is :Unable to cast object of type 'System.Data.DataSet' to type 'System.Data.DataTable'.
ERROR 2018-10-05 19:06:33,865 128747ms eByHubPerVehicleReport Page_Load          - Error occurred in Page_Load Exception is :Unable to cast object of type 'System.Data.DataSet' to type 'System.Data.DataTable'.
ERROR 2018-10-05 19:06:34,034 128916ms eByHubPerVehicleReport Page_Load          - Error occurred in Page_Load Exception is :Unable to cast object of type 'System.Data.DataSet' to type 'System.Data.DataTable'.
ERROR 2018-10-05 19:06:39,272 134154ms eByHubPerVehicleReport Page_Load          - Error occurred in Page_Load Exception is :Unable to cast object of type 'System.Data.DataSet' to type 'System.Data.DataTable'.
ERROR 2018-10-05 19:06:39,424 134306ms eByHubPerVehicleReport Page_Load          - Error occurred in Page_Load Exception is :Unable to cast object of type 'System.Data.DataSet' to type 'System.Data.DataTable'.
ERROR 2018-10-05 19:06:39,600 134482ms eByHubPerVehicleReport Page_Load          - Error occurred in Page_Load Exception is :Unable to cast object of type 'System.Data.DataSet' to type 'System.Data.DataTable'.
ERROR 2018-10-05 19:06:39,829 134711ms eByHubPerVehicleReport Page_Load          - Error occurred in Page_Load Exception is :Unable to cast object of type 'System.Data.DataSet' to type 'System.Data.DataTable'.
ERROR 2018-10-05 19:06:39,994 134875ms eByHubPerVehicleReport Page_Load          - Error occurred in Page_Load Exception is :Unable to cast object of type 'System.Data.DataSet' to type 'System.Data.DataTable'.
ERROR 2018-10-05 19:06:40,158 135040ms eByHubPerVehicleReport Page_Load          - Error occurred in Page_Load Exception is :Unable to cast object of type 'System.Data.DataSet' to type 'System.Data.DataTable'.
ERROR 2018-10-05 19:06:40,339 135221ms eByHubPerVehicleReport Page_Load          - Error occurred in Page_Load Exception is :Unable to cast object of type 'System.Data.DataSet' to type 'System.Data.DataTable'.
ERROR 2018-10-05 19:06:40,526 135407ms eByHubPerVehicleReport Page_Load          - Error occurred in Page_Load Exception is :Unable to cast object of type 'System.Data.DataSet' to type 'System.Data.DataTable'.
ERROR 2018-10-05 19:06:40,682 135564ms eByHubPerVehicleReport Page_Load          - Error occurred in Page_Load Exception is :Unable to cast object of type 'System.Data.DataSet' to type 'System.Data.DataTable'.
ERROR 2018-10-05 19:06:40,876 135758ms eByHubPerVehicleReport Page_Load          - Error occurred in Page_Load Exception is :Unable to cast object of type 'System.Data.DataSet' to type 'System.Data.DataTable'.
ERROR 2018-10-05 19:06:41,046 135928ms eByHubPerVehicleReport Page_Load          - Error occurred in Page_Load Exception is :Unable to cast object of type 'System.Data.DataSet' to type 'System.Data.DataTable'.
ERROR 2018-10-05 19:06:41,207 136089ms eByHubPerVehicleReport Page_Load          - Error occurred in Page_Load Exception is :Unable to cast object of type 'System.Data.DataSet' to type 'System.Data.DataTable'.
ERROR 2018-10-05 19:06:41,384 136266ms eByHubPerVehicleReport Page_Load          - Error occurred in Page_Load Exception is :Unable to cast object of type 'System.Data.DataSet' to type 'System.Data.DataTable'.
ERROR 2018-10-05 19:06:41,562 136444ms eByHubPerVehicleReport Page_Load          - Error occurred in Page_Load Exception is :Unable to cast object of type 'System.Data.DataSet' to type 'System.Data.DataTable'.
ERROR 2018-10-05 19:06:41,714 136596ms eByHubPerVehicleReport Page_Load          - Error occurred in Page_Load Exception is :Unable to cast object of type 'System.Data.DataSet' to type 'System.Data.DataTable'.
ERROR 2018-10-05 19:06:41,890 136772ms eByHubPerVehicleReport Page_Load          - Error occurred in Page_Load Exception is :Unable to cast object of type 'System.Data.DataSet' to type 'System.Data.DataTable'.
ERROR 2018-10-05 19:06:42,057 136939ms eByHubPerVehicleReport Page_Load          - Error occurred in Page_Load Exception is :Unable to cast object of type 'System.Data.DataSet' to type 'System.Data.DataTable'.
ERROR 2018-10-05 19:06:42,255 137137ms eByHubPerVehicleReport Page_Load          - Error occurred in Page_Load Exception is :Unable to cast object of type 'System.Data.DataSet' to type 'System.Data.DataTable'.
ERROR 2018-10-05 19:06:42,410 137292ms eByHubPerVehicleReport Page_Load          - Error occurred in Page_Load Exception is :Unable to cast object of type 'System.Data.DataSet' to type 'System.Data.DataTable'.
ERROR 2018-10-05 19:06:42,581 137463ms eByHubPerVehicleReport Page_Load          - Error occurred in Page_Load Exception is :Unable to cast object of type 'System.Data.DataSet' to type 'System.Data.DataTable'.
ERROR 2018-10-05 19:07:12,799 167681ms eByHubPerVehicleReport Page_Load          - Error occurred in Page_Load Exception is :Unable to cast object of type 'System.Data.DataSet' to type 'System.Data.DataTable'.
ERROR 2018-10-05 19:07:13,004 167885ms eByHubPerVehicleReport Page_Load          - Error occurred in Page_Load Exception is :Unable to cast object of type 'System.Data.DataSet' to type 'System.Data.DataTable'.
ERROR 2018-10-05 19:07:13,178 168059ms eByHubPerVehicleReport Page_Load          - Error occurred in Page_Load Exception is :Unable to cast object of type 'System.Data.DataSet' to type 'System.Data.DataTable'.
ERROR 2018-10-05 19:07:13,354 168236ms eByHubPerVehicleReport Page_Load          - Error occurred in Page_Load Exception is :Unable to cast object of type 'System.Data.DataSet' to type 'System.Data.DataTable'.
ERROR 2018-10-05 19:07:13,506 168388ms eByHubPerVehicleReport Page_Load          - Error occurred in Page_Load Exception is :Unable to cast object of type 'System.Data.DataSet' to type 'System.Data.DataTable'.
ERROR 2018-10-05 19:07:13,681 168562ms eByHubPerVehicleReport Page_Load          - Error occurred in Page_Load Exception is :Unable to cast object of type 'System.Data.DataSet' to type 'System.Data.DataTable'.
ERROR 2018-10-05 19:07:13,843 168725ms eByHubPerVehicleReport Page_Load          - Error occurred in Page_Load Exception is :Unable to cast object of type 'System.Data.DataSet' to type 'System.Data.DataTable'.
ERROR 2018-10-05 19:07:14,110 168992ms eByHubPerVehicleReport Page_Load          - Error occurred in Page_Load Exception is :Unable to cast object of type 'System.Data.DataSet' to type 'System.Data.DataTable'.
ERROR 2018-10-05 19:07:14,292 169174ms eByHubPerVehicleReport Page_Load          - Error occurred in Page_Load Exception is :Unable to cast object of type 'System.Data.DataSet' to type 'System.Data.DataTable'.
ERROR 2018-10-05 19:07:14,467 169349ms eByHubPerVehicleReport Page_Load          - Error occurred in Page_Load Exception is :Unable to cast object of type 'System.Data.DataSet' to type 'System.Data.DataTable'.
ERROR 2018-10-05 19:07:14,651 169533ms eByHubPerVehicleReport Page_Load          - Error occurred in Page_Load Exception is :Unable to cast object of type 'System.Data.DataSet' to type 'System.Data.DataTable'.
ERROR 2018-10-05 19:07:14,923 169805ms eByHubPerVehicleReport Page_Load          - Error occurred in Page_Load Exception is :Unable to cast object of type 'System.Data.DataSet' to type 'System.Data.DataTable'.
ERROR 2018-10-05 19:07:15,087 169968ms eByHubPerVehicleReport Page_Load          - Error occurred in Page_Load Exception is :Unable to cast object of type 'System.Data.DataSet' to type 'System.Data.DataTable'.
ERROR 2018-10-05 19:07:15,289 170170ms eByHubPerVehicleReport Page_Load          - Error occurred in Page_Load Exception is :Unable to cast object of type 'System.Data.DataSet' to type 'System.Data.DataTable'.
ERROR 2018-10-05 19:07:15,460 170342ms eByHubPerVehicleReport Page_Load          - Error occurred in Page_Load Exception is :Unable to cast object of type 'System.Data.DataSet' to type 'System.Data.DataTable'.
ERROR 2018-10-05 19:07:15,629 170511ms eByHubPerVehicleReport Page_Load          - Error occurred in Page_Load Exception is :Unable to cast object of type 'System.Data.DataSet' to type 'System.Data.DataTable'.
ERROR 2018-10-05 19:07:15,822 170704ms eByHubPerVehicleReport Page_Load          - Error occurred in Page_Load Exception is :Unable to cast object of type 'System.Data.DataSet' to type 'System.Data.DataTable'.
ERROR 2018-10-05 19:07:16,004 170886ms eByHubPerVehicleReport Page_Load          - Error occurred in Page_Load Exception is :Unable to cast object of type 'System.Data.DataSet' to type 'System.Data.DataTable'.
ERROR 2018-10-05 19:07:16,166 171048ms eByHubPerVehicleReport Page_Load          - Error occurred in Page_Load Exception is :Unable to cast object of type 'System.Data.DataSet' to type 'System.Data.DataTable'.
ERROR 2018-10-05 19:07:16,314 171196ms eByHubPerVehicleReport Page_Load          - Error occurred in Page_Load Exception is :Unable to cast object of type 'System.Data.DataSet' to type 'System.Data.DataTable'.
DEBUG 2018-10-05 19:09:39,974  4961ms Login                  Page_Load          - IPADRESS 3 : ::1
DEBUG 2018-10-05 19:09:43,521  8508ms Login                  Page_Load          - IPADRESS 3 : ::1
ERROR 2018-10-05 19:09:45,184 10171ms Login                  CheckAfterAccept   - Error occurred in CheckAfterAccept Exception is :Thread was being aborted.
ERROR 2018-10-05 19:09:45,200 10187ms Login                  LogIn              - Error occurred in LogIn Exception is :Thread was being aborted.
ERROR 2018-10-05 19:10:35,553 60540ms eByHubPerVehicleReport Page_Load          - Error occurred in Page_Load Exception is :Unable to cast object of type 'System.Data.DataSet' to type 'System.Data.DataTable'.
DEBUG 2018-10-05 19:27:30,505  4388ms Login                  Page_Load          - IPADRESS 3 : ::1
DEBUG 2018-10-05 19:27:46,045 19929ms Login                  Page_Load          - IPADRESS 3 : ::1
ERROR 2018-10-05 19:27:47,505 21389ms Login                  CheckAfterAccept   - Error occurred in CheckAfterAccept Exception is :Thread was being aborted.
ERROR 2018-10-05 19:27:47,521 21405ms Login                  LogIn              - Error occurred in LogIn Exception is :Thread was being aborted.
DEBUG 2018-10-08 02:45:52,636  6049ms Login                  Page_Load          - IPADRESS 3 : ::1
DEBUG 2018-10-08 02:45:57,469 10882ms Login                  Page_Load          - IPADRESS 3 : ::1
ERROR 2018-10-08 02:45:58,751 12164ms Login                  CheckAfterAccept   - Error occurred in CheckAfterAccept Exception is :Thread was being aborted.
ERROR 2018-10-08 02:45:58,779 12192ms Login                  LogIn              - Error occurred in LogIn Exception is :Thread was being aborted.
DEBUG 2018-10-08 02:48:59,318  5416ms Login                  Page_Load          - IPADRESS 3 : ::1
DEBUG 2018-10-08 02:49:06,872 12969ms Login                  Page_Load          - IPADRESS 3 : ::1
DEBUG 2018-10-08 02:49:08,156 14253ms Login                  Page_Load          - IPADRESS 3 : ::1
ERROR 2018-10-08 02:49:09,549 15647ms Login                  CheckAfterAccept   - Error occurred in CheckAfterAccept Exception is :Thread was being aborted.
ERROR 2018-10-08 02:49:09,560 15658ms Login                  LogIn              - Error occurred in LogIn Exception is :Thread was being aborted.
ERROR 2018-10-08 02:49:26,421 32518ms eByHubPerVehicleReport Page_Load          - Error occurred in Page_Load Exception is :A column named 'DepartmentName' already belongs to this DataTable.
ERROR 2018-10-08 02:49:32,764 38861ms eByHubPerVehicleReport Page_Load          - Error occurred in Page_Load Exception is :A column named 'DepartmentName' already belongs to this DataTable.
ERROR 2018-10-08 02:50:20,909 87007ms eByHubPerVehicleReport Page_Load          - Error occurred in Page_Load Exception is :A column named 'DepartmentName' already belongs to this DataTable.
ERROR 2018-10-08 02:51:19,644 145741ms eByHubPerVehicleReport Page_Load          - Error occurred in Page_Load Exception is :Specified cast is not valid.
DEBUG 2018-10-08 02:52:32,557  4664ms Login                  Page_Load          - IPADRESS 3 : ::1
DEBUG 2018-10-08 02:52:48,434 20540ms Login                  Page_Load          - IPADRESS 3 : ::1
ERROR 2018-10-08 02:52:49,610 21716ms Login                  CheckAfterAccept   - Error occurred in CheckAfterAccept Exception is :Thread was being aborted.
ERROR 2018-10-08 02:52:49,625 21731ms Login                  LogIn              - Error occurred in LogIn Exception is :Thread was being aborted.
DEBUG 2018-10-08 02:53:47,838  4642ms Login                  Page_Load          - IPADRESS 3 : ::1
DEBUG 2018-10-08 02:53:50,791  7595ms Login                  Page_Load          - IPADRESS 3 : ::1
ERROR 2018-10-08 02:53:52,096  8899ms Login                  CheckAfterAccept   - Error occurred in CheckAfterAccept Exception is :Thread was being aborted.
ERROR 2018-10-08 02:53:52,109  8912ms Login                  LogIn              - Error occurred in LogIn Exception is :Thread was being aborted.
DEBUG 2018-10-08 03:03:40,355  6302ms Login                  Page_Load          - IPADRESS 3 : ::1
DEBUG 2018-10-08 03:03:43,841  9788ms Login                  Page_Load          - IPADRESS 3 : ::1
ERROR 2018-10-08 03:03:46,380 12327ms Login                  CheckAfterAccept   - Error occurred in CheckAfterAccept Exception is :Thread was being aborted.
ERROR 2018-10-08 03:03:46,407 12354ms Login                  LogIn              - Error occurred in LogIn Exception is :Thread was being aborted.
ERROR 2018-10-08 03:04:49,783 75730ms eByHubPerVehicleReport Page_Load          - Error occurred in Page_Load Exception is :Unable to cast object of type 'Grouping[VB$AnonymousType_1`1[System.String],VB$AnonymousType_0`1[System.String]]' to type 'System.String'.
DEBUG 2018-10-08 03:20:03,762  3907ms Login                  Page_Load          - IPADRESS 3 : ::1
DEBUG 2018-10-08 03:20:06,942  7087ms Login                  Page_Load          - IPADRESS 3 : ::1
ERROR 2018-10-08 03:20:07,993  8138ms Login                  CheckAfterAccept   - Error occurred in CheckAfterAccept Exception is :Thread was being aborted.
ERROR 2018-10-08 03:20:08,006  8151ms Login                  LogIn              - Error occurred in LogIn Exception is :Thread was being aborted.
DEBUG 2018-10-08 03:53:14,891  4377ms Login                  Page_Load          - IPADRESS 3 : ::1
DEBUG 2018-10-08 03:53:26,163 15650ms Login                  Page_Load          - IPADRESS 3 : ::1
ERROR 2018-10-08 03:53:27,247 16734ms Login                  CheckAfterAccept   - Error occurred in CheckAfterAccept Exception is :Thread was being aborted.
ERROR 2018-10-08 03:53:27,262 16749ms Login                  LogIn              - Error occurred in LogIn Exception is :Thread was being aborted.
DEBUG 2018-10-08 03:59:57,694  5306ms Login                  Page_Load          - IPADRESS 3 : ::1
DEBUG 2018-10-08 04:00:00,752  8364ms Login                  Page_Load          - IPADRESS 3 : ::1
ERROR 2018-10-08 04:00:12,693 20305ms Login                  CheckAfterAccept   - Error occurred in CheckAfterAccept Exception is :Thread was being aborted.
ERROR 2018-10-08 04:00:12,706 20318ms Login                  LogIn              - Error occurred in LogIn Exception is :Thread was being aborted.
DEBUG 2018-10-08 04:00:13,270 20881ms Login                  Page_Load          - IPADRESS 3 : ::1
ERROR 2018-10-08 04:00:14,008 21620ms Login                  CheckAfterAccept   - Error occurred in CheckAfterAccept Exception is :Thread was being aborted.
ERROR 2018-10-08 04:00:14,022 21634ms Login                  LogIn              - Error occurred in LogIn Exception is :Thread was being aborted.
DEBUG 2018-10-08 04:06:17,383  4333ms Login                  Page_Load          - IPADRESS 3 : ::1
DEBUG 2018-10-08 04:06:20,719  7670ms Login                  Page_Load          - IPADRESS 3 : ::1
ERROR 2018-10-08 04:06:22,031  8981ms Login                  CheckAfterAccept   - Error occurred in CheckAfterAccept Exception is :Thread was being aborted.
ERROR 2018-10-08 04:06:22,044  8994ms Login                  LogIn              - Error occurred in LogIn Exception is :Thread was being aborted.
ERROR 2018-10-08 04:07:00,803 47754ms MasterBAL              heckAlreadyDeleted - Error occurred in SaveUpdateCustomizedExportTemplates Exception is :A transport-level error has occurred when receiving results from the server. (provider: Session Provider, error: 19 - Physical connection is not usable)
ERROR 2018-10-08 04:08:08,237 115188ms eByHubPerVehicleReport Page_Load          - Error occurred in Page_Load Exception is :Object reference not set to an instance of an object.
ERROR 2018-10-08 04:08:32,331 139281ms eByHubPerVehicleReport Page_Load          - Error occurred in Page_Load Exception is :Object reference not set to an instance of an object.
ERROR 2018-10-08 04:08:39,773 146724ms eByHubPerVehicleReport Page_Load          - Error occurred in Page_Load Exception is :Object reference not set to an instance of an object.
ERROR 2018-10-08 04:08:47,802 154753ms eByHubPerVehicleReport Page_Load          - Error occurred in Page_Load Exception is :Object reference not set to an instance of an object.
ERROR 2018-10-08 04:09:12,439 179389ms eByHubPerVehicleReport Page_Load          - Error occurred in Page_Load Exception is :Object reference not set to an instance of an object.
ERROR 2018-10-08 04:09:26,402 193352ms eByHubPerVehicleReport Page_Load          - Error occurred in Page_Load Exception is :Object reference not set to an instance of an object.
ERROR 2018-10-08 04:11:44,815 331766ms eByHubPerVehicleReport Page_Load          - Error occurred in Page_Load Exception is :Object reference not set to an instance of an object.
DEBUG 2018-10-08 05:02:43,440  7746ms Login                  Page_Load          - IPADRESS 3 : ::1
DEBUG 2018-10-08 05:02:43,457  7763ms Login                  Page_Load          - IPADRESS 3 : ::1
DEBUG 2018-10-08 05:02:47,779 12085ms Login                  Page_Load          - IPADRESS 3 : ::1
ERROR 2018-10-08 05:02:49,107 13412ms Login                  CheckAfterAccept   - Error occurred in CheckAfterAccept Exception is :Thread was being aborted.
ERROR 2018-10-08 05:02:49,160 13465ms Login                  LogIn              - Error occurred in LogIn Exception is :Thread was being aborted.
DEBUG 2018-10-08 05:04:06,667 90972ms Login                  Page_Load          - IPADRESS 3 : ::1
DEBUG 2018-10-08 05:04:15,130 99436ms Login                  Page_Load          - IPADRESS 3 : ::1
ERROR 2018-10-08 05:04:15,824 100129ms Login                  CheckAfterAccept   - Error occurred in CheckAfterAccept Exception is :Thread was being aborted.
ERROR 2018-10-08 05:04:15,837 100142ms Login                  LogIn              - Error occurred in LogIn Exception is :Thread was being aborted.
ERROR 2018-10-08 05:04:32,906 117211ms Global_asax            Application_Error  - Unhandled exception occured. Exception is : The file '/Master/FuelSecureUnits.aspx' does not exist.
DEBUG 2018-10-08 05:04:38,054 122359ms Login                  Page_Load          - IPADRESS 3 : ::1
DEBUG 2018-10-08 05:04:40,091 124396ms Login                  Page_Load          - IPADRESS 3 : ::1
ERROR 2018-10-08 05:04:42,735 127040ms Login                  CheckAfterAccept   - Error occurred in CheckAfterAccept Exception is :Thread was being aborted.
ERROR 2018-10-08 05:04:42,752 127057ms Login                  LogIn              - Error occurred in LogIn Exception is :Thread was being aborted.
ERROR 2018-10-08 05:05:27,246 171552ms FuelSecureUnit         Page_Load          - Error occurred in Page_Load Exception is :Thread was being aborted.
ERROR 2018-10-08 05:05:47,717 192022ms FuelSecureUnit         Page_Load          - Error occurred in Page_Load Exception is :Thread was being aborted.
DEBUG 2018-10-08 05:05:55,369 199674ms Login                  Page_Load          - IPADRESS 3 : ::1
DEBUG 2018-10-08 05:06:03,926 208231ms Login                  Page_Load          - IPADRESS 3 : ::1
ERROR 2018-10-08 05:06:08,432 212737ms Login                  CheckAfterAccept   - Error occurred in CheckAfterAccept Exception is :Thread was being aborted.
ERROR 2018-10-08 05:06:08,453 212758ms Login                  LogIn              - Error occurred in LogIn Exception is :Thread was being aborted.
DEBUG 2018-10-08 05:34:59,739  4665ms Login                  Page_Load          - IPADRESS 3 : ::1
DEBUG 2018-10-08 05:35:02,503  7428ms Login                  Page_Load          - IPADRESS 3 : ::1
ERROR 2018-10-08 05:35:03,647  8573ms Login                  CheckAfterAccept   - Error occurred in CheckAfterAccept Exception is :Thread was being aborted.
ERROR 2018-10-08 05:35:03,661  8587ms Login                  LogIn              - Error occurred in LogIn Exception is :Thread was being aborted.
ERROR 2018-10-08 05:35:31,580 36506ms MasterBAL              rVehicleRptDetails - Error occurred in GetTotalFuelUsageByHubPerVehicleRptDetails Exception is :Invalid column name 'V'.
Invalid column name 'T'.
Invalid column name 'T'.
Invalid column name 'T'.
Invalid column name 'ANU'.
Invalid column name 'C'.
Invalid column name 'C'.
DEBUG 2018-10-08 05:37:41,689  4265ms Login                  Page_Load          - IPADRESS 3 : ::1
DEBUG 2018-10-08 05:38:01,652 24229ms Login                  Page_Load          - IPADRESS 3 : ::1
ERROR 2018-10-08 05:38:02,710 25287ms Login                  CheckAfterAccept   - Error occurred in CheckAfterAccept Exception is :Thread was being aborted.
ERROR 2018-10-08 05:38:02,723 25300ms Login                  LogIn              - Error occurred in LogIn Exception is :Thread was being aborted.
DEBUG 2018-10-08 05:47:50,235  4598ms Login                  Page_Load          - IPADRESS 3 : ::1
DEBUG 2018-10-08 05:47:54,575  8937ms Login                  Page_Load          - IPADRESS 3 : ::1
ERROR 2018-10-08 05:47:56,184 10547ms Login                  CheckAfterAccept   - Error occurred in CheckAfterAccept Exception is :Thread was being aborted.
ERROR 2018-10-08 05:47:56,199 10562ms Login                  LogIn              - Error occurred in LogIn Exception is :Thread was being aborted.
DEBUG 2018-10-08 21:20:23,722  6902ms Login                  Page_Load          - IPADRESS 3 : ::1
DEBUG 2018-10-08 21:20:29,998 13178ms Login                  Page_Load          - IPADRESS 3 : ::1
ERROR 2018-10-08 21:20:31,129 14309ms Login                  CheckAfterAccept   - Error occurred in CheckAfterAccept Exception is :Thread was being aborted.
ERROR 2018-10-08 21:20:31,157 14337ms Login                  LogIn              - Error occurred in LogIn Exception is :Thread was being aborted.
DEBUG 2018-10-08 21:21:48,718  4941ms Login                  Page_Load          - IPADRESS 3 : ::1
DEBUG 2018-10-08 21:21:51,659  7882ms Login                  Page_Load          - IPADRESS 3 : ::1
ERROR 2018-10-08 21:21:53,332  9555ms Login                  CheckAfterAccept   - Error occurred in CheckAfterAccept Exception is :Thread was being aborted.
ERROR 2018-10-08 21:21:53,344  9567ms Login                  LogIn              - Error occurred in LogIn Exception is :Thread was being aborted.
DEBUG 2018-10-08 21:27:55,307  4619ms Login                  Page_Load          - IPADRESS 3 : ::1
DEBUG 2018-10-08 21:27:58,901  8212ms Login                  Page_Load          - IPADRESS 3 : ::1
ERROR 2018-10-08 21:27:59,892  9204ms Login                  CheckAfterAccept   - Error occurred in CheckAfterAccept Exception is :Thread was being aborted.
ERROR 2018-10-08 21:27:59,902  9214ms Login                  LogIn              - Error occurred in LogIn Exception is :Thread was being aborted.
DEBUG 2018-10-09 14:48:38,374  9485ms Login                  Page_Load          - IPADRESS 3 : ::1
DEBUG 2018-10-09 14:48:43,488 14599ms Login                  Page_Load          - IPADRESS 3 : ::1
ERROR 2018-10-09 14:48:44,846 15957ms Login                  CheckAfterAccept   - Error occurred in CheckAfterAccept Exception is :Thread was being aborted.
ERROR 2018-10-09 14:48:44,865 15976ms Login                  LogIn              - Error occurred in LogIn Exception is :Thread was being aborted.
ERROR 2018-10-09 14:49:41,666 72777ms MasterBAL              rVehicleRptDetails - Error occurred in GetTotalFuelUsageByHubPerVehicleRptDetails Exception is :The multi-part identifier "c.CustomerId" could not be bound.
DEBUG 2018-10-09 15:09:34,747  6660ms Login                  Page_Load          - IPADRESS 3 : ::1
DEBUG 2018-10-09 15:09:37,950  9863ms Login                  Page_Load          - IPADRESS 3 : ::1
ERROR 2018-10-09 15:09:39,130 11044ms Login                  CheckAfterAccept   - Error occurred in CheckAfterAccept Exception is :Thread was being aborted.
ERROR 2018-10-09 15:09:39,146 11060ms Login                  LogIn              - Error occurred in LogIn Exception is :Thread was being aborted.
ERROR 2018-10-09 15:14:28,857 300771ms eByHubPerVehicleReport Page_Load          - Error occurred in Page_Load Exception is :Input string was not in a correct format.Couldn't store <VehicleId> in VehicleId Column.  Expected type is Int32.
DEBUG 2018-10-09 15:24:42,776  6102ms Login                  Page_Load          - IPADRESS 3 : ::1
DEBUG 2018-10-09 15:24:46,195  9521ms Login                  Page_Load          - IPADRESS 3 : ::1
ERROR 2018-10-09 15:24:51,611 14936ms Login                  CheckAfterAccept   - Error occurred in CheckAfterAccept Exception is :Thread was being aborted.
ERROR 2018-10-09 15:24:51,644 14969ms Login                  LogIn              - Error occurred in LogIn Exception is :Thread was being aborted.
ERROR 2018-10-09 15:26:04,944 88270ms eByHubPerVehicleReport Page_Load          - Error occurred in Page_Load Exception is :This row already belongs to another table.
DEBUG 2018-10-09 15:50:23,003  5139ms Login                  Page_Load          - IPADRESS 3 : ::1
DEBUG 2018-10-09 15:50:26,737  8872ms Login                  Page_Load          - IPADRESS 3 : ::1
ERROR 2018-10-09 15:50:28,073 10208ms Login                  CheckAfterAccept   - Error occurred in CheckAfterAccept Exception is :Thread was being aborted.
ERROR 2018-10-09 15:50:28,087 10222ms Login                  LogIn              - Error occurred in LogIn Exception is :Thread was being aborted.
DEBUG 2018-10-09 15:56:09,144  5178ms Login                  Page_Load          - IPADRESS 3 : ::1
ERROR 2018-10-09 15:56:19,538 15572ms eByHubPerVehicleReport Page_Load          - Error occurred in Page_Load Exception is :Thread was being aborted.
DEBUG 2018-10-09 15:56:19,881 15914ms Login                  Page_Load          - IPADRESS 3 : ::1
DEBUG 2018-10-09 15:56:21,554 17587ms Login                  Page_Load          - IPADRESS 3 : ::1
ERROR 2018-10-09 15:56:22,764 18798ms Login                  CheckAfterAccept   - Error occurred in CheckAfterAccept Exception is :Thread was being aborted.
ERROR 2018-10-09 15:56:22,781 18814ms Login                  LogIn              - Error occurred in LogIn Exception is :Thread was being aborted.
DEBUG 2018-10-09 15:59:45,532  4880ms Login                  Page_Load          - IPADRESS 3 : ::1
DEBUG 2018-10-09 15:59:48,314  7662ms Login                  Page_Load          - IPADRESS 3 : ::1
ERROR 2018-10-09 15:59:49,656  9003ms Login                  CheckAfterAccept   - Error occurred in CheckAfterAccept Exception is :Thread was being aborted.
ERROR 2018-10-09 15:59:49,675  9023ms Login                  LogIn              - Error occurred in LogIn Exception is :Thread was being aborted.
DEBUG 2018-10-09 16:04:55,290  4090ms Login                  Page_Load          - IPADRESS 3 : ::1
DEBUG 2018-10-09 16:04:58,276  7076ms Login                  Page_Load          - IPADRESS 3 : ::1
ERROR 2018-10-09 16:05:00,380  9180ms Login                  CheckAfterAccept   - Error occurred in CheckAfterAccept Exception is :Thread was being aborted.
ERROR 2018-10-09 16:05:00,393  9193ms Login                  LogIn              - Error occurred in LogIn Exception is :Thread was being aborted.
DEBUG 2018-10-09 16:07:26,167  5193ms Login                  Page_Load          - IPADRESS 3 : ::1
DEBUG 2018-10-09 16:07:29,379  8405ms Login                  Page_Load          - IPADRESS 3 : ::1
ERROR 2018-10-09 16:07:30,942  9967ms Login                  CheckAfterAccept   - Error occurred in CheckAfterAccept Exception is :Thread was being aborted.
ERROR 2018-10-09 16:07:30,954  9979ms Login                  LogIn              - Error occurred in LogIn Exception is :Thread was being aborted.
DEBUG 2018-10-09 16:09:40,090  4975ms Login                  Page_Load          - IPADRESS 3 : ::1
DEBUG 2018-10-09 16:09:43,109  7994ms Login                  Page_Load          - IPADRESS 3 : ::1
ERROR 2018-10-09 16:09:44,866  9751ms Login                  CheckAfterAccept   - Error occurred in CheckAfterAccept Exception is :Thread was being aborted.
ERROR 2018-10-09 16:09:44,883  9768ms Login                  LogIn              - Error occurred in LogIn Exception is :Thread was being aborted.
DEBUG 2018-10-09 16:12:34,800  5021ms Login                  Page_Load          - IPADRESS 3 : ::1
DEBUG 2018-10-09 16:12:38,594  8815ms Login                  Page_Load          - IPADRESS 3 : ::1
ERROR 2018-10-09 16:12:40,128 10349ms Login                  CheckAfterAccept   - Error occurred in CheckAfterAccept Exception is :Thread was being aborted.
ERROR 2018-10-09 16:12:40,178 10399ms Login                  LogIn              - Error occurred in LogIn Exception is :Thread was being aborted.
DEBUG 2018-10-09 16:15:08,167  5113ms Login                  Page_Load          - IPADRESS 3 : ::1
DEBUG 2018-10-09 16:15:12,480  9426ms Login                  Page_Load          - IPADRESS 3 : ::1
ERROR 2018-10-09 16:15:15,901 12847ms Login                  CheckAfterAccept   - Error occurred in CheckAfterAccept Exception is :Thread was being aborted.
ERROR 2018-10-09 16:15:15,912 12858ms Login                  LogIn              - Error occurred in LogIn Exception is :Thread was being aborted.
DEBUG 2018-10-09 16:26:55,653  4941ms Login                  Page_Load          - IPADRESS 3 : ::1
DEBUG 2018-10-09 16:27:00,941 10228ms Login                  Page_Load          - IPADRESS 3 : ::1
ERROR 2018-10-09 16:27:02,666 11953ms Login                  CheckAfterAccept   - Error occurred in CheckAfterAccept Exception is :Thread was being aborted.
ERROR 2018-10-09 16:27:02,680 11967ms Login                  LogIn              - Error occurred in LogIn Exception is :Thread was being aborted.
DEBUG 2018-10-09 16:32:49,615  5903ms Login                  Page_Load          - IPADRESS 3 : ::1
DEBUG 2018-10-09 16:32:59,626 15915ms Login                  Page_Load          - IPADRESS 3 : ::1
ERROR 2018-10-09 16:33:01,510 17799ms Login                  CheckAfterAccept   - Error occurred in CheckAfterAccept Exception is :Thread was being aborted.
ERROR 2018-10-09 16:33:01,522 17811ms Login                  LogIn              - Error occurred in LogIn Exception is :Thread was being aborted.
ERROR 2018-10-09 16:33:21,500 37789ms eByHubPerVehicleReport Page_Load          - Error occurred in Page_Load Exception is :Conversion from string "" to type 'Double' is not valid.
ERROR 2018-10-09 16:33:23,641 39930ms eByHubPerVehicleReport Page_Load          - Error occurred in Page_Load Exception is :Conversion from string "" to type 'Double' is not valid.
ERROR 2018-10-09 16:33:26,676 42965ms eByHubPerVehicleReport Page_Load          - Error occurred in Page_Load Exception is :Conversion from string "" to type 'Double' is not valid.
ERROR 2018-10-09 16:34:21,651 97939ms eByHubPerVehicleReport Page_Load          - Error occurred in Page_Load Exception is :Conversion from string "" to type 'Double' is not valid.
DEBUG 2018-10-09 16:43:20,932  6844ms Login                  Page_Load          - IPADRESS 3 : ::1
DEBUG 2018-10-09 16:44:04,779 50691ms Login                  Page_Load          - IPADRESS 3 : ::1
ERROR 2018-10-09 16:44:05,923 51835ms Login                  CheckAfterAccept   - Error occurred in CheckAfterAccept Exception is :Thread was being aborted.
ERROR 2018-10-09 16:44:05,934 51846ms Login                  LogIn              - Error occurred in LogIn Exception is :Thread was being aborted.
DEBUG 2018-10-09 16:59:42,117  5904ms Login                  Page_Load          - IPADRESS 3 : ::1
DEBUG 2018-10-09 16:59:46,013  9801ms Login                  Page_Load          - IPADRESS 3 : ::1
ERROR 2018-10-09 16:59:47,035 10823ms Login                  CheckAfterAccept   - Error occurred in CheckAfterAccept Exception is :Thread was being aborted.
ERROR 2018-10-09 16:59:47,048 10836ms Login                  LogIn              - Error occurred in LogIn Exception is :Thread was being aborted.
DEBUG 2018-10-09 17:42:56,737  5435ms Login                  Page_Load          - IPADRESS 3 : ::1
DEBUG 2018-10-09 17:43:01,566 10264ms Login                  Page_Load          - IPADRESS 3 : ::1
ERROR 2018-10-09 17:43:07,616 16314ms Login                  CheckAfterAccept   - Error occurred in CheckAfterAccept Exception is :Thread was being aborted.
ERROR 2018-10-09 17:43:07,629 16327ms Login                  LogIn              - Error occurred in LogIn Exception is :Thread was being aborted.
ERROR 2018-10-09 18:10:35,207 1663906ms MasterBAL              rVehicleRptDetails - Error occurred in GetTotalFuelUsageByHubPerVehicleRptDetails Exception is :An object or column name is missing or empty. For SELECT INTO statements, verify each column has a name. For other statements, look for empty alias names. Aliases defined as "" or [] are not allowed. Change the alias to a valid name.
An object or column name is missing or empty. For SELECT INTO statements, verify each column has a name. For other statements, look for empty alias names. Aliases defined as "" or [] are not allowed. Change the alias to a valid name.
ERROR 2018-10-09 18:10:41,829 1670528ms MasterBAL              rVehicleRptDetails - Error occurred in GetTotalFuelUsageByHubPerVehicleRptDetails Exception is :An object or column name is missing or empty. For SELECT INTO statements, verify each column has a name. For other statements, look for empty alias names. Aliases defined as "" or [] are not allowed. Change the alias to a valid name.
An object or column name is missing or empty. For SELECT INTO statements, verify each column has a name. For other statements, look for empty alias names. Aliases defined as "" or [] are not allowed. Change the alias to a valid name.
ERROR 2018-10-09 18:10:46,144 1674842ms MasterBAL              rVehicleRptDetails - Error occurred in GetTotalFuelUsageByHubPerVehicleRptDetails Exception is :An object or column name is missing or empty. For SELECT INTO statements, verify each column has a name. For other statements, look for empty alias names. Aliases defined as "" or [] are not allowed. Change the alias to a valid name.
An object or column name is missing or empty. For SELECT INTO statements, verify each column has a name. For other statements, look for empty alias names. Aliases defined as "" or [] are not allowed. Change the alias to a valid name.
DEBUG 2018-10-09 18:11:34,271  5821ms Login                  Page_Load          - IPADRESS 3 : ::1
DEBUG 2018-10-09 18:11:43,483 15034ms Login                  Page_Load          - IPADRESS 3 : ::1
ERROR 2018-10-09 18:11:44,728 16278ms Login                  CheckAfterAccept   - Error occurred in CheckAfterAccept Exception is :Thread was being aborted.
ERROR 2018-10-09 18:11:44,739 16289ms Login                  LogIn              - Error occurred in LogIn Exception is :Thread was being aborted.
ERROR 2018-10-09 18:12:01,911 33462ms MasterBAL              rVehicleRptDetails - Error occurred in GetTotalFuelUsageByHubPerVehicleRptDetails Exception is :An object or column name is missing or empty. For SELECT INTO statements, verify each column has a name. For other statements, look for empty alias names. Aliases defined as "" or [] are not allowed. Change the alias to a valid name.
An object or column name is missing or empty. For SELECT INTO statements, verify each column has a name. For other statements, look for empty alias names. Aliases defined as "" or [] are not allowed. Change the alias to a valid name.
ERROR 2018-10-09 18:12:11,412 42963ms MasterBAL              rVehicleRptDetails - Error occurred in GetTotalFuelUsageByHubPerVehicleRptDetails Exception is :An object or column name is missing or empty. For SELECT INTO statements, verify each column has a name. For other statements, look for empty alias names. Aliases defined as "" or [] are not allowed. Change the alias to a valid name.
An object or column name is missing or empty. For SELECT INTO statements, verify each column has a name. For other statements, look for empty alias names. Aliases defined as "" or [] are not allowed. Change the alias to a valid name.
ERROR 2018-10-09 18:12:14,135 45686ms MasterBAL              rVehicleRptDetails - Error occurred in GetTotalFuelUsageByHubPerVehicleRptDetails Exception is :An object or column name is missing or empty. For SELECT INTO statements, verify each column has a name. For other statements, look for empty alias names. Aliases defined as "" or [] are not allowed. Change the alias to a valid name.
An object or column name is missing or empty. For SELECT INTO statements, verify each column has a name. For other statements, look for empty alias names. Aliases defined as "" or [] are not allowed. Change the alias to a valid name.
ERROR 2018-10-09 18:12:32,509 64059ms MasterBAL              rVehicleRptDetails - Error occurred in GetTotalFuelUsageByHubPerVehicleRptDetails Exception is :An object or column name is missing or empty. For SELECT INTO statements, verify each column has a name. For other statements, look for empty alias names. Aliases defined as "" or [] are not allowed. Change the alias to a valid name.
An object or column name is missing or empty. For SELECT INTO statements, verify each column has a name. For other statements, look for empty alias names. Aliases defined as "" or [] are not allowed. Change the alias to a valid name.
ERROR 2018-10-09 18:12:33,871 65422ms MasterBAL              rVehicleRptDetails - Error occurred in GetTotalFuelUsageByHubPerVehicleRptDetails Exception is :An object or column name is missing or empty. For SELECT INTO statements, verify each column has a name. For other statements, look for empty alias names. Aliases defined as "" or [] are not allowed. Change the alias to a valid name.
An object or column name is missing or empty. For SELECT INTO statements, verify each column has a name. For other statements, look for empty alias names. Aliases defined as "" or [] are not allowed. Change the alias to a valid name.
ERROR 2018-10-09 18:12:34,840 66391ms MasterBAL              rVehicleRptDetails - Error occurred in GetTotalFuelUsageByHubPerVehicleRptDetails Exception is :An object or column name is missing or empty. For SELECT INTO statements, verify each column has a name. For other statements, look for empty alias names. Aliases defined as "" or [] are not allowed. Change the alias to a valid name.
An object or column name is missing or empty. For SELECT INTO statements, verify each column has a name. For other statements, look for empty alias names. Aliases defined as "" or [] are not allowed. Change the alias to a valid name.
ERROR 2018-10-09 18:12:35,885 67435ms MasterBAL              rVehicleRptDetails - Error occurred in GetTotalFuelUsageByHubPerVehicleRptDetails Exception is :An object or column name is missing or empty. For SELECT INTO statements, verify each column has a name. For other statements, look for empty alias names. Aliases defined as "" or [] are not allowed. Change the alias to a valid name.
An object or column name is missing or empty. For SELECT INTO statements, verify each column has a name. For other statements, look for empty alias names. Aliases defined as "" or [] are not allowed. Change the alias to a valid name.
ERROR 2018-10-09 18:12:38,134 69685ms MasterBAL              rVehicleRptDetails - Error occurred in GetTotalFuelUsageByHubPerVehicleRptDetails Exception is :An object or column name is missing or empty. For SELECT INTO statements, verify each column has a name. For other statements, look for empty alias names. Aliases defined as "" or [] are not allowed. Change the alias to a valid name.
An object or column name is missing or empty. For SELECT INTO statements, verify each column has a name. For other statements, look for empty alias names. Aliases defined as "" or [] are not allowed. Change the alias to a valid name.
ERROR 2018-10-09 18:13:11,678 103229ms MasterBAL              rVehicleRptDetails - Error occurred in GetTotalFuelUsageByHubPerVehicleRptDetails Exception is :An object or column name is missing or empty. For SELECT INTO statements, verify each column has a name. For other statements, look for empty alias names. Aliases defined as "" or [] are not allowed. Change the alias to a valid name.
An object or column name is missing or empty. For SELECT INTO statements, verify each column has a name. For other statements, look for empty alias names. Aliases defined as "" or [] are not allowed. Change the alias to a valid name.
DEBUG 2018-10-09 18:15:03,480  3131ms Login                  Page_Load          - IPADRESS 3 : ::1
DEBUG 2018-10-09 18:15:25,448 25099ms Login                  Page_Load          - IPADRESS 3 : ::1
ERROR 2018-10-09 18:15:26,634 26285ms Login                  CheckAfterAccept   - Error occurred in CheckAfterAccept Exception is :Thread was being aborted.
ERROR 2018-10-09 18:15:26,648 26299ms Login                  LogIn              - Error occurred in LogIn Exception is :Thread was being aborted.
DEBUG 2018-10-09 18:42:51,025  5381ms Login                  Page_Load          - IPADRESS 3 : ::1
DEBUG 2018-10-09 18:42:54,377  8733ms Login                  Page_Load          - IPADRESS 3 : ::1
ERROR 2018-10-09 18:42:55,522  9878ms Login                  CheckAfterAccept   - Error occurred in CheckAfterAccept Exception is :Thread was being aborted.
ERROR 2018-10-09 18:42:55,532  9888ms Login                  LogIn              - Error occurred in LogIn Exception is :Thread was being aborted.
ERROR 2018-10-09 18:43:13,413 27769ms MasterBAL              rVehicleRptDetails - Error occurred in GetTotalFuelUsageByHubPerVehicleRptDetails Exception is :An object or column name is missing or empty. For SELECT INTO statements, verify each column has a name. For other statements, look for empty alias names. Aliases defined as "" or [] are not allowed. Change the alias to a valid name.
An object or column name is missing or empty. For SELECT INTO statements, verify each column has a name. For other statements, look for empty alias names. Aliases defined as "" or [] are not allowed. Change the alias to a valid name.
ERROR 2018-10-09 18:52:18,293 572649ms MasterBAL              rVehicleRptDetails - Error occurred in GetTotalFuelUsageByHubPerVehicleRptDetails Exception is :An object or column name is missing or empty. For SELECT INTO statements, verify each column has a name. For other statements, look for empty alias names. Aliases defined as "" or [] are not allowed. Change the alias to a valid name.
An object or column name is missing or empty. For SELECT INTO statements, verify each column has a name. For other statements, look for empty alias names. Aliases defined as "" or [] are not allowed. Change the alias to a valid name.
DEBUG 2018-10-09 19:42:44,840 10152ms Login                  Page_Load          - IPADRESS 3 : ::1
DEBUG 2018-10-09 19:42:51,277 16590ms Login                  Page_Load          - IPADRESS 3 : ::1
ERROR 2018-10-09 19:42:52,363 17675ms Login                  CheckAfterAccept   - Error occurred in CheckAfterAccept Exception is :Thread was being aborted.
ERROR 2018-10-09 19:42:52,370 17682ms Login                  LogIn              - Error occurred in LogIn Exception is :Thread was being aborted.
DEBUG 2018-10-09 19:43:38,333  4506ms Login                  Page_Load          - IPADRESS 3 : ::1
DEBUG 2018-10-09 19:43:59,923 26096ms Login                  Page_Load          - IPADRESS 3 : ::1
ERROR 2018-10-09 19:44:01,639 27812ms Login                  CheckAfterAccept   - Error occurred in CheckAfterAccept Exception is :Thread was being aborted.
ERROR 2018-10-09 19:44:01,684 27857ms Login                  LogIn              - Error occurred in LogIn Exception is :Thread was being aborted.
DEBUG 2018-10-10 19:15:05,250  3668ms Login                  Page_Load          - IPADRESS 3 : ::1
DEBUG 2018-10-10 19:15:08,080  6498ms Login                  Page_Load          - IPADRESS 3 : ::1
ERROR 2018-10-10 19:15:09,301  7719ms Login                  CheckAfterAccept   - Error occurred in CheckAfterAccept Exception is :Thread was being aborted.
ERROR 2018-10-10 19:15:09,316  7735ms Login                  LogIn              - Error occurred in LogIn Exception is :Thread was being aborted.
ERROR 2018-10-10 19:15:37,480 35898ms eByHubPerVehicleReport Page_Load          - Error occurred in Page_Load Exception is :An error occurred during local report processing.
DEBUG 2018-10-10 19:36:43,683  2789ms Login                  Page_Load          - IPADRESS 3 : ::1
DEBUG 2018-10-10 19:38:19,557 98663ms Login                  Page_Load          - IPADRESS 3 : ::1
ERROR 2018-10-10 19:38:20,764 99870ms Login                  CheckAfterAccept   - Error occurred in CheckAfterAccept Exception is :Thread was being aborted.
ERROR 2018-10-10 19:38:20,775 99881ms Login                  LogIn              - Error occurred in LogIn Exception is :Thread was being aborted.
DEBUG 2018-10-10 19:54:09,640  2966ms Login                  Page_Load          - IPADRESS 3 : ::1
DEBUG 2018-10-10 19:54:19,313 12638ms Login                  Page_Load          - IPADRESS 3 : ::1
ERROR 2018-10-10 19:54:20,903 14228ms Login                  CheckAfterAccept   - Error occurred in CheckAfterAccept Exception is :Thread was being aborted.
ERROR 2018-10-10 19:54:20,912 14237ms Login                  LogIn              - Error occurred in LogIn Exception is :Thread was being aborted.
ERROR 2018-10-10 19:54:52,735 46060ms eByHubPerVehicleReport Page_Load          - Error occurred in Page_Load Exception is :An error occurred during local report processing.
DEBUG 2018-10-10 19:55:11,779  3510ms Login                  Page_Load          - IPADRESS 3 : ::1
DEBUG 2018-10-10 19:55:14,495  6226ms Login                  Page_Load          - IPADRESS 3 : ::1
ERROR 2018-10-10 19:55:16,130  7860ms Login                  CheckAfterAccept   - Error occurred in CheckAfterAccept Exception is :Thread was being aborted.
ERROR 2018-10-10 19:55:16,158  7889ms Login                  LogIn              - Error occurred in LogIn Exception is :Thread was being aborted.
DEBUG 2018-10-11 14:20:12,777  4653ms Login                  Page_Load          - IPADRESS 3 : ::1
DEBUG 2018-10-11 14:20:16,820  8696ms Login                  Page_Load          - IPADRESS 3 : ::1
ERROR 2018-10-11 14:20:17,899  9775ms Login                  CheckAfterAccept   - Error occurred in CheckAfterAccept Exception is :Thread was being aborted.
ERROR 2018-10-11 14:20:17,909  9785ms Login                  LogIn              - Error occurred in LogIn Exception is :Thread was being aborted.
DEBUG 2018-10-11 17:16:32,271  4380ms Login                  Page_Load          - IPADRESS 3 : ::1
DEBUG 2018-10-11 17:19:36,246 188356ms Login                  Page_Load          - IPADRESS 3 : ::1
ERROR 2018-10-11 17:19:38,147 190256ms Login                  CheckAfterAccept   - Error occurred in CheckAfterAccept Exception is :Thread was being aborted.
ERROR 2018-10-11 17:19:38,158 190267ms Login                  LogIn              - Error occurred in LogIn Exception is :Thread was being aborted.
ERROR 2018-10-11 17:20:26,186 238296ms eByHubPerVehicleReport Page_Load          - Error occurred in Page_Load Exception is :An error occurred during local report processing.
DEBUG 2018-10-11 19:07:31,781  4642ms Login                  Page_Load          - IPADRESS 3 : ::1
DEBUG 2018-10-11 19:07:35,012  7873ms Login                  Page_Load          - IPADRESS 3 : ::1
ERROR 2018-10-11 19:07:36,273  9134ms Login                  CheckAfterAccept   - Error occurred in CheckAfterAccept Exception is :Thread was being aborted.
ERROR 2018-10-11 19:07:36,288  9149ms Login                  LogIn              - Error occurred in LogIn Exception is :Thread was being aborted.
ERROR 2018-10-11 19:07:54,407 27268ms eByHubPerVehicleReport Page_Load          - Error occurred in Page_Load Exception is :An error occurred during local report processing.
DEBUG 2018-10-11 19:11:52,406 11388ms Login                  Page_Load          - IPADRESS 3 : ::1
ERROR 2018-10-11 19:11:52,583 11564ms eByHubPerVehicleReport Page_Load          - Error occurred in Page_Load Exception is :Thread was being aborted.
DEBUG 2018-10-11 19:11:56,686 15667ms Login                  Page_Load          - IPADRESS 3 : ::1
ERROR 2018-10-11 19:11:58,494 17475ms Login                  CheckAfterAccept   - Error occurred in CheckAfterAccept Exception is :Thread was being aborted.
ERROR 2018-10-11 19:11:58,510 17491ms Login                  LogIn              - Error occurred in LogIn Exception is :Thread was being aborted.
DEBUG 2018-10-11 19:15:22,389  3551ms Login                  Page_Load          - IPADRESS 3 : ::1
DEBUG 2018-10-11 19:15:25,370  6532ms Login                  Page_Load          - IPADRESS 3 : ::1
ERROR 2018-10-11 19:15:26,649  7811ms Login                  CheckAfterAccept   - Error occurred in CheckAfterAccept Exception is :Thread was being aborted.
ERROR 2018-10-11 19:15:26,665  7827ms Login                  LogIn              - Error occurred in LogIn Exception is :Thread was being aborted.
DEBUG 2018-10-12 14:58:51,954 11896ms Login                  Page_Load          - IPADRESS 3 : ::1
DEBUG 2018-10-12 14:59:33,311 53253ms Login                  Page_Load          - IPADRESS 3 : ::1
ERROR 2018-10-12 14:59:36,130 56072ms Login                  CheckAfterAccept   - Error occurred in CheckAfterAccept Exception is :Thread was being aborted.
ERROR 2018-10-12 14:59:36,275 56217ms Login                  LogIn              - Error occurred in LogIn Exception is :Thread was being aborted.
DEBUG 2018-10-12 15:30:22,422  5805ms Login                  Page_Load          - IPADRESS 3 : ::1
DEBUG 2018-10-12 15:30:26,077  9460ms Login                  Page_Load          - IPADRESS 3 : ::1
ERROR 2018-10-12 15:30:27,341 10724ms Login                  CheckAfterAccept   - Error occurred in CheckAfterAccept Exception is :Thread was being aborted.
ERROR 2018-10-12 15:30:27,353 10736ms Login                  LogIn              - Error occurred in LogIn Exception is :Thread was being aborted.
DEBUG 2018-10-12 15:40:44,248  4185ms Login                  Page_Load          - IPADRESS 3 : ::1
DEBUG 2018-10-12 15:40:53,371 13308ms Login                  Page_Load          - IPADRESS 3 : ::1
ERROR 2018-10-12 15:40:54,269 14207ms Login                  CheckAfterAccept   - Error occurred in CheckAfterAccept Exception is :Thread was being aborted.
ERROR 2018-10-12 15:40:54,282 14219ms Login                  LogIn              - Error occurred in LogIn Exception is :Thread was being aborted.
ERROR 2018-10-12 15:43:18,981 158918ms ecializedVehicleImport rtExceltoDatatable - Error occurred in ImportExceltoDatatable Exception is :File contains corrupted data.
ERROR 2018-10-12 15:48:36,243 476181ms ecializedVehicleImport rtExceltoDatatable - Error occurred in ImportExceltoDatatable Exception is :The specified package is invalid. The main part is missing.
ERROR 2018-10-12 15:49:04,043 503980ms ecializedVehicleImport rtExceltoDatatable - Error occurred in ImportExceltoDatatable Exception is :File contains corrupted data.
ERROR 2018-10-12 15:50:18,404 578342ms ecializedVehicleImport rtExceltoDatatable - Error occurred in ImportExceltoDatatable Exception is :File contains corrupted data.
DEBUG 2018-10-16 16:22:59,375  8476ms Login                  Page_Load          - IPADRESS 3 : ::1
DEBUG 2018-10-16 16:23:33,654 42755ms Login                  Page_Load          - IPADRESS 3 : ::1
ERROR 2018-10-16 16:23:34,875 43976ms Login                  CheckAfterAccept   - Error occurred in CheckAfterAccept Exception is :Thread was being aborted.
ERROR 2018-10-16 16:23:34,917 44018ms Login                  LogIn              - Error occurred in LogIn Exception is :Thread was being aborted.
DEBUG 2018-10-16 16:31:49,701  4031ms Login                  Page_Load          - IPADRESS 3 : ::1
DEBUG 2018-10-16 16:31:52,783  7113ms Login                  Page_Load          - IPADRESS 3 : ::1
ERROR 2018-10-16 16:31:53,761  8092ms Login                  CheckAfterAccept   - Error occurred in CheckAfterAccept Exception is :Thread was being aborted.
ERROR 2018-10-16 16:31:53,773  8103ms Login                  LogIn              - Error occurred in LogIn Exception is :Thread was being aborted.
DEBUG 2018-10-16 16:32:54,429 68760ms Login                  Page_Load          - IPADRESS 3 : ::1
DEBUG 2018-10-16 16:33:02,389 76720ms Login                  Page_Load          - IPADRESS 3 : ::1
ERROR 2018-10-16 16:33:03,219 77549ms Login                  CheckAfterAccept   - Error occurred in CheckAfterAccept Exception is :Thread was being aborted.
ERROR 2018-10-16 16:33:03,228 77559ms Login                  LogIn              - Error occurred in LogIn Exception is :Thread was being aborted.
ERROR 2018-10-16 16:39:14,897 449227ms SpecializedExport      Transactions_Click - Error occurred in btnExportTransactions_Click Exception is :Thread was being aborted.
ERROR 2018-10-16 16:39:28,171 462501ms SpecializedExport      Transactions_Click - Error occurred in btnExportTransactions_Click Exception is :Thread was being aborted.
ERROR 2018-10-16 16:40:17,005 511335ms SpecializedExport      Transactions_Click - Error occurred in btnExportTransactions_Click Exception is :Thread was being aborted.
DEBUG 2018-10-16 17:48:53,316  6086ms Login                  Page_Load          - IPADRESS 3 : ::1
DEBUG 2018-10-16 17:48:57,986 10756ms Login                  Page_Load          - IPADRESS 3 : ::1
ERROR 2018-10-16 17:48:59,543 12313ms Login                  CheckAfterAccept   - Error occurred in CheckAfterAccept Exception is :Thread was being aborted.
ERROR 2018-10-16 17:48:59,567 12337ms Login                  LogIn              - Error occurred in LogIn Exception is :Thread was being aborted.
ERROR 2018-10-16 17:49:00,163 12933ms MasterBAL              CustMenuMapingById - Error occurred in GetCustMenuMapingById Exception is :Could not find stored procedure 'select * from CustomerMenuLinkMapping where  and CustomerId = 23  and LinkToAccess = 'SpecializedExport''.
DEBUG 2018-10-16 18:37:03,079  7179ms Login                  Page_Load          - IPADRESS 3 : ::1
DEBUG 2018-10-16 18:37:23,234 27334ms Login                  Page_Load          - IPADRESS 3 : ::1
ERROR 2018-10-16 18:37:25,456 29556ms Login                  CheckAfterAccept   - Error occurred in CheckAfterAccept Exception is :Thread was being aborted.
ERROR 2018-10-16 18:37:25,487 29587ms Login                  LogIn              - Error occurred in LogIn Exception is :Thread was being aborted.
DEBUG 2018-10-16 18:38:08,242 72342ms Login                  Page_Load          - IPADRESS 3 : ::1
DEBUG 2018-10-16 18:38:28,562 92662ms Login                  Page_Load          - IPADRESS 3 : ::1
ERROR 2018-10-16 18:38:29,325 93425ms Login                  CheckAfterAccept   - Error occurred in CheckAfterAccept Exception is :Thread was being aborted.
ERROR 2018-10-16 18:38:29,361 93461ms Login                  LogIn              - Error occurred in LogIn Exception is :Thread was being aborted.
DEBUG 2018-10-16 18:41:30,496  4507ms Login                  Page_Load          - IPADRESS 3 : ::1
DEBUG 2018-10-16 18:41:38,499 12509ms Login                  Page_Load          - IPADRESS 3 : ::1
ERROR 2018-10-16 18:41:40,090 14100ms Login                  CheckAfterAccept   - Error occurred in CheckAfterAccept Exception is :Thread was being aborted.
ERROR 2018-10-16 18:41:40,101 14111ms Login                  LogIn              - Error occurred in LogIn Exception is :Thread was being aborted.
DEBUG 2018-10-16 18:43:58,950  3250ms Login                  Page_Load          - IPADRESS 3 : ::1
DEBUG 2018-10-16 18:44:01,864  6164ms Login                  Page_Load          - IPADRESS 3 : ::1
ERROR 2018-10-16 18:44:03,357  7657ms Login                  CheckAfterAccept   - Error occurred in CheckAfterAccept Exception is :Thread was being aborted.
ERROR 2018-10-16 18:44:03,374  7674ms Login                  LogIn              - Error occurred in LogIn Exception is :Thread was being aborted.
DEBUG 2018-10-16 18:44:58,868  3876ms Login                  Page_Load          - IPADRESS 3 : ::1
DEBUG 2018-10-16 18:45:09,339 14348ms Login                  Page_Load          - IPADRESS 3 : ::1
ERROR 2018-10-16 18:45:10,679 15688ms Login                  CheckAfterAccept   - Error occurred in CheckAfterAccept Exception is :Thread was being aborted.
ERROR 2018-10-16 18:45:10,691 15700ms Login                  LogIn              - Error occurred in LogIn Exception is :Thread was being aborted.
DEBUG 2018-10-16 18:48:58,688  2480ms Login                  Page_Load          - IPADRESS 3 : ::1
DEBUG 2018-10-16 18:49:08,768 12560ms Login                  Page_Load          - IPADRESS 3 : ::1
ERROR 2018-10-16 18:49:10,383 14175ms Login                  CheckAfterAccept   - Error occurred in CheckAfterAccept Exception is :Thread was being aborted.
ERROR 2018-10-16 18:49:10,396 14188ms Login                  LogIn              - Error occurred in LogIn Exception is :Thread was being aborted.
DEBUG 2018-10-16 18:51:17,356  5664ms Login                  Page_Load          - IPADRESS 3 : ::1
DEBUG 2018-10-16 18:51:21,843 10151ms Login                  Page_Load          - IPADRESS 3 : ::1
ERROR 2018-10-16 18:51:23,472 11780ms Login                  CheckAfterAccept   - Error occurred in CheckAfterAccept Exception is :Thread was being aborted.
ERROR 2018-10-16 18:51:23,492 11800ms Login                  LogIn              - Error occurred in LogIn Exception is :Thread was being aborted.
ERROR 2018-10-16 18:51:48,810 37118ms Global_asax            Application_Error  - Unhandled exception occured. Exception is : The file '/"/Master/SpecializedExport.aspx' does not exist.
DEBUG 2018-10-16 18:52:09,969 58277ms Login                  Page_Load          - IPADRESS 3 : ::1
DEBUG 2018-10-16 18:52:10,915 59223ms Login                  Page_Load          - IPADRESS 3 : ::1
ERROR 2018-10-16 18:52:11,581 59889ms Login                  CheckAfterAccept   - Error occurred in CheckAfterAccept Exception is :Thread was being aborted.
ERROR 2018-10-16 18:52:11,592 59900ms Login                  LogIn              - Error occurred in LogIn Exception is :Thread was being aborted.
DEBUG 2018-10-16 18:54:51,297  3717ms Login                  Page_Load          - IPADRESS 3 : ::1
DEBUG 2018-10-16 18:54:54,929  7350ms Login                  Page_Load          - IPADRESS 3 : ::1
ERROR 2018-10-16 18:54:57,114  9534ms Login                  CheckAfterAccept   - Error occurred in CheckAfterAccept Exception is :Thread was being aborted.
ERROR 2018-10-16 18:54:57,167  9587ms Login                  LogIn              - Error occurred in LogIn Exception is :Thread was being aborted.
DEBUG 2018-10-16 19:07:36,878  5153ms Login                  Page_Load          - IPADRESS 3 : ::1
DEBUG 2018-10-16 19:08:16,550 44825ms Login                  Page_Load          - IPADRESS 3 : ::1
ERROR 2018-10-16 19:08:18,037 46311ms Login                  CheckAfterAccept   - Error occurred in CheckAfterAccept Exception is :Thread was being aborted.
ERROR 2018-10-16 19:08:18,071 46346ms Login                  LogIn              - Error occurred in LogIn Exception is :Thread was being aborted.
DEBUG 2018-10-16 19:21:42,525 850800ms Login                  Page_Load          - IPADRESS 3 : ::1
DEBUG 2018-10-16 19:21:47,708 855983ms Login                  Page_Load          - IPADRESS 3 : ::1
ERROR 2018-10-16 19:21:48,563 856837ms Login                  CheckAfterAccept   - Error occurred in CheckAfterAccept Exception is :Thread was being aborted.
ERROR 2018-10-16 19:21:48,574 856848ms Login                  LogIn              - Error occurred in LogIn Exception is :Thread was being aborted.
DEBUG 2018-10-16 19:24:21,260 1009535ms Login                  Page_Load          - IPADRESS 3 : ::1
DEBUG 2018-10-16 19:24:27,299 1015573ms Login                  Page_Load          - IPADRESS 3 : ::1
ERROR 2018-10-16 19:24:28,087 1016362ms Login                  CheckAfterAccept   - Error occurred in CheckAfterAccept Exception is :Thread was being aborted.
ERROR 2018-10-16 19:24:28,098 1016373ms Login                  LogIn              - Error occurred in LogIn Exception is :Thread was being aborted.
ERROR 2018-10-16 19:27:13,273 1181548ms SpecializedExport      Transactions_Click - Error occurred in btnExportTransactions_Click Exception is :Thread was being aborted.
ERROR 2018-10-16 19:27:23,138 1191413ms SpecializedExport      Transactions_Click - Error occurred in btnExportTransactions_Click Exception is :Thread was being aborted.
DEBUG 2018-10-16 19:28:14,378 1242652ms Login                  Page_Load          - IPADRESS 3 : ::1
DEBUG 2018-10-16 19:28:21,600 1249874ms Login                  Page_Load          - IPADRESS 3 : ::1
ERROR 2018-10-16 19:28:22,565 1250839ms Login                  CheckAfterAccept   - Error occurred in CheckAfterAccept Exception is :Thread was being aborted.
ERROR 2018-10-16 19:28:22,575 1250849ms Login                  LogIn              - Error occurred in LogIn Exception is :Thread was being aborted.
DEBUG 2018-10-19 10:09:49,181 19648ms Login                  Page_Load          - IPADRESS 3 : ::1
DEBUG 2018-10-19 14:52:13,671  5572ms Login                  Page_Load          - IPADRESS 3 : ::1
DEBUG 2018-10-19 14:52:48,396 40297ms Login                  Page_Load          - IPADRESS 3 : ::1
ERROR 2018-10-19 14:52:51,788 43689ms Login                  CheckAfterAccept   - Error occurred in CheckAfterAccept Exception is :Thread was being aborted.
ERROR 2018-10-19 14:52:51,835 43736ms Login                  LogIn              - Error occurred in LogIn Exception is :Thread was being aborted.
ERROR 2018-10-19 14:53:57,132 109033ms eByHubPerVehicleReport Page_Load          - Error occurred in Page_Load Exception is :An error occurred during local report processing.
DEBUG 2018-10-19 14:56:11,926  5272ms Login                  Page_Load          - IPADRESS 3 : ::1
DEBUG 2018-10-19 14:56:20,141 13487ms Login                  Page_Load          - IPADRESS 3 : ::1
ERROR 2018-10-19 14:56:21,733 15079ms Login                  CheckAfterAccept   - Error occurred in CheckAfterAccept Exception is :Thread was being aborted.
ERROR 2018-10-19 14:56:21,745 15091ms Login                  LogIn              - Error occurred in LogIn Exception is :Thread was being aborted.
ERROR 2018-10-19 14:56:47,190 40536ms eByHubPerVehicleReport Page_Load          - Error occurred in Page_Load Exception is :An error occurred during local report processing.
DEBUG 2018-10-19 15:38:35,311  7772ms Login                  Page_Load          - IPADRESS 3 : ::1
DEBUG 2018-10-19 15:38:48,404 20865ms Login                  Page_Load          - IPADRESS 3 : ::1
ERROR 2018-10-19 15:38:50,048 22509ms Login                  CheckAfterAccept   - Error occurred in CheckAfterAccept Exception is :Thread was being aborted.
ERROR 2018-10-19 15:38:50,064 22525ms Login                  LogIn              - Error occurred in LogIn Exception is :Thread was being aborted.
DEBUG 2018-10-19 16:01:49,488  4131ms Login                  Page_Load          - IPADRESS 3 : ::1
DEBUG 2018-10-19 16:01:55,735 10378ms Login                  Page_Load          - IPADRESS 3 : ::1
ERROR 2018-10-19 16:01:57,058 11701ms Login                  CheckAfterAccept   - Error occurred in CheckAfterAccept Exception is :Thread was being aborted.
ERROR 2018-10-19 16:01:57,070 11713ms Login                  LogIn              - Error occurred in LogIn Exception is :Thread was being aborted.
DEBUG 2018-10-19 16:26:14,783  4679ms Login                  Page_Load          - IPADRESS 3 : ::1
DEBUG 2018-10-19 16:26:18,343  8239ms Login                  Page_Load          - IPADRESS 3 : ::1
ERROR 2018-10-19 16:26:20,110 10006ms Login                  CheckAfterAccept   - Error occurred in CheckAfterAccept Exception is :Thread was being aborted.
ERROR 2018-10-19 16:26:20,124 10020ms Login                  LogIn              - Error occurred in LogIn Exception is :Thread was being aborted.
DEBUG 2018-10-19 17:54:50,291  6420ms Login                  Page_Load          - IPADRESS 3 : ::1
DEBUG 2018-10-19 17:54:55,025 11154ms Login                  Page_Load          - IPADRESS 3 : ::1
ERROR 2018-10-19 17:54:56,474 12602ms Login                  CheckAfterAccept   - Error occurred in CheckAfterAccept Exception is :Thread was being aborted.
ERROR 2018-10-19 17:54:56,485 12613ms Login                  LogIn              - Error occurred in LogIn Exception is :Thread was being aborted.
DEBUG 2018-10-19 17:55:53,834 69963ms Login                  Page_Load          - IPADRESS 3 : ::1
DEBUG 2018-10-19 17:56:01,666 77795ms Login                  Page_Load          - IPADRESS 3 : ::1
ERROR 2018-10-19 17:56:02,283 78412ms Login                  CheckAfterAccept   - Error occurred in CheckAfterAccept Exception is :Thread was being aborted.
ERROR 2018-10-19 17:56:02,296 78425ms Login                  LogIn              - Error occurred in LogIn Exception is :Thread was being aborted.
DEBUG 2018-10-19 17:57:42,351 178480ms Login                  Page_Load          - IPADRESS 3 : ::1
DEBUG 2018-10-19 17:57:56,436 192565ms Login                  Page_Load          - IPADRESS 3 : ::1
ERROR 2018-10-19 17:57:57,224 193352ms Login                  CheckAfterAccept   - Error occurred in CheckAfterAccept Exception is :Thread was being aborted.
ERROR 2018-10-19 17:57:57,244 193372ms Login                  LogIn              - Error occurred in LogIn Exception is :Thread was being aborted.
DEBUG 2018-10-19 18:00:53,922 370051ms Login                  Page_Load          - IPADRESS 3 : ::1
ERROR 2018-10-19 18:01:07,913 384042ms Global_asax            Application_Error  - Exception occured in  Application_Error. Exception is : Operator '&' is not defined for string "Unhandled exception occured. Exc" and type 'InvalidOperationException'.
DEBUG 2018-10-19 18:01:09,970 386099ms Login                  Page_Load          - IPADRESS 3 : ::1
DEBUG 2018-10-19 18:01:13,485 389614ms Login                  Page_Load          - IPADRESS 3 : ::1
ERROR 2018-10-19 18:01:14,421 390550ms Login                  CheckAfterAccept   - Error occurred in CheckAfterAccept Exception is :Thread was being aborted.
ERROR 2018-10-19 18:01:14,443 390572ms Login                  LogIn              - Error occurred in LogIn Exception is :Thread was being aborted.
DEBUG 2018-10-19 18:55:04,005  5258ms Login                  Page_Load          - IPADRESS 3 : ::1
DEBUG 2018-10-19 18:55:07,176  8429ms Login                  Page_Load          - IPADRESS 3 : ::1
ERROR 2018-10-19 18:55:10,949 12203ms Login                  CheckAfterAccept   - Error occurred in CheckAfterAccept Exception is :Thread was being aborted.
ERROR 2018-10-19 18:55:10,961 12214ms Login                  LogIn              - Error occurred in LogIn Exception is :Thread was being aborted.
ERROR 2018-10-19 18:58:33,143 214396ms Vehicle                CreateAfterData    - Error Occurred while CreateAfterData. Error is Object reference not set to an instance of an object..
ERROR 2018-10-19 18:58:40,287 221541ms Vehicle                CreateAfterData    - Error Occurred while CreateAfterData. Error is Object reference not set to an instance of an object..
ERROR 2018-10-19 19:02:16,926 438180ms Vehicle                CreateAfterData    - Error Occurred while CreateAfterData. Error is Object reference not set to an instance of an object..
ERROR 2018-10-19 19:05:16,611 617865ms Vehicle                CreateAfterData    - Error Occurred while CreateAfterData. Error is Object reference not set to an instance of an object..
ERROR 2018-10-19 19:05:20,563 621816ms Vehicle                CreateAfterData    - Error Occurred while CreateAfterData. Error is Object reference not set to an instance of an object..
ERROR 2018-10-19 19:05:24,217 625470ms Vehicle                CreateAfterData    - Error Occurred while CreateAfterData. Error is Object reference not set to an instance of an object..
ERROR 2018-10-19 19:05:27,237 628491ms Vehicle                CreateAfterData    - Error Occurred while CreateAfterData. Error is Object reference not set to an instance of an object..
ERROR 2018-10-19 19:05:29,935 631189ms Vehicle                CreateAfterData    - Error Occurred while CreateAfterData. Error is Object reference not set to an instance of an object..
ERROR 2018-10-19 19:05:32,476 633730ms Vehicle                CreateAfterData    - Error Occurred while CreateAfterData. Error is Object reference not set to an instance of an object..
ERROR 2018-10-19 19:05:36,117 637370ms Vehicle                CreateAfterData    - Error Occurred while CreateAfterData. Error is Object reference not set to an instance of an object..
ERROR 2018-10-19 19:16:00,396 1261649ms Vehicle                CreateAfterData    - Error Occurred while CreateAfterData. Error is Object reference not set to an instance of an object..
ERROR 2018-10-19 19:16:08,000 1269254ms Vehicle                CreateAfterData    - Error Occurred while CreateAfterData. Error is Object reference not set to an instance of an object..
ERROR 2018-10-19 19:16:18,004 1279258ms Vehicle                CreateAfterData    - Error Occurred while CreateAfterData. Error is Object reference not set to an instance of an object..
ERROR 2018-10-19 19:16:20,644 1281898ms Vehicle                CreateAfterData    - Error Occurred while CreateAfterData. Error is Object reference not set to an instance of an object..
ERROR 2018-10-19 19:16:31,899 1293153ms Vehicle                CreateAfterData    - Error Occurred while CreateAfterData. Error is Object reference not set to an instance of an object..
ERROR 2018-10-19 19:16:35,728 1296981ms Vehicle                CreateAfterData    - Error Occurred while CreateAfterData. Error is Object reference not set to an instance of an object..
DEBUG 2018-10-22 15:02:34,700  5500ms Login                  Page_Load          - IPADRESS 3 : ::1
DEBUG 2018-10-22 15:08:40,940 371740ms Login                  Page_Load          - IPADRESS 3 : ::1
ERROR 2018-10-22 15:08:42,015 372815ms Login                  CheckAfterAccept   - Error occurred in CheckAfterAccept Exception is :Thread was being aborted.
ERROR 2018-10-22 15:08:42,020 372820ms Login                  LogIn              - Error occurred in LogIn Exception is :Thread was being aborted.
DEBUG 2018-10-22 16:01:02,292  4961ms Login                  Page_Load          - IPADRESS 3 : ::1
DEBUG 2018-10-22 16:08:35,887 458557ms Login                  Page_Load          - IPADRESS 3 : ::1
ERROR 2018-10-22 16:08:37,274 459944ms Login                  CheckAfterAccept   - Error occurred in CheckAfterAccept Exception is :Thread was being aborted.
ERROR 2018-10-22 16:08:37,287 459957ms Login                  LogIn              - Error occurred in LogIn Exception is :Thread was being aborted.
DEBUG 2018-10-22 16:20:35,843  3827ms Login                  Page_Load          - IPADRESS 3 : ::1
DEBUG 2018-10-22 16:23:45,905 193888ms Login                  Page_Load          - IPADRESS 3 : ::1
ERROR 2018-10-22 16:23:47,527 195511ms Login                  CheckAfterAccept   - Error occurred in CheckAfterAccept Exception is :Thread was being aborted.
ERROR 2018-10-22 16:23:47,532 195516ms Login                  LogIn              - Error occurred in LogIn Exception is :Thread was being aborted.
DEBUG 2018-10-22 16:39:01,558 17848ms Login                  Page_Load          - IPADRESS 3 : ::1
DEBUG 2018-10-22 17:10:26,608 1902898ms Login                  Page_Load          - IPADRESS 3 : ::1
ERROR 2018-10-22 17:10:27,896 1904187ms Login                  CheckAfterAccept   - Error occurred in CheckAfterAccept Exception is :Thread was being aborted.
ERROR 2018-10-22 17:10:27,901 1904192ms Login                  LogIn              - Error occurred in LogIn Exception is :Thread was being aborted.
DEBUG 2018-10-22 17:12:33,873 14470ms Login                  Page_Load          - IPADRESS 3 : ::1
DEBUG 2018-10-22 17:12:36,717 17314ms Login                  Page_Load          - IPADRESS 3 : ::1
ERROR 2018-10-22 17:12:38,159 18756ms Login                  CheckAfterAccept   - Error occurred in CheckAfterAccept Exception is :Thread was being aborted.
ERROR 2018-10-22 17:12:38,164 18761ms Login                  LogIn              - Error occurred in LogIn Exception is :Thread was being aborted.
DEBUG 2018-10-22 17:14:39,606 15383ms Login                  Page_Load          - IPADRESS 3 : ::1
DEBUG 2018-10-22 17:14:51,086 26863ms Login                  Page_Load          - IPADRESS 3 : ::1
ERROR 2018-10-22 17:14:52,322 28099ms Login                  CheckAfterAccept   - Error occurred in CheckAfterAccept Exception is :Thread was being aborted.
ERROR 2018-10-22 17:14:52,327 28104ms Login                  LogIn              - Error occurred in LogIn Exception is :Thread was being aborted.
ERROR 2018-10-22 17:15:23,459 59236ms FluidSecureHub         lidateAndSaveFSHub - Error occurred in btnSave_Click Exception is :Thread was being aborted. Step : 50
ERROR 2018-10-22 17:15:51,644 87422ms FluidSecureHub         lidateAndSaveFSHub - Error occurred in btnSave_Click Exception is :Thread was being aborted. Step : 50
ERROR 2018-10-22 17:17:32,750 188528ms Global_asax            Application_Error  - Exception occured in  Application_Error. Exception is : Operator '&' is not defined for string "Unhandled exception occured. Exc" and type 'HttpParseException'.
DEBUG 2018-10-22 17:17:34,876 190653ms Login                  Page_Load          - IPADRESS 3 : ::1
DEBUG 2018-10-22 17:17:36,240 192017ms Login                  Page_Load          - IPADRESS 3 : ::1
ERROR 2018-10-22 17:17:36,764 192541ms Login                  CheckAfterAccept   - Error occurred in CheckAfterAccept Exception is :Thread was being aborted.
ERROR 2018-10-22 17:17:36,768 192545ms Login                  LogIn              - Error occurred in LogIn Exception is :Thread was being aborted.
ERROR 2018-10-22 17:17:40,591 196368ms Global_asax            Application_Error  - Exception occured in  Application_Error. Exception is : Operator '&' is not defined for string "Unhandled exception occured. Exc" and type 'HttpParseException'.
DEBUG 2018-10-22 17:17:56,358 212135ms Login                  Page_Load          - IPADRESS 3 : ::1
DEBUG 2018-10-22 17:17:57,530 213307ms Login                  Page_Load          - IPADRESS 3 : ::1
ERROR 2018-10-22 17:17:58,081 213859ms Login                  CheckAfterAccept   - Error occurred in CheckAfterAccept Exception is :Thread was being aborted.
ERROR 2018-10-22 17:17:58,089 213867ms Login                  LogIn              - Error occurred in LogIn Exception is :Thread was being aborted.
ERROR 2018-10-22 17:18:02,945 218722ms Global_asax            Application_Error  - Exception occured in  Application_Error. Exception is : Operator '&' is not defined for string "Unhandled exception occured. Exc" and type 'HttpParseException'.
DEBUG 2018-10-22 17:18:04,060 219837ms Login                  Page_Load          - IPADRESS 3 : ::1
DEBUG 2018-10-22 17:19:17,002  5062ms Login                  Page_Load          - IPADRESS 3 : ::1
DEBUG 2018-10-22 17:19:23,958 12018ms Login                  Page_Load          - IPADRESS 3 : ::1
ERROR 2018-10-22 17:19:25,382 13442ms Login                  CheckAfterAccept   - Error occurred in CheckAfterAccept Exception is :Thread was being aborted.
ERROR 2018-10-22 17:19:25,394 13454ms Login                  LogIn              - Error occurred in LogIn Exception is :Thread was being aborted.
ERROR 2018-10-22 17:20:36,770 84830ms Global_asax            Application_Error  - Unhandled exception occured. Exception is : System.Web.HttpParseException (0x80004005): Cannot create an object of type 'System.Int16' from its string representation '' for the 'TabIndex' property. ---> System.Web.HttpException (0x80004005): Cannot create an object of type 'System.Int16' from its string representation '' for the 'TabIndex' property.
   at System.Web.UI.PropertyConverter.ObjectFromString(Type objType, MemberInfo propertyInfo, String value)
   at System.Web.UI.ControlBuilder.AddProperty(String filter, String name, String value, Boolean mainDirectiveMode)
   at System.Web.UI.ControlBuilder.PreprocessAttribute(String filter, String attribname, String attribvalue, Boolean mainDirectiveMode, Int32 line, Int32 column)
   at System.Web.UI.ControlBuilder.PreprocessAttributes(ParsedAttributeCollection attribs)
   at System.Web.UI.ControlBuilder.Init(TemplateParser parser, ControlBuilder parentBuilder, Type type, String tagName, String id, IDictionary attribs)
   at System.Web.UI.ControlBuilder.CreateBuilderFromType(TemplateParser parser, ControlBuilder parentBuilder, Type type, String tagName, String id, IDictionary attribs, Int32 line, String sourceFileName)
   at System.Web.UI.ControlBuilder.CreateChildBuilder(String filter, String tagName, IDictionary attribs, TemplateParser parser, ControlBuilder parentBuilder, String id, Int32 line, VirtualPath virtualPath, Type& childType, Boolean defaultProperty)
   at System.Web.UI.TemplateParser.ProcessBeginTag(Match match, String inputText)
   at System.Web.UI.TemplateParser.ParseStringInternal(String text, Encoding fileEncoding)
   at System.Web.UI.TemplateParser.ProcessException(Exception ex)
   at System.Web.UI.TemplateParser.ParseStringInternal(String text, Encoding fileEncoding)
   at System.Web.UI.TemplateParser.ParseString(String text, VirtualPath virtualPath, Encoding fileEncoding)
DEBUG 2018-10-22 17:20:41,021 89081ms Login                  Page_Load          - IPADRESS 3 : ::1
DEBUG 2018-10-22 17:20:42,223 90284ms Login                  Page_Load          - IPADRESS 3 : ::1
ERROR 2018-10-22 17:20:42,822 90882ms Login                  CheckAfterAccept   - Error occurred in CheckAfterAccept Exception is :Thread was being aborted.
ERROR 2018-10-22 17:20:42,833 90893ms Login                  LogIn              - Error occurred in LogIn Exception is :Thread was being aborted.
ERROR 2018-10-22 17:20:48,924 96985ms Global_asax            Application_Error  - Unhandled exception occured. Exception is : System.Web.HttpParseException (0x80004005): Cannot create an object of type 'System.Int16' from its string representation '' for the 'TabIndex' property. ---> System.Web.HttpException (0x80004005): Cannot create an object of type 'System.Int16' from its string representation '' for the 'TabIndex' property.
   at System.Web.UI.PropertyConverter.ObjectFromString(Type objType, MemberInfo propertyInfo, String value)
   at System.Web.UI.ControlBuilder.AddProperty(String filter, String name, String value, Boolean mainDirectiveMode)
   at System.Web.UI.ControlBuilder.PreprocessAttribute(String filter, String attribname, String attribvalue, Boolean mainDirectiveMode, Int32 line, Int32 column)
   at System.Web.UI.ControlBuilder.PreprocessAttributes(ParsedAttributeCollection attribs)
   at System.Web.UI.ControlBuilder.Init(TemplateParser parser, ControlBuilder parentBuilder, Type type, String tagName, String id, IDictionary attribs)
   at System.Web.UI.ControlBuilder.CreateBuilderFromType(TemplateParser parser, ControlBuilder parentBuilder, Type type, String tagName, String id, IDictionary attribs, Int32 line, String sourceFileName)
   at System.Web.UI.ControlBuilder.CreateChildBuilder(String filter, String tagName, IDictionary attribs, TemplateParser parser, ControlBuilder parentBuilder, String id, Int32 line, VirtualPath virtualPath, Type& childType, Boolean defaultProperty)
   at System.Web.UI.TemplateParser.ProcessBeginTag(Match match, String inputText)
   at System.Web.UI.TemplateParser.ParseStringInternal(String text, Encoding fileEncoding)
   at System.Web.UI.TemplateParser.ProcessException(Exception ex)
   at System.Web.UI.TemplateParser.ParseStringInternal(String text, Encoding fileEncoding)
   at System.Web.UI.TemplateParser.ParseString(String text, VirtualPath virtualPath, Encoding fileEncoding)
DEBUG 2018-10-22 17:23:09,082  4170ms Login                  Page_Load          - IPADRESS 3 : ::1
DEBUG 2018-10-22 17:23:11,518  6606ms Login                  Page_Load          - IPADRESS 3 : ::1
ERROR 2018-10-22 17:23:12,761  7849ms Login                  CheckAfterAccept   - Error occurred in CheckAfterAccept Exception is :Thread was being aborted.
ERROR 2018-10-22 17:23:12,767  7855ms Login                  LogIn              - Error occurred in LogIn Exception is :Thread was being aborted.
ERROR 2018-10-22 17:24:50,839 105926ms FluidSecureHub         lidateAndSaveFSHub - Error occurred in btnSave_Click Exception is :Thread was being aborted. Step : 50
DEBUG 2018-10-22 18:33:55,051  4743ms Login                  Page_Load          - IPADRESS 3 : ::1
DEBUG 2018-10-22 18:35:07,215 76906ms Login                  Page_Load          - IPADRESS 3 : ::1
ERROR 2018-10-22 18:35:08,373 78064ms Login                  CheckAfterAccept   - Error occurred in CheckAfterAccept Exception is :Thread was being aborted.
ERROR 2018-10-22 18:35:08,378 78069ms Login                  LogIn              - Error occurred in LogIn Exception is :Thread was being aborted.
ERROR 2018-10-22 18:35:53,777 123468ms Personnel              lectedIndexChanged - Error occurred in DDL_Customer_SelectedIndexChanged Exception is :Input string was not in a correct format.
ERROR 2018-10-22 18:35:58,071 127763ms Personnel              lectedIndexChanged - Error occurred in DDL_Customer_SelectedIndexChanged Exception is :Input string was not in a correct format.
DEBUG 2018-10-22 18:36:34,552  4654ms Login                  Page_Load          - IPADRESS 3 : ::1
DEBUG 2018-10-22 18:36:52,415 22516ms Login                  Page_Load          - IPADRESS 3 : ::1
ERROR 2018-10-22 18:36:54,037 24138ms Login                  CheckAfterAccept   - Error occurred in CheckAfterAccept Exception is :Thread was being aborted.
ERROR 2018-10-22 18:36:54,054 24155ms Login                  LogIn              - Error occurred in LogIn Exception is :Thread was being aborted.
ERROR 2018-10-22 18:37:12,676 42777ms Personnel              lectedIndexChanged - Error occurred in DDL_Customer_SelectedIndexChanged Exception is :Input string was not in a correct format.
ERROR 2018-10-22 18:38:19,294 109396ms Personnel              lectedIndexChanged - Error occurred in DDL_Customer_SelectedIndexChanged Exception is :Input string was not in a correct format.
ERROR 2018-10-22 18:39:48,230 198331ms Personnel              lectedIndexChanged - Error occurred in DDL_Customer_SelectedIndexChanged Exception is :Input string was not in a correct format.
DEBUG 2018-10-22 18:40:05,705 11446ms Login                  Page_Load          - IPADRESS 3 : ::1
DEBUG 2018-10-22 18:40:07,405 13146ms Login                  Page_Load          - IPADRESS 3 : ::1
ERROR 2018-10-22 18:40:08,787 14528ms Login                  CheckAfterAccept   - Error occurred in CheckAfterAccept Exception is :Thread was being aborted.
ERROR 2018-10-22 18:40:08,800 14541ms Login                  LogIn              - Error occurred in LogIn Exception is :Thread was being aborted.
DEBUG 2018-10-22 18:42:11,107  5003ms Login                  Page_Load          - IPADRESS 3 : ::1
DEBUG 2018-10-22 18:42:13,847  7744ms Login                  Page_Load          - IPADRESS 3 : ::1
ERROR 2018-10-22 18:42:15,480  9376ms Login                  CheckAfterAccept   - Error occurred in CheckAfterAccept Exception is :Thread was being aborted.
ERROR 2018-10-22 18:42:15,493  9389ms Login                  LogIn              - Error occurred in LogIn Exception is :Thread was being aborted.
DEBUG 2018-10-24 16:43:18,575  5883ms Login                  Page_Load          - IPADRESS 3 : ::1
DEBUG 2018-10-24 17:19:09,142  5023ms Login                  Page_Load          - IPADRESS 3 : ::1
DEBUG 2018-10-24 17:19:11,671  7552ms Login                  Page_Load          - IPADRESS 3 : ::1
ERROR 2018-10-24 17:19:13,068  8950ms Login                  CheckAfterAccept   - Error occurred in CheckAfterAccept Exception is :Thread was being aborted.
ERROR 2018-10-24 17:19:13,085  8966ms Login                  LogIn              - Error occurred in LogIn Exception is :Thread was being aborted.
DEBUG 2018-10-24 17:22:20,078  1990ms Login                  Page_Load          - IPADRESS 3 : ::1
DEBUG 2018-10-24 17:22:29,366 11278ms Login                  Page_Load          - IPADRESS 3 : ::1
DEBUG 2018-10-24 17:22:37,454 19366ms Login                  Page_Load          - IPADRESS 3 : ::1
ERROR 2018-10-24 17:22:38,274 20186ms Login                  CheckAfterAccept   - Error occurred in CheckAfterAccept Exception is :Thread was being aborted.
ERROR 2018-10-24 17:22:38,286 20198ms Login                  LogIn              - Error occurred in LogIn Exception is :Thread was being aborted.
DEBUG 2018-10-24 17:22:51,357 33269ms Login                  Page_Load          - IPADRESS 3 : ::1
DEBUG 2018-10-24 17:23:00,592 42504ms Login                  Page_Load          - IPADRESS 3 : ::1
ERROR 2018-10-24 17:23:01,246 43158ms Login                  CheckAfterAccept   - Error occurred in CheckAfterAccept Exception is :Thread was being aborted.
ERROR 2018-10-24 17:23:01,260 43172ms Login                  LogIn              - Error occurred in LogIn Exception is :Thread was being aborted.
DEBUG 2018-10-24 17:23:43,155 85067ms Login                  Page_Load          - IPADRESS 3 : ::1
DEBUG 2018-10-24 17:23:47,791 89703ms Login                  Page_Load          - IPADRESS 3 : ::1
ERROR 2018-10-24 17:23:48,956 90867ms Login                  CheckAfterAccept   - Error occurred in CheckAfterAccept Exception is :Thread was being aborted.
ERROR 2018-10-24 17:23:48,967 90878ms Login                  LogIn              - Error occurred in LogIn Exception is :Thread was being aborted.
DEBUG 2018-10-24 17:25:23,765 185677ms Login                  Page_Load          - IPADRESS 3 : ::1
DEBUG 2018-10-24 17:25:30,187 192099ms Login                  Page_Load          - IPADRESS 3 : ::1
ERROR 2018-10-24 17:25:30,866 192778ms Login                  CheckAfterAccept   - Error occurred in CheckAfterAccept Exception is :Thread was being aborted.
ERROR 2018-10-24 17:25:30,886 192798ms Login                  LogIn              - Error occurred in LogIn Exception is :Thread was being aborted.
DEBUG 2018-10-24 17:26:55,987 277899ms Login                  Page_Load          - IPADRESS 3 : ::1
DEBUG 2018-10-24 17:26:59,881 281792ms Login                  Page_Load          - IPADRESS 3 : ::1
ERROR 2018-10-24 17:27:00,706 282618ms Login                  CheckAfterAccept   - Error occurred in CheckAfterAccept Exception is :Thread was being aborted.
ERROR 2018-10-24 17:27:00,718 282630ms Login                  LogIn              - Error occurred in LogIn Exception is :Thread was being aborted.
ERROR 2018-10-24 17:33:05,534 647446ms SpecializedExport      Page_Load          - Error occurred in Page_Load Exception is :Thread was being aborted.
DEBUG 2018-10-25 15:17:31,132  6752ms Login                  Page_Load          - IPADRESS 3 : ::1
DEBUG 2018-10-25 15:17:41,742 17363ms Login                  Page_Load          - IPADRESS 3 : ::1
ERROR 2018-10-25 15:17:43,592 19213ms Login                  CheckAfterAccept   - Error occurred in CheckAfterAccept Exception is :Thread was being aborted.
ERROR 2018-10-25 15:17:43,613 19234ms Login                  LogIn              - Error occurred in LogIn Exception is :Thread was being aborted.
ERROR 2018-10-25 15:18:45,458 81078ms MasterBAL              ctiveVehicleReport - Error occurred in GetInactiveVehicleReport Exception is :Could not find stored procedure 'usp_tt_Report_GetInactiveVehicleReport'.
ERROR 2018-10-25 15:22:06,668 282288ms MasterBAL              ctiveVehicleReport - Error occurred in GetInactiveVehicleReport Exception is :Could not find stored procedure 'usp_tt_Report_GetInactiveVehicleReport'.
DEBUG 2018-10-25 18:35:19,346  7274ms Login                  Page_Load          - IPADRESS 3 : ::1
DEBUG 2018-10-25 18:35:44,709 32638ms Login                  Page_Load          - IPADRESS 3 : ::1
ERROR 2018-10-25 18:35:45,686 33615ms Login                  CheckAfterAccept   - Error occurred in CheckAfterAccept Exception is :Thread was being aborted.
ERROR 2018-10-25 18:35:45,698 33627ms Login                  LogIn              - Error occurred in LogIn Exception is :Thread was being aborted.
DEBUG 2018-10-26 20:22:32,686  7308ms Login                  Page_Load          - IPADRESS 3 : ::1
DEBUG 2018-10-26 20:24:48,530 143152ms Login                  Page_Load          - IPADRESS 3 : ::1
ERROR 2018-10-26 20:24:49,866 144488ms Login                  CheckAfterAccept   - Error occurred in CheckAfterAccept Exception is :Thread was being aborted.
ERROR 2018-10-26 20:24:49,885 144507ms Login                  LogIn              - Error occurred in LogIn Exception is :Thread was being aborted.
DEBUG 2018-10-29 17:27:18,329  5570ms Login                  Page_Load          - IPADRESS 3 : ::1
DEBUG 2018-10-29 17:27:21,586  8826ms Login                  Page_Load          - IPADRESS 3 : ::1
ERROR 2018-10-29 17:27:22,877 10118ms Login                  CheckAfterAccept   - Error occurred in CheckAfterAccept Exception is :Thread was being aborted.
ERROR 2018-10-29 17:27:22,910 10151ms Login                  LogIn              - Error occurred in LogIn Exception is :Thread was being aborted.
DEBUG 2018-10-29 17:47:31,309  4630ms Login                  Page_Load          - IPADRESS 3 : ::1
DEBUG 2018-10-29 17:47:34,554  7875ms Login                  Page_Load          - IPADRESS 3 : ::1
ERROR 2018-10-29 17:47:38,833 12153ms Login                  CheckAfterAccept   - Error occurred in CheckAfterAccept Exception is :Thread was being aborted.
ERROR 2018-10-29 17:47:38,847 12167ms Login                  LogIn              - Error occurred in LogIn Exception is :Thread was being aborted.
DEBUG 2018-10-29 18:01:10,816  4582ms Login                  Page_Load          - IPADRESS 3 : ::1
DEBUG 2018-10-29 18:03:01,180 114946ms Login                  Page_Load          - IPADRESS 3 : ::1
ERROR 2018-10-29 18:03:04,873 118639ms Login                  CheckAfterAccept   - Error occurred in CheckAfterAccept Exception is :Thread was being aborted.
ERROR 2018-10-29 18:03:04,886 118652ms Login                  LogIn              - Error occurred in LogIn Exception is :Thread was being aborted.
DEBUG 2018-10-31 17:21:08,398  7968ms Login                  Page_Load          - IPADRESS 3 : ::1
DEBUG 2018-10-31 17:21:29,783 29353ms Login                  Page_Load          - IPADRESS 3 : ::1
ERROR 2018-10-31 17:21:31,835 31404ms Login                  CheckAfterAccept   - Error occurred in CheckAfterAccept Exception is :Thread was being aborted.
ERROR 2018-10-31 17:21:31,866 31436ms Login                  LogIn              - Error occurred in LogIn Exception is :Thread was being aborted.
ERROR 2018-10-31 17:21:42,430 42000ms Global_asax            Application_Error  - Exception occured in  Application_Error. Exception is : Object reference not set to an instance of an object.
DEBUG 2018-10-31 17:21:48,531 48101ms Login                  Page_Load          - IPADRESS 3 : ::1
DEBUG 2018-10-31 17:22:06,743 66313ms Login                  Page_Load          - IPADRESS 3 : ::1
ERROR 2018-10-31 17:22:07,478 67047ms Login                  CheckAfterAccept   - Error occurred in CheckAfterAccept Exception is :Thread was being aborted.
ERROR 2018-10-31 17:22:07,493 67063ms Login                  LogIn              - Error occurred in LogIn Exception is :Thread was being aborted.
DEBUG 2018-10-31 17:24:14,772  4561ms Login                  Page_Load          - IPADRESS 3 : ::1
ERROR 2018-10-31 17:24:21,050 10838ms InventoryForecast      Page_Load          - Error occurred in Page_Load Exception is :Thread was being aborted.
DEBUG 2018-10-31 17:24:25,068 14856ms Login                  Page_Load          - IPADRESS 3 : ::1
ERROR 2018-10-31 17:24:26,555 16344ms Login                  CheckAfterAccept   - Error occurred in CheckAfterAccept Exception is :Thread was being aborted.
ERROR 2018-10-31 17:24:26,571 16359ms Login                  LogIn              - Error occurred in LogIn Exception is :Thread was being aborted.
DEBUG 2018-10-31 17:52:09,893  5575ms Login                  Page_Load          - IPADRESS 3 : ::1
DEBUG 2018-10-31 17:54:34,715 150397ms Login                  Page_Load          - IPADRESS 3 : ::1
ERROR 2018-10-31 17:54:36,028 151710ms Login                  CheckAfterAccept   - Error occurred in CheckAfterAccept Exception is :Thread was being aborted.
ERROR 2018-10-31 17:54:36,043 151726ms Login                  LogIn              - Error occurred in LogIn Exception is :Thread was being aborted.
ERROR 2018-10-31 17:55:22,223 197906ms nventoryForecastReport Page_Load          - Error occurred in Page_Load Exception is :An error occurred during local report processing.
ERROR 2018-10-31 17:57:52,526 348208ms nventoryForecastReport Page_Load          - Error occurred in Page_Load Exception is :An error occurred during local report processing.
DEBUG 2018-10-31 19:56:49,336  9309ms Login                  Page_Load          - IPADRESS 3 : ::1
DEBUG 2018-10-31 19:56:58,752 18724ms Login                  Page_Load          - IPADRESS 3 : ::1
ERROR 2018-10-31 19:56:59,798 19770ms Login                  CheckAfterAccept   - Error occurred in CheckAfterAccept Exception is :Thread was being aborted.
ERROR 2018-10-31 19:56:59,821 19793ms Login                  LogIn              - Error occurred in LogIn Exception is :Thread was being aborted.
DEBUG 2018-11-02 15:46:48,389  8148ms Login                  Page_Load          - IPADRESS 3 : ::1
DEBUG 2018-11-02 15:47:11,347 31106ms Login                  Page_Load          - IPADRESS 3 : ::1
ERROR 2018-11-02 15:47:12,643 32402ms Login                  CheckAfterAccept   - Error occurred in CheckAfterAccept Exception is :Thread was being aborted.
ERROR 2018-11-02 15:47:12,673 32432ms Login                  LogIn              - Error occurred in LogIn Exception is :Thread was being aborted.
DEBUG 2018-11-02 15:50:15,548  4808ms Login                  Page_Load          - IPADRESS 3 : ::1
DEBUG 2018-11-02 15:50:18,846  8106ms Login                  Page_Load          - IPADRESS 3 : ::1
ERROR 2018-11-02 15:50:20,225  9485ms Login                  CheckAfterAccept   - Error occurred in CheckAfterAccept Exception is :Thread was being aborted.
ERROR 2018-11-02 15:50:20,242  9502ms Login                  LogIn              - Error occurred in LogIn Exception is :Thread was being aborted.
DEBUG 2018-11-02 17:51:24,217 10841ms Login                  Page_Load          - IPADRESS 3 : ::1
DEBUG 2018-11-02 17:51:34,869 21493ms Login                  Page_Load          - IPADRESS 3 : ::1
ERROR 2018-11-02 17:51:37,545 24170ms Login                  CheckAfterAccept   - Error occurred in CheckAfterAccept Exception is :Thread was being aborted.
ERROR 2018-11-02 17:51:37,558 24183ms Login                  LogIn              - Error occurred in LogIn Exception is :Thread was being aborted.
DEBUG 2018-11-02 18:47:15,302  7591ms Login                  Page_Load          - IPADRESS 3 : ::1
DEBUG 2018-11-02 18:47:19,021 11309ms Login                  Page_Load          - IPADRESS 3 : ::1
ERROR 2018-11-02 18:47:19,927 12215ms Login                  CheckAfterAccept   - Error occurred in CheckAfterAccept Exception is :Thread was being aborted.
ERROR 2018-11-02 18:47:19,940 12228ms Login                  LogIn              - Error occurred in LogIn Exception is :Thread was being aborted.
DEBUG 2018-11-02 18:58:41,923  5633ms Login                  Page_Load          - IPADRESS 3 : ::1
DEBUG 2018-11-02 18:59:31,417 55127ms Login                  Page_Load          - IPADRESS 3 : ::1
ERROR 2018-11-02 18:59:32,504 56214ms Login                  CheckAfterAccept   - Error occurred in CheckAfterAccept Exception is :Thread was being aborted.
ERROR 2018-11-02 18:59:32,516 56226ms Login                  LogIn              - Error occurred in LogIn Exception is :Thread was being aborted.
DEBUG 2018-11-02 19:23:05,702  6759ms Login                  Page_Load          - IPADRESS 3 : ::1
DEBUG 2018-11-02 19:23:11,113 12170ms Login                  Page_Load          - IPADRESS 3 : ::1
ERROR 2018-11-02 19:23:14,163 15220ms Login                  CheckAfterAccept   - Error occurred in CheckAfterAccept Exception is :Thread was being aborted.
ERROR 2018-11-02 19:23:14,188 15245ms Login                  LogIn              - Error occurred in LogIn Exception is :Thread was being aborted.
DEBUG 2018-11-02 19:28:18,651  5258ms Login                  Page_Load          - IPADRESS 3 : ::1
DEBUG 2018-11-02 19:33:10,848 297454ms Login                  Page_Load          - IPADRESS 3 : ::1
ERROR 2018-11-02 19:33:11,943 298549ms Login                  CheckAfterAccept   - Error occurred in CheckAfterAccept Exception is :Thread was being aborted.
ERROR 2018-11-02 19:33:11,955 298561ms Login                  LogIn              - Error occurred in LogIn Exception is :Thread was being aborted.
ERROR 2018-11-02 19:33:49,254 335860ms Shipment               ateAndSaveShipment - Error occurred in btnSave_Click Exception is :Thread was being aborted.
DEBUG 2018-11-05 14:52:35,169  6587ms Login                  Page_Load          - IPADRESS 3 : ::1
DEBUG 2018-11-05 14:52:43,979 15398ms Login                  Page_Load          - IPADRESS 3 : ::1
ERROR 2018-11-05 14:52:45,152 16570ms Login                  CheckAfterAccept   - Error occurred in CheckAfterAccept Exception is :Thread was being aborted.
ERROR 2018-11-05 14:52:45,167 16585ms Login                  LogIn              - Error occurred in LogIn Exception is :Thread was being aborted.
